# JRE version: OpenJDK Runtime Environment (21.0.3) (build 21.0.3+-12282718-b509.11)
# Java VM: OpenJDK 64-Bit Server VM (21.0.3+-12282718-b509.11, mixed mode, tiered, compressed oops, compressed class ptrs, g1 gc, windows-amd64)
GC Precious Log:
 CardTable entry size: 512
 Card Set container configuration: InlinePtr #cards 4 size 8 Array Of Cards #cards 16 size 48 Howl #buckets 8 coarsen threshold 3686 Howl Bitmap #cards 512 size 80 coarsen threshold 460 Card regions per heap region 1 cards per card region 4096
 CPUs: 12 total, 12 available
 Memory: 16197M
 Large Page Support: Disabled
 NUMA Support: Disabled
 Compressed Oops: Enabled (Zero based)
 Heap Region Size: 2M
 Heap Min Capacity: 8M
 Heap Initial Capacity: 254M
 Heap Max Capacity: 4050M
 Pre-touch: Disabled
 Parallel Workers: 10
 Concurrent Workers: 3
 Concurrent Refinement Workers: 10
 Periodic GC: Disabled
Heap:
 garbage-first heap   total 221184K, used 181197K [0x0000000702e00000, 0x0000000800000000)
  region size 2048K, 35 young (71680K), 4 survivors (8192K)
 Metaspace       used 59333K, committed 59648K, reserved 1114112K
  class space    used 6566K, committed 6720K, reserved 1048576K
GC Heap History (20 events):
Event: 0.952 GC heap after
{Heap after GC invocations=6 (full 0):
 garbage-first heap   total 53248K, used 25652K [0x0000000702e00000, 0x0000000800000000)
  region size 2048K, 1 young (2048K), 1 survivors (2048K)
 Metaspace       used 29194K, committed 29376K, reserved 1114112K
  class space    used 3618K, committed 3712K, reserved 1048576K
}
Event: 1.082 GC heap before
{Heap before GC invocations=6 (full 0):
 garbage-first heap   total 53248K, used 39988K [0x0000000702e00000, 0x0000000800000000)
  region size 2048K, 9 young (18432K), 1 survivors (2048K)
 Metaspace       used 32711K, committed 33024K, reserved 1114112K
  class space    used 3992K, committed 4160K, reserved 1048576K
}
Event: 1.084 GC heap after
{Heap after GC invocations=7 (full 0):
 garbage-first heap   total 53248K, used 27111K [0x0000000702e00000, 0x0000000800000000)
  region size 2048K, 2 young (4096K), 2 survivors (4096K)
 Metaspace       used 32711K, committed 33024K, reserved 1114112K
  class space    used 3992K, committed 4160K, reserved 1048576K
}
Event: 1.194 GC heap before
{Heap before GC invocations=8 (full 0):
 garbage-first heap   total 53248K, used 39399K [0x0000000702e00000, 0x0000000800000000)
  region size 2048K, 9 young (18432K), 2 survivors (4096K)
 Metaspace       used 36204K, committed 36480K, reserved 1114112K
  class space    used 4338K, committed 4480K, reserved 1048576K
}
Event: 1.196 GC heap after
{Heap after GC invocations=9 (full 0):
 garbage-first heap   total 53248K, used 27753K [0x0000000702e00000, 0x0000000800000000)
  region size 2048K, 2 young (4096K), 2 survivors (4096K)
 Metaspace       used 36204K, committed 36480K, reserved 1114112K
  class space    used 4338K, committed 4480K, reserved 1048576K
}
Event: 1.349 GC heap before
{Heap before GC invocations=9 (full 0):
 garbage-first heap   total 53248K, used 40041K [0x0000000702e00000, 0x0000000800000000)
  region size 2048K, 9 young (18432K), 2 survivors (4096K)
 Metaspace       used 39145K, committed 39488K, reserved 1114112K
  class space    used 4606K, committed 4736K, reserved 1048576K
}
Event: 1.354 GC heap after
{Heap after GC invocations=10 (full 0):
 garbage-first heap   total 157696K, used 28701K [0x0000000702e00000, 0x0000000800000000)
  region size 2048K, 2 young (4096K), 2 survivors (4096K)
 Metaspace       used 39145K, committed 39488K, reserved 1114112K
  class space    used 4606K, committed 4736K, reserved 1048576K
}
Event: 1.904 GC heap before
{Heap before GC invocations=10 (full 0):
 garbage-first heap   total 157696K, used 116765K [0x0000000702e00000, 0x0000000800000000)
  region size 2048K, 46 young (94208K), 2 survivors (4096K)
 Metaspace       used 42579K, committed 42816K, reserved 1114112K
  class space    used 4900K, committed 4992K, reserved 1048576K
}
Event: 1.920 GC heap after
{Heap after GC invocations=11 (full 0):
 garbage-first heap   total 157696K, used 53248K [0x0000000702e00000, 0x0000000800000000)
  region size 2048K, 6 young (12288K), 6 survivors (12288K)
 Metaspace       used 42579K, committed 42816K, reserved 1114112K
  class space    used 4900K, committed 4992K, reserved 1048576K
}
Event: 2.318 GC heap before
{Heap before GC invocations=11 (full 0):
 garbage-first heap   total 157696K, used 106496K [0x0000000702e00000, 0x0000000800000000)
  region size 2048K, 32 young (65536K), 6 survivors (12288K)
 Metaspace       used 47449K, committed 47680K, reserved 1114112K
  class space    used 5393K, committed 5504K, reserved 1048576K
}
Event: 2.333 GC heap after
{Heap after GC invocations=12 (full 0):
 garbage-first heap   total 157696K, used 64512K [0x0000000702e00000, 0x0000000800000000)
  region size 2048K, 4 young (8192K), 4 survivors (8192K)
 Metaspace       used 47449K, committed 47680K, reserved 1114112K
  class space    used 5393K, committed 5504K, reserved 1048576K
}
Event: 2.472 GC heap before
{Heap before GC invocations=12 (full 0):
 garbage-first heap   total 157696K, used 115712K [0x0000000702e00000, 0x0000000800000000)
  region size 2048K, 29 young (59392K), 4 survivors (8192K)
 Metaspace       used 48167K, committed 48448K, reserved 1114112K
  class space    used 5433K, committed 5568K, reserved 1048576K
}
Event: 2.483 GC heap after
{Heap after GC invocations=13 (full 0):
 garbage-first heap   total 157696K, used 81810K [0x0000000702e00000, 0x0000000800000000)
  region size 2048K, 4 young (8192K), 4 survivors (8192K)
 Metaspace       used 48167K, committed 48448K, reserved 1114112K
  class space    used 5433K, committed 5568K, reserved 1048576K
}
Event: 2.651 GC heap before
{Heap before GC invocations=13 (full 0):
 garbage-first heap   total 157696K, used 122770K [0x0000000702e00000, 0x0000000800000000)
  region size 2048K, 24 young (49152K), 4 survivors (8192K)
 Metaspace       used 49851K, committed 50112K, reserved 1114112K
  class space    used 5605K, committed 5696K, reserved 1048576K
}
Event: 2.657 GC heap after
{Heap after GC invocations=14 (full 0):
 garbage-first heap   total 221184K, used 93184K [0x0000000702e00000, 0x0000000800000000)
  region size 2048K, 3 young (6144K), 3 survivors (6144K)
 Metaspace       used 49851K, committed 50112K, reserved 1114112K
  class space    used 5605K, committed 5696K, reserved 1048576K
}
Event: 3.410 GC heap before
{Heap before GC invocations=15 (full 0):
 garbage-first heap   total 221184K, used 166912K [0x0000000702e00000, 0x0000000800000000)
  region size 2048K, 39 young (79872K), 3 survivors (6144K)
 Metaspace       used 56794K, committed 57088K, reserved 1114112K
  class space    used 6444K, committed 6592K, reserved 1048576K
}
Event: 3.418 GC heap after
{Heap after GC invocations=16 (full 0):
 garbage-first heap   total 221184K, used 104448K [0x0000000702e00000, 0x0000000800000000)
  region size 2048K, 5 young (10240K), 5 survivors (10240K)
 Metaspace       used 56794K, committed 57088K, reserved 1114112K
  class space    used 6444K, committed 6592K, reserved 1048576K
}
Event: 4.012 GC heap before
{Heap before GC invocations=16 (full 0):
 garbage-first heap   total 221184K, used 176128K [0x0000000702e00000, 0x0000000800000000)
  region size 2048K, 40 young (81920K), 5 survivors (10240K)
 Metaspace       used 58618K, committed 58944K, reserved 1114112K
  class space    used 6532K, committed 6656K, reserved 1048576K
}
Event: 4.026 GC heap after
{Heap after GC invocations=17 (full 0):
 garbage-first heap   total 221184K, used 117709K [0x0000000702e00000, 0x0000000800000000)
  region size 2048K, 5 young (10240K), 5 survivors (10240K)
 Metaspace       used 58618K, committed 58944K, reserved 1114112K
  class space    used 6532K, committed 6656K, reserved 1048576K
}
Event: 4.679 GC heap before
{Heap before GC invocations=17 (full 0):
 garbage-first heap   total 221184K, used 181197K [0x0000000702e00000, 0x0000000800000000)
  region size 2048K, 36 young (73728K), 5 survivors (10240K)
 Metaspace       used 59333K, committed 59648K, reserved 1114112K
  class space    used 6566K, committed 6720K, reserved 1048576K
}

