# JRE version: OpenJDK Runtime Environment (21.0.3) (build 21.0.3+-12282718-b509.11)
# Java VM: OpenJDK 64-Bit Server VM (21.0.3+-12282718-b509.11, mixed mode, tiered, compressed oops, compressed class ptrs, g1 gc, windows-amd64)
GC Precious Log:
 CardTable entry size: 512
 Card Set container configuration: InlinePtr #cards 4 size 8 Array Of Cards #cards 16 size 48 Howl #buckets 8 coarsen threshold 3686 Howl Bitmap #cards 512 size 80 coarsen threshold 460 Card regions per heap region 1 cards per card region 4096
 CPUs: 12 total, 12 available
 Memory: 16197M
 Large Page Support: Disabled
 NUMA Support: Disabled
 Compressed Oops: Enabled (Zero based)
 Heap Region Size: 2M
 Heap Min Capacity: 8M
 Heap Initial Capacity: 254M
 Heap Max Capacity: 4050M
 Pre-touch: Disabled
 Parallel Workers: 10
 Concurrent Workers: 3
 Concurrent Refinement Workers: 10
 Periodic GC: Disabled
Heap:
 garbage-first heap   total 196608K, used 125514K [0x0000000702e00000, 0x0000000800000000)
  region size 2048K, 16 young (32768K), 4 survivors (8192K)
 Metaspace       used 55944K, committed 56192K, reserved 1114112K
  class space    used 6172K, committed 6272K, reserved 1048576K
GC Heap History (20 events):
Event: 1.541 GC heap before
{Heap before GC invocations=10 (full 0):
 garbage-first heap   total 90112K, used 63726K [0x0000000702e00000, 0x0000000800000000)
  region size 2048K, 19 young (38912K), 4 survivors (8192K)
 Metaspace       used 44910K, committed 45184K, reserved 1114112K
  class space    used 5185K, committed 5312K, reserved 1048576K
}
Event: 1.551 GC heap after
{Heap after GC invocations=11 (full 0):
 garbage-first heap   total 90112K, used 39570K [0x0000000702e00000, 0x0000000800000000)
  region size 2048K, 2 young (4096K), 2 survivors (4096K)
 Metaspace       used 44910K, committed 45184K, reserved 1114112K
  class space    used 5185K, committed 5312K, reserved 1048576K
}
Event: 1.719 GC heap before
{Heap before GC invocations=11 (full 0):
 garbage-first heap   total 90112K, used 68242K [0x0000000702e00000, 0x0000000800000000)
  region size 2048K, 16 young (32768K), 2 survivors (4096K)
 Metaspace       used 46816K, committed 47040K, reserved 1114112K
  class space    used 5370K, committed 5504K, reserved 1048576K
}
Event: 1.727 GC heap after
{Heap after GC invocations=12 (full 0):
 garbage-first heap   total 90112K, used 46620K [0x0000000702e00000, 0x0000000800000000)
  region size 2048K, 2 young (4096K), 2 survivors (4096K)
 Metaspace       used 46816K, committed 47040K, reserved 1114112K
  class space    used 5370K, committed 5504K, reserved 1048576K
}
Event: 1.784 GC heap before
{Heap before GC invocations=12 (full 0):
 garbage-first heap   total 90112K, used 73244K [0x0000000702e00000, 0x0000000800000000)
  region size 2048K, 15 young (30720K), 2 survivors (4096K)
 Metaspace       used 47284K, committed 47552K, reserved 1114112K
  class space    used 5399K, committed 5504K, reserved 1048576K
}
Event: 1.792 GC heap after
{Heap after GC invocations=13 (full 0):
 garbage-first heap   total 118784K, used 57002K [0x0000000702e00000, 0x0000000800000000)
  region size 2048K, 2 young (4096K), 2 survivors (4096K)
 Metaspace       used 47284K, committed 47552K, reserved 1114112K
  class space    used 5399K, committed 5504K, reserved 1048576K
}
Event: 1.881 GC heap before
{Heap before GC invocations=14 (full 0):
 garbage-first heap   total 118784K, used 91818K [0x0000000702e00000, 0x0000000800000000)
  region size 2048K, 19 young (38912K), 2 survivors (4096K)
 Metaspace       used 47454K, committed 47744K, reserved 1114112K
  class space    used 5406K, committed 5568K, reserved 1048576K
}
Event: 1.888 GC heap after
{Heap after GC invocations=15 (full 0):
 garbage-first heap   total 118784K, used 69390K [0x0000000702e00000, 0x0000000800000000)
  region size 2048K, 3 young (6144K), 3 survivors (6144K)
 Metaspace       used 47454K, committed 47744K, reserved 1114112K
  class space    used 5406K, committed 5568K, reserved 1048576K
}
Event: 2.071 GC heap before
{Heap before GC invocations=15 (full 0):
 garbage-first heap   total 118784K, used 96014K [0x0000000702e00000, 0x0000000800000000)
  region size 2048K, 16 young (32768K), 3 survivors (6144K)
 Metaspace       used 50783K, committed 51072K, reserved 1114112K
  class space    used 5791K, committed 5888K, reserved 1048576K
}
Event: 2.078 GC heap after
{Heap after GC invocations=16 (full 0):
 garbage-first heap   total 118784K, used 73728K [0x0000000702e00000, 0x0000000800000000)
  region size 2048K, 2 young (4096K), 2 survivors (4096K)
 Metaspace       used 50783K, committed 51072K, reserved 1114112K
  class space    used 5791K, committed 5888K, reserved 1048576K
}
Event: 2.281 GC heap before
{Heap before GC invocations=16 (full 0):
 garbage-first heap   total 118784K, used 100352K [0x0000000702e00000, 0x0000000800000000)
  region size 2048K, 15 young (30720K), 2 survivors (4096K)
 Metaspace       used 52264K, committed 52544K, reserved 1114112K
  class space    used 5965K, committed 6080K, reserved 1048576K
}
Event: 2.287 GC heap after
{Heap after GC invocations=17 (full 0):
 garbage-first heap   total 118784K, used 78604K [0x0000000702e00000, 0x0000000800000000)
  region size 2048K, 2 young (4096K), 2 survivors (4096K)
 Metaspace       used 52264K, committed 52544K, reserved 1114112K
  class space    used 5965K, committed 6080K, reserved 1048576K
}
Event: 2.512 GC heap before
{Heap before GC invocations=18 (full 0):
 garbage-first heap   total 137216K, used 101132K [0x0000000702e00000, 0x0000000800000000)
  region size 2048K, 13 young (26624K), 2 survivors (4096K)
 Metaspace       used 53297K, committed 53568K, reserved 1114112K
  class space    used 6025K, committed 6144K, reserved 1048576K
}
Event: 2.517 GC heap after
{Heap after GC invocations=19 (full 0):
 garbage-first heap   total 137216K, used 83942K [0x0000000702e00000, 0x0000000800000000)
  region size 2048K, 2 young (4096K), 2 survivors (4096K)
 Metaspace       used 53297K, committed 53568K, reserved 1114112K
  class space    used 6025K, committed 6144K, reserved 1048576K
}
Event: 2.712 GC heap before
{Heap before GC invocations=19 (full 0):
 garbage-first heap   total 137216K, used 116710K [0x0000000702e00000, 0x0000000800000000)
  region size 2048K, 18 young (36864K), 2 survivors (4096K)
 Metaspace       used 54074K, committed 54400K, reserved 1114112K
  class space    used 6080K, committed 6208K, reserved 1048576K
}
Event: 2.718 GC heap after
{Heap after GC invocations=20 (full 0):
 garbage-first heap   total 196608K, used 87692K [0x0000000702e00000, 0x0000000800000000)
  region size 2048K, 3 young (6144K), 3 survivors (6144K)
 Metaspace       used 54074K, committed 54400K, reserved 1114112K
  class space    used 6080K, committed 6208K, reserved 1048576K
}
Event: 3.308 GC heap before
{Heap before GC invocations=20 (full 0):
 garbage-first heap   total 196608K, used 159372K [0x0000000702e00000, 0x0000000800000000)
  region size 2048K, 38 young (77824K), 3 survivors (6144K)
 Metaspace       used 55340K, committed 55616K, reserved 1114112K
  class space    used 6154K, committed 6272K, reserved 1048576K
}
Event: 3.314 GC heap after
{Heap after GC invocations=21 (full 0):
 garbage-first heap   total 196608K, used 95337K [0x0000000702e00000, 0x0000000800000000)
  region size 2048K, 5 young (10240K), 5 survivors (10240K)
 Metaspace       used 55340K, committed 55616K, reserved 1114112K
  class space    used 6154K, committed 6272K, reserved 1048576K
}
Event: 3.712 GC heap before
{Heap before GC invocations=21 (full 0):
 garbage-first heap   total 196608K, used 164969K [0x0000000702e00000, 0x0000000800000000)
  region size 2048K, 39 young (79872K), 5 survivors (10240K)
 Metaspace       used 55835K, committed 56128K, reserved 1114112K
  class space    used 6171K, committed 6272K, reserved 1048576K
}
Event: 3.720 GC heap after
{Heap after GC invocations=22 (full 0):
 garbage-first heap   total 196608K, used 102986K [0x0000000702e00000, 0x0000000800000000)
  region size 2048K, 4 young (8192K), 4 survivors (8192K)
 Metaspace       used 55835K, committed 56128K, reserved 1114112K
  class space    used 6171K, committed 6272K, reserved 1048576K
}

