# JRE version: OpenJDK Runtime Environment (21.0.3) (build 21.0.3+-12282718-b509.11)
# Java VM: OpenJDK 64-Bit Server VM (21.0.3+-12282718-b509.11, mixed mode, tiered, compressed oops, compressed class ptrs, g1 gc, windows-amd64)
GC Precious Log:
 CardTable entry size: 512
 Card Set container configuration: InlinePtr #cards 4 size 8 Array Of Cards #cards 16 size 48 Howl #buckets 8 coarsen threshold 3686 Howl Bitmap #cards 512 size 80 coarsen threshold 460 Card regions per heap region 1 cards per card region 4096
 CPUs: 12 total, 12 available
 Memory: 16197M
 Large Page Support: Disabled
 NUMA Support: Disabled
 Compressed Oops: Enabled (Zero based)
 Heap Region Size: 2M
 Heap Min Capacity: 8M
 Heap Initial Capacity: 254M
 Heap Max Capacity: 4050M
 Pre-touch: Disabled
 Parallel Workers: 10
 Concurrent Workers: 3
 Concurrent Refinement Workers: 10
 Periodic GC: Disabled
Heap:
 garbage-first heap   total 415744K, used 229612K [0x0000000702e00000, 0x0000000800000000)
  region size 2048K, 6 young (12288K), 4 survivors (8192K)
 Metaspace       used 84575K, committed 84992K, reserved 1179648K
  class space    used 8647K, committed 8832K, reserved 1048576K
GC Heap History (20 events):
Event: 4.521 GC heap before
{Heap before GC invocations=18 (full 0):
 garbage-first heap   total 278528K, used 216771K [0x0000000702e00000, 0x0000000800000000)
  region size 2048K, 55 young (112640K), 7 survivors (14336K)
 Metaspace       used 59616K, committed 59968K, reserved 1114112K
  class space    used 6573K, committed 6720K, reserved 1048576K
}
Event: 4.527 GC heap after
{Heap after GC invocations=19 (full 0):
 garbage-first heap   total 278528K, used 125798K [0x0000000702e00000, 0x0000000800000000)
  region size 2048K, 4 young (8192K), 4 survivors (8192K)
 Metaspace       used 59616K, committed 59968K, reserved 1114112K
  class space    used 6573K, committed 6720K, reserved 1048576K
}
Event: 5.036 GC heap before
{Heap before GC invocations=19 (full 0):
 garbage-first heap   total 278528K, used 228198K [0x0000000702e00000, 0x0000000800000000)
  region size 2048K, 54 young (110592K), 4 survivors (8192K)
 Metaspace       used 60030K, committed 60352K, reserved 1114112K
  class space    used 6587K, committed 6720K, reserved 1048576K
}
Event: 5.041 GC heap after
{Heap after GC invocations=20 (full 0):
 garbage-first heap   total 335872K, used 131803K [0x0000000702e00000, 0x0000000800000000)
  region size 2048K, 7 young (14336K), 7 survivors (14336K)
 Metaspace       used 60030K, committed 60352K, reserved 1114112K
  class space    used 6587K, committed 6720K, reserved 1048576K
}
Event: 5.137 GC heap before
{Heap before GC invocations=20 (full 0):
 garbage-first heap   total 335872K, used 150235K [0x0000000702e00000, 0x0000000800000000)
  region size 2048K, 17 young (34816K), 7 survivors (14336K)
 Metaspace       used 60115K, committed 60480K, reserved 1114112K
  class space    used 6592K, committed 6720K, reserved 1048576K
}
Event: 5.144 GC heap after
{Heap after GC invocations=21 (full 0):
 garbage-first heap   total 335872K, used 134698K [0x0000000702e00000, 0x0000000800000000)
  region size 2048K, 5 young (10240K), 5 survivors (10240K)
 Metaspace       used 60115K, committed 60480K, reserved 1114112K
  class space    used 6592K, committed 6720K, reserved 1048576K
}
Event: 5.813 GC heap before
{Heap before GC invocations=22 (full 0):
 garbage-first heap   total 335872K, used 278058K [0x0000000702e00000, 0x0000000800000000)
  region size 2048K, 75 young (153600K), 5 survivors (10240K)
 Metaspace       used 60372K, committed 60672K, reserved 1114112K
  class space    used 6603K, committed 6720K, reserved 1048576K
}
Event: 5.821 GC heap after
{Heap after GC invocations=23 (full 0):
 garbage-first heap   total 335872K, used 142899K [0x0000000702e00000, 0x0000000800000000)
  region size 2048K, 9 young (18432K), 9 survivors (18432K)
 Metaspace       used 60372K, committed 60672K, reserved 1114112K
  class space    used 6603K, committed 6720K, reserved 1048576K
}
Event: 6.674 GC heap before
{Heap before GC invocations=23 (full 0):
 garbage-first heap   total 335872K, used 286259K [0x0000000702e00000, 0x0000000800000000)
  region size 2048K, 79 young (161792K), 9 survivors (18432K)
 Metaspace       used 64369K, committed 64640K, reserved 1114112K
  class space    used 6925K, committed 7040K, reserved 1048576K
}
Event: 6.692 GC heap after
{Heap after GC invocations=24 (full 0):
 garbage-first heap   total 335872K, used 153316K [0x0000000702e00000, 0x0000000800000000)
  region size 2048K, 10 young (20480K), 10 survivors (20480K)
 Metaspace       used 64369K, committed 64640K, reserved 1114112K
  class space    used 6925K, committed 7040K, reserved 1048576K
}
Event: 7.522 GC heap before
{Heap before GC invocations=24 (full 0):
 garbage-first heap   total 335872K, used 292580K [0x0000000702e00000, 0x0000000800000000)
  region size 2048K, 78 young (159744K), 10 survivors (20480K)
 Metaspace       used 69186K, committed 69504K, reserved 1114112K
  class space    used 7320K, committed 7488K, reserved 1048576K
}
Event: 7.536 GC heap after
{Heap after GC invocations=25 (full 0):
 garbage-first heap   total 335872K, used 166642K [0x0000000702e00000, 0x0000000800000000)
  region size 2048K, 7 young (14336K), 7 survivors (14336K)
 Metaspace       used 69186K, committed 69504K, reserved 1114112K
  class space    used 7320K, committed 7488K, reserved 1048576K
}
Event: 8.029 GC heap before
{Heap before GC invocations=25 (full 0):
 garbage-first heap   total 335872K, used 223986K [0x0000000702e00000, 0x0000000800000000)
  region size 2048K, 36 young (73728K), 7 survivors (14336K)
 Metaspace       used 73415K, committed 73792K, reserved 1179648K
  class space    used 7653K, committed 7808K, reserved 1048576K
}
Event: 8.038 GC heap after
{Heap after GC invocations=26 (full 0):
 garbage-first heap   total 335872K, used 177331K [0x0000000702e00000, 0x0000000800000000)
  region size 2048K, 6 young (12288K), 6 survivors (12288K)
 Metaspace       used 73415K, committed 73792K, reserved 1179648K
  class space    used 7653K, committed 7808K, reserved 1048576K
}
Event: 8.876 GC heap before
{Heap before GC invocations=27 (full 0):
 garbage-first heap   total 335872K, used 298163K [0x0000000702e00000, 0x0000000800000000)
  region size 2048K, 65 young (133120K), 6 survivors (12288K)
 Metaspace       used 78314K, committed 78592K, reserved 1179648K
  class space    used 8069K, committed 8192K, reserved 1048576K
}
Event: 8.888 GC heap after
{Heap after GC invocations=28 (full 0):
 garbage-first heap   total 335872K, used 196324K [0x0000000702e00000, 0x0000000800000000)
  region size 2048K, 9 young (18432K), 9 survivors (18432K)
 Metaspace       used 78314K, committed 78592K, reserved 1179648K
  class space    used 8069K, committed 8192K, reserved 1048576K
}
Event: 9.302 GC heap before
{Heap before GC invocations=28 (full 0):
 garbage-first heap   total 335872K, used 298724K [0x0000000702e00000, 0x0000000800000000)
  region size 2048K, 59 young (120832K), 9 survivors (18432K)
 Metaspace       used 79230K, committed 79616K, reserved 1179648K
  class space    used 8149K, committed 8320K, reserved 1048576K
}
Event: 9.317 GC heap after
{Heap after GC invocations=29 (full 0):
 garbage-first heap   total 346112K, used 219181K [0x0000000702e00000, 0x0000000800000000)
  region size 2048K, 8 young (16384K), 8 survivors (16384K)
 Metaspace       used 79230K, committed 79616K, reserved 1179648K
  class space    used 8149K, committed 8320K, reserved 1048576K
}
Event: 9.873 GC heap before
{Heap before GC invocations=29 (full 0):
 garbage-first heap   total 346112K, used 301101K [0x0000000702e00000, 0x0000000800000000)
  region size 2048K, 48 young (98304K), 8 survivors (16384K)
 Metaspace       used 83646K, committed 84032K, reserved 1179648K
  class space    used 8565K, committed 8704K, reserved 1048576K
}
Event: 9.883 GC heap after
{Heap after GC invocations=30 (full 0):
 garbage-first heap   total 415744K, used 227564K [0x0000000702e00000, 0x0000000800000000)
  region size 2048K, 4 young (8192K), 4 survivors (8192K)
 Metaspace       used 83646K, committed 84032K, reserved 1179648K
  class space    used 8565K, committed 8704K, reserved 1048576K
}

