# JRE version: OpenJDK Runtime Environment (21.0.3) (build 21.0.3+-12282718-b509.11)
# Java VM: OpenJDK 64-Bit Server VM (21.0.3+-12282718-b509.11, mixed mode, tiered, compressed oops, compressed class ptrs, g1 gc, windows-amd64)
GC Precious Log:
 CardTable entry size: 512
 Card Set container configuration: InlinePtr #cards 4 size 8 Array Of Cards #cards 16 size 48 Howl #buckets 8 coarsen threshold 3686 Howl Bitmap #cards 512 size 80 coarsen threshold 460 Card regions per heap region 1 cards per card region 4096
 CPUs: 12 total, 12 available
 Memory: 16197M
 Large Page Support: Disabled
 NUMA Support: Disabled
 Compressed Oops: Enabled (Zero based)
 Heap Region Size: 2M
 Heap Min Capacity: 8M
 Heap Initial Capacity: 254M
 Heap Max Capacity: 4050M
 Pre-touch: Disabled
 Parallel Workers: 10
 Concurrent Workers: 3
 Concurrent Refinement Workers: 10
 Periodic GC: Disabled
Heap:
 garbage-first heap   total 53248K, used 25919K [0x0000000702e00000, 0x0000000800000000)
  region size 2048K, 2 young (4096K), 1 survivors (2048K)
 Metaspace       used 30738K, committed 30976K, reserved 1114112K
  class space    used 3785K, committed 3904K, reserved 1048576K
GC Heap History (10 events):
Event: 0.327 GC heap before
{Heap before GC invocations=0 (full 0):
 garbage-first heap   total 260096K, used 24576K [0x0000000702e00000, 0x0000000800000000)
  region size 2048K, 11 young (22528K), 0 survivors (0K)
 Metaspace       used 14017K, committed 14144K, reserved 1114112K
  class space    used 1369K, committed 1472K, reserved 1048576K
}
Event: 0.329 GC heap after
{Heap after GC invocations=1 (full 0):
 garbage-first heap   total 260096K, used 7157K [0x0000000702e00000, 0x0000000800000000)
  region size 2048K, 2 young (4096K), 2 survivors (4096K)
 Metaspace       used 14017K, committed 14144K, reserved 1114112K
  class space    used 1369K, committed 1472K, reserved 1048576K
}
Event: 0.520 GC heap before
{Heap before GC invocations=1 (full 0):
 garbage-first heap   total 260096K, used 29685K [0x0000000702e00000, 0x0000000800000000)
  region size 2048K, 14 young (28672K), 2 survivors (4096K)
 Metaspace       used 21309K, committed 21504K, reserved 1114112K
  class space    used 2208K, committed 2304K, reserved 1048576K
}
Event: 0.522 GC heap after
{Heap after GC invocations=2 (full 0):
 garbage-first heap   total 260096K, used 8192K [0x0000000702e00000, 0x0000000800000000)
  region size 2048K, 2 young (4096K), 2 survivors (4096K)
 Metaspace       used 21309K, committed 21504K, reserved 1114112K
  class space    used 2208K, committed 2304K, reserved 1048576K
}
Event: 0.642 GC heap before
{Heap before GC invocations=3 (full 0):
 garbage-first heap   total 34816K, used 34816K [0x0000000702e00000, 0x0000000800000000)
  region size 2048K, 15 young (30720K), 2 survivors (4096K)
 Metaspace       used 22174K, committed 22400K, reserved 1114112K
  class space    used 2339K, committed 2432K, reserved 1048576K
}
Event: 0.649 GC heap after
{Heap after GC invocations=4 (full 0):
 garbage-first heap   total 53248K, used 21581K [0x0000000702e00000, 0x0000000800000000)
  region size 2048K, 9 young (18432K), 9 survivors (18432K)
 Metaspace       used 22174K, committed 22400K, reserved 1114112K
  class space    used 2339K, committed 2432K, reserved 1048576K
}
Event: 0.687 GC heap before
{Heap before GC invocations=4 (full 0):
 garbage-first heap   total 53248K, used 29773K [0x0000000702e00000, 0x0000000800000000)
  region size 2048K, 13 young (26624K), 9 survivors (18432K)
 Metaspace       used 22713K, committed 22912K, reserved 1114112K
  class space    used 2399K, committed 2496K, reserved 1048576K
}
Event: 0.695 GC heap after
{Heap after GC invocations=5 (full 0):
 garbage-first heap   total 53248K, used 22786K [0x0000000702e00000, 0x0000000800000000)
  region size 2048K, 1 young (2048K), 1 survivors (2048K)
 Metaspace       used 22713K, committed 22912K, reserved 1114112K
  class space    used 2399K, committed 2496K, reserved 1048576K
}
Event: 0.821 GC heap before
{Heap before GC invocations=5 (full 0):
 garbage-first heap   total 53248K, used 37122K [0x0000000702e00000, 0x0000000800000000)
  region size 2048K, 8 young (16384K), 1 survivors (2048K)
 Metaspace       used 25785K, committed 25984K, reserved 1114112K
  class space    used 2737K, committed 2816K, reserved 1048576K
}
Event: 0.823 GC heap after
{Heap after GC invocations=6 (full 0):
 garbage-first heap   total 53248K, used 25246K [0x0000000702e00000, 0x0000000800000000)
  region size 2048K, 1 young (2048K), 1 survivors (2048K)
 Metaspace       used 25785K, committed 25984K, reserved 1114112K
  class space    used 2737K, committed 2816K, reserved 1048576K
}

