# JRE version: OpenJDK Runtime Environment (21.0.3) (build 21.0.3+-12282718-b509.11)
# Java VM: OpenJDK 64-Bit Server VM (21.0.3+-12282718-b509.11, mixed mode, tiered, compressed oops, compressed class ptrs, g1 gc, windows-amd64)
GC Precious Log:
 CardTable entry size: 512
 Card Set container configuration: InlinePtr #cards 4 size 8 Array Of Cards #cards 16 size 48 Howl #buckets 8 coarsen threshold 3686 Howl Bitmap #cards 512 size 80 coarsen threshold 460 Card regions per heap region 1 cards per card region 4096
 CPUs: 12 total, 12 available
 Memory: 16197M
 Large Page Support: Disabled
 NUMA Support: Disabled
 Compressed Oops: Enabled (Zero based)
 Heap Region Size: 2M
 Heap Min Capacity: 8M
 Heap Initial Capacity: 254M
 Heap Max Capacity: 4050M
 Pre-touch: Disabled
 Parallel Workers: 10
 Concurrent Workers: 3
 Concurrent Refinement Workers: 10
 Periodic GC: Disabled
Heap:
 garbage-first heap   total 362496K, used 242321K [0x0000000702e00000, 0x0000000800000000)
  region size 2048K, 26 young (53248K), 6 survivors (12288K)
 Metaspace       used 77496K, committed 77824K, reserved 1179648K
  class space    used 7964K, committed 8128K, reserved 1048576K
GC Heap History (20 events):
Event: 5.294 GC heap before
{Heap before GC invocations=20 (full 0):
 garbage-first heap   total 225280K, used 193878K [0x0000000702e00000, 0x0000000800000000)
  region size 2048K, 32 young (65536K), 2 survivors (4096K)
 Metaspace       used 59871K, committed 60160K, reserved 1114112K
  class space    used 6598K, committed 6720K, reserved 1048576K
}
Event: 5.301 GC heap after
{Heap after GC invocations=21 (full 0):
 garbage-first heap   total 225280K, used 135716K [0x0000000702e00000, 0x0000000800000000)
  region size 2048K, 4 young (8192K), 4 survivors (8192K)
 Metaspace       used 59871K, committed 60160K, reserved 1114112K
  class space    used 6598K, committed 6720K, reserved 1048576K
}
Event: 5.774 GC heap before
{Heap before GC invocations=21 (full 0):
 garbage-first heap   total 225280K, used 197156K [0x0000000702e00000, 0x0000000800000000)
  region size 2048K, 34 young (69632K), 4 survivors (8192K)
 Metaspace       used 60357K, committed 60672K, reserved 1114112K
  class space    used 6627K, committed 6784K, reserved 1048576K
}
Event: 5.781 GC heap after
{Heap after GC invocations=22 (full 0):
 garbage-first heap   total 225280K, used 141217K [0x0000000702e00000, 0x0000000800000000)
  region size 2048K, 5 young (10240K), 5 survivors (10240K)
 Metaspace       used 60357K, committed 60672K, reserved 1114112K
  class space    used 6627K, committed 6784K, reserved 1048576K
}
Event: 6.147 GC heap before
{Heap before GC invocations=23 (full 0):
 garbage-first heap   total 245760K, used 200609K [0x0000000702e00000, 0x0000000800000000)
  region size 2048K, 34 young (69632K), 5 survivors (10240K)
 Metaspace       used 60507K, committed 60864K, reserved 1114112K
  class space    used 6631K, committed 6784K, reserved 1048576K
}
Event: 6.153 GC heap after
{Heap after GC invocations=24 (full 0):
 garbage-first heap   total 245760K, used 146009K [0x0000000702e00000, 0x0000000800000000)
  region size 2048K, 3 young (6144K), 3 survivors (6144K)
 Metaspace       used 60507K, committed 60864K, reserved 1114112K
  class space    used 6631K, committed 6784K, reserved 1048576K
}
Event: 6.512 GC heap before
{Heap before GC invocations=24 (full 0):
 garbage-first heap   total 245760K, used 215641K [0x0000000702e00000, 0x0000000800000000)
  region size 2048K, 37 young (75776K), 3 survivors (6144K)
 Metaspace       used 60774K, committed 61120K, reserved 1114112K
  class space    used 6642K, committed 6784K, reserved 1048576K
}
Event: 6.518 GC heap after
{Heap after GC invocations=25 (full 0):
 garbage-first heap   total 294912K, used 150511K [0x0000000702e00000, 0x0000000800000000)
  region size 2048K, 5 young (10240K), 5 survivors (10240K)
 Metaspace       used 60774K, committed 61120K, reserved 1114112K
  class space    used 6642K, committed 6784K, reserved 1048576K
}
Event: 7.043 GC heap before
{Heap before GC invocations=25 (full 0):
 garbage-first heap   total 294912K, used 252911K [0x0000000702e00000, 0x0000000800000000)
  region size 2048K, 55 young (112640K), 5 survivors (10240K)
 Metaspace       used 61023K, committed 61312K, reserved 1114112K
  class space    used 6647K, committed 6784K, reserved 1048576K
}
Event: 7.048 GC heap after
{Heap after GC invocations=26 (full 0):
 garbage-first heap   total 294912K, used 156394K [0x0000000702e00000, 0x0000000800000000)
  region size 2048K, 6 young (12288K), 6 survivors (12288K)
 Metaspace       used 61023K, committed 61312K, reserved 1114112K
  class space    used 6647K, committed 6784K, reserved 1048576K
}
Event: 7.526 GC heap before
{Heap before GC invocations=26 (full 0):
 garbage-first heap   total 294912K, used 262890K [0x0000000702e00000, 0x0000000800000000)
  region size 2048K, 58 young (118784K), 6 survivors (12288K)
 Metaspace       used 61187K, committed 61504K, reserved 1114112K
  class space    used 6654K, committed 6784K, reserved 1048576K
}
Event: 7.533 GC heap after
{Heap after GC invocations=27 (full 0):
 garbage-first heap   total 294912K, used 162878K [0x0000000702e00000, 0x0000000800000000)
  region size 2048K, 6 young (12288K), 6 survivors (12288K)
 Metaspace       used 61187K, committed 61504K, reserved 1114112K
  class space    used 6654K, committed 6784K, reserved 1048576K
}
Event: 8.366 GC heap before
{Heap before GC invocations=27 (full 0):
 garbage-first heap   total 294912K, used 265278K [0x0000000702e00000, 0x0000000800000000)
  region size 2048K, 56 young (114688K), 6 survivors (12288K)
 Metaspace       used 65090K, committed 65408K, reserved 1114112K
  class space    used 6967K, committed 7104K, reserved 1048576K
}
Event: 8.376 GC heap after
{Heap after GC invocations=28 (full 0):
 garbage-first heap   total 294912K, used 172589K [0x0000000702e00000, 0x0000000800000000)
  region size 2048K, 7 young (14336K), 7 survivors (14336K)
 Metaspace       used 65090K, committed 65408K, reserved 1114112K
  class space    used 6967K, committed 7104K, reserved 1048576K
}
Event: 9.116 GC heap before
{Heap before GC invocations=29 (full 0):
 garbage-first heap   total 301056K, used 262701K [0x0000000702e00000, 0x0000000800000000)
  region size 2048K, 51 young (104448K), 7 survivors (14336K)
 Metaspace       used 65879K, committed 66112K, reserved 1114112K
  class space    used 6991K, committed 7104K, reserved 1048576K
}
Event: 9.127 GC heap after
{Heap after GC invocations=30 (full 0):
 garbage-first heap   total 301056K, used 179073K [0x0000000702e00000, 0x0000000800000000)
  region size 2048K, 3 young (6144K), 3 survivors (6144K)
 Metaspace       used 65879K, committed 66112K, reserved 1114112K
  class space    used 6991K, committed 7104K, reserved 1048576K
}
Event: 9.895 GC heap before
{Heap before GC invocations=30 (full 0):
 garbage-first heap   total 301056K, used 275329K [0x0000000702e00000, 0x0000000800000000)
  region size 2048K, 50 young (102400K), 3 survivors (6144K)
 Metaspace       used 73252K, committed 73536K, reserved 1179648K
  class space    used 7631K, committed 7744K, reserved 1048576K
}
Event: 9.912 GC heap after
{Heap after GC invocations=31 (full 0):
 garbage-first heap   total 301056K, used 189467K [0x0000000702e00000, 0x0000000800000000)
  region size 2048K, 7 young (14336K), 7 survivors (14336K)
 Metaspace       used 73252K, committed 73536K, reserved 1179648K
  class space    used 7631K, committed 7744K, reserved 1048576K
}
Event: 10.501 GC heap before
{Heap before GC invocations=31 (full 0):
 garbage-first heap   total 301056K, used 269339K [0x0000000702e00000, 0x0000000800000000)
  region size 2048K, 46 young (94208K), 7 survivors (14336K)
 Metaspace       used 75925K, committed 76224K, reserved 1179648K
  class space    used 7805K, committed 7936K, reserved 1048576K
}
Event: 10.518 GC heap after
{Heap after GC invocations=32 (full 0):
 garbage-first heap   total 362496K, used 203409K [0x0000000702e00000, 0x0000000800000000)
  region size 2048K, 6 young (12288K), 6 survivors (12288K)
 Metaspace       used 75925K, committed 76224K, reserved 1179648K
  class space    used 7805K, committed 7936K, reserved 1048576K
}

