# JRE version: OpenJDK Runtime Environment (21.0.3) (build 21.0.3+-12282718-b509.11)
# Java VM: OpenJDK 64-Bit Server VM (21.0.3+-12282718-b509.11, mixed mode, tiered, compressed oops, compressed class ptrs, g1 gc, windows-amd64)
GC Precious Log:
 CardTable entry size: 512
 Card Set container configuration: InlinePtr #cards 4 size 8 Array Of Cards #cards 16 size 48 Howl #buckets 8 coarsen threshold 3686 Howl Bitmap #cards 512 size 80 coarsen threshold 460 Card regions per heap region 1 cards per card region 4096
 CPUs: 12 total, 12 available
 Memory: 16197M
 Large Page Support: Disabled
 NUMA Support: Disabled
 Compressed Oops: Enabled (Zero based)
 Heap Region Size: 2M
 Heap Min Capacity: 8M
 Heap Initial Capacity: 254M
 Heap Max Capacity: 4050M
 Pre-touch: Disabled
 Parallel Workers: 10
 Concurrent Workers: 3
 Concurrent Refinement Workers: 10
 Periodic GC: Disabled
Heap:
 garbage-first heap   total 53248K, used 30908K [0x0000000702e00000, 0x0000000800000000)
  region size 2048K, 5 young (10240K), 2 survivors (4096K)
 Metaspace       used 33554K, committed 33792K, reserved 1114112K
  class space    used 4069K, committed 4224K, reserved 1048576K
GC Heap History (12 events):
Event: 0.338 GC heap before
{Heap before GC invocations=0 (full 0):
 garbage-first heap   total 260096K, used 24576K [0x0000000702e00000, 0x0000000800000000)
  region size 2048K, 11 young (22528K), 0 survivors (0K)
 Metaspace       used 14017K, committed 14144K, reserved 1114112K
  class space    used 1369K, committed 1472K, reserved 1048576K
}
Event: 0.340 GC heap after
{Heap after GC invocations=1 (full 0):
 garbage-first heap   total 260096K, used 7103K [0x0000000702e00000, 0x0000000800000000)
  region size 2048K, 2 young (4096K), 2 survivors (4096K)
 Metaspace       used 14017K, committed 14144K, reserved 1114112K
  class space    used 1369K, committed 1472K, reserved 1048576K
}
Event: 0.538 GC heap before
{Heap before GC invocations=1 (full 0):
 garbage-first heap   total 260096K, used 27583K [0x0000000702e00000, 0x0000000800000000)
  region size 2048K, 13 young (26624K), 2 survivors (4096K)
 Metaspace       used 21249K, committed 21504K, reserved 1114112K
  class space    used 2201K, committed 2304K, reserved 1048576K
}
Event: 0.540 GC heap after
{Heap after GC invocations=2 (full 0):
 garbage-first heap   total 260096K, used 8125K [0x0000000702e00000, 0x0000000800000000)
  region size 2048K, 2 young (4096K), 2 survivors (4096K)
 Metaspace       used 21249K, committed 21504K, reserved 1114112K
  class space    used 2201K, committed 2304K, reserved 1048576K
}
Event: 0.644 GC heap before
{Heap before GC invocations=3 (full 0):
 garbage-first heap   total 34816K, used 34749K [0x0000000702e00000, 0x0000000800000000)
  region size 2048K, 15 young (30720K), 2 survivors (4096K)
 Metaspace       used 22175K, committed 22400K, reserved 1114112K
  class space    used 2338K, committed 2432K, reserved 1048576K
}
Event: 0.652 GC heap after
{Heap after GC invocations=4 (full 0):
 garbage-first heap   total 51200K, used 20480K [0x0000000702e00000, 0x0000000800000000)
  region size 2048K, 5 young (10240K), 5 survivors (10240K)
 Metaspace       used 22175K, committed 22400K, reserved 1114112K
  class space    used 2338K, committed 2432K, reserved 1048576K
}
Event: 0.786 GC heap before
{Heap before GC invocations=4 (full 0):
 garbage-first heap   total 51200K, used 36864K [0x0000000702e00000, 0x0000000800000000)
  region size 2048K, 13 young (26624K), 5 survivors (10240K)
 Metaspace       used 24667K, committed 24896K, reserved 1114112K
  class space    used 2626K, committed 2688K, reserved 1048576K
}
Event: 0.792 GC heap after
{Heap after GC invocations=5 (full 0):
 garbage-first heap   total 53248K, used 25259K [0x0000000702e00000, 0x0000000800000000)
  region size 2048K, 2 young (4096K), 2 survivors (4096K)
 Metaspace       used 24667K, committed 24896K, reserved 1114112K
  class space    used 2626K, committed 2688K, reserved 1048576K
}
Event: 0.919 GC heap before
{Heap before GC invocations=5 (full 0):
 garbage-first heap   total 53248K, used 39595K [0x0000000702e00000, 0x0000000800000000)
  region size 2048K, 9 young (18432K), 2 survivors (4096K)
 Metaspace       used 29050K, committed 29312K, reserved 1114112K
  class space    used 3547K, committed 3648K, reserved 1048576K
}
Event: 0.922 GC heap after
{Heap after GC invocations=6 (full 0):
 garbage-first heap   total 53248K, used 25257K [0x0000000702e00000, 0x0000000800000000)
  region size 2048K, 1 young (2048K), 1 survivors (2048K)
 Metaspace       used 29050K, committed 29312K, reserved 1114112K
  class space    used 3547K, committed 3648K, reserved 1048576K
}
Event: 1.058 GC heap before
{Heap before GC invocations=6 (full 0):
 garbage-first heap   total 53248K, used 39593K [0x0000000702e00000, 0x0000000800000000)
  region size 2048K, 9 young (18432K), 1 survivors (2048K)
 Metaspace       used 32707K, committed 32896K, reserved 1114112K
  class space    used 3990K, committed 4096K, reserved 1048576K
}
Event: 1.060 GC heap after
{Heap after GC invocations=7 (full 0):
 garbage-first heap   total 53248K, used 26812K [0x0000000702e00000, 0x0000000800000000)
  region size 2048K, 2 young (4096K), 2 survivors (4096K)
 Metaspace       used 32707K, committed 32896K, reserved 1114112K
  class space    used 3990K, committed 4096K, reserved 1048576K
}

