# JRE version: OpenJDK Runtime Environment (21.0.3) (build 21.0.3+-12282718-b509.11)
# Java VM: OpenJDK 64-Bit Server VM (21.0.3+-12282718-b509.11, mixed mode, tiered, compressed oops, compressed class ptrs, g1 gc, windows-amd64)
GC Precious Log:
 CardTable entry size: 512
 Card Set container configuration: InlinePtr #cards 4 size 8 Array Of Cards #cards 16 size 48 Howl #buckets 8 coarsen threshold 3686 Howl Bitmap #cards 512 size 80 coarsen threshold 460 Card regions per heap region 1 cards per card region 4096
 CPUs: 12 total, 12 available
 Memory: 16197M
 Large Page Support: Disabled
 NUMA Support: Disabled
 Compressed Oops: Enabled (Zero based)
 Heap Region Size: 2M
 Heap Min Capacity: 8M
 Heap Initial Capacity: 254M
 Heap Max Capacity: 4050M
 Pre-touch: Disabled
 Parallel Workers: 10
 Concurrent Workers: 3
 Concurrent Refinement Workers: 10
 Periodic GC: Disabled
Heap:
 garbage-first heap   total 223232K, used 142594K [0x0000000702e00000, 0x0000000800000000)
  region size 2048K, 24 young (49152K), 4 survivors (8192K)
 Metaspace       used 56108K, committed 56384K, reserved 1114112K
  class space    used 6172K, committed 6272K, reserved 1048576K
GC Heap History (20 events):
Event: 0.727 GC heap before
{Heap before GC invocations=4 (full 0):
 garbage-first heap   total 51200K, used 34880K [0x0000000702e00000, 0x0000000800000000)
  region size 2048K, 13 young (26624K), 5 survivors (10240K)
 Metaspace       used 27396K, committed 27648K, reserved 1114112K
  class space    used 2981K, committed 3072K, reserved 1048576K
}
Event: 0.732 GC heap after
{Heap after GC invocations=5 (full 0):
 garbage-first heap   total 51200K, used 20320K [0x0000000702e00000, 0x0000000800000000)
  region size 2048K, 1 young (2048K), 1 survivors (2048K)
 Metaspace       used 27396K, committed 27648K, reserved 1114112K
  class space    used 2981K, committed 3072K, reserved 1048576K
}
Event: 0.865 GC heap before
{Heap before GC invocations=5 (full 0):
 garbage-first heap   total 51200K, used 34656K [0x0000000702e00000, 0x0000000800000000)
  region size 2048K, 9 young (18432K), 1 survivors (2048K)
 Metaspace       used 31928K, committed 32256K, reserved 1114112K
  class space    used 3930K, committed 4096K, reserved 1048576K
}
Event: 0.867 GC heap after
{Heap after GC invocations=6 (full 0):
 garbage-first heap   total 51200K, used 21644K [0x0000000702e00000, 0x0000000800000000)
  region size 2048K, 2 young (4096K), 2 survivors (4096K)
 Metaspace       used 31928K, committed 32256K, reserved 1114112K
  class space    used 3930K, committed 4096K, reserved 1048576K
}
Event: 0.964 GC heap before
{Heap before GC invocations=6 (full 0):
 garbage-first heap   total 51200K, used 33932K [0x0000000702e00000, 0x0000000800000000)
  region size 2048K, 10 young (20480K), 2 survivors (4096K)
 Metaspace       used 35727K, committed 35968K, reserved 1114112K
  class space    used 4316K, committed 4416K, reserved 1048576K
}
Event: 0.967 GC heap after
{Heap after GC invocations=7 (full 0):
 garbage-first heap   total 51200K, used 22614K [0x0000000702e00000, 0x0000000800000000)
  region size 2048K, 2 young (4096K), 2 survivors (4096K)
 Metaspace       used 35727K, committed 35968K, reserved 1114112K
  class space    used 4316K, committed 4416K, reserved 1048576K
}
Event: 1.143 GC heap before
{Heap before GC invocations=8 (full 0):
 garbage-first heap   total 51200K, used 41046K [0x0000000702e00000, 0x0000000800000000)
  region size 2048K, 11 young (22528K), 2 survivors (4096K)
 Metaspace       used 39221K, committed 39552K, reserved 1114112K
  class space    used 4634K, committed 4736K, reserved 1048576K
}
Event: 1.148 GC heap after
{Heap after GC invocations=9 (full 0):
 garbage-first heap   total 155648K, used 25500K [0x0000000702e00000, 0x0000000800000000)
  region size 2048K, 2 young (4096K), 2 survivors (4096K)
 Metaspace       used 39221K, committed 39552K, reserved 1114112K
  class space    used 4634K, committed 4736K, reserved 1048576K
}
Event: 1.690 GC heap before
{Heap before GC invocations=9 (full 0):
 garbage-first heap   total 155648K, used 111516K [0x0000000702e00000, 0x0000000800000000)
  region size 2048K, 45 young (92160K), 2 survivors (4096K)
 Metaspace       used 46696K, committed 46912K, reserved 1114112K
  class space    used 5351K, committed 5440K, reserved 1048576K
}
Event: 1.703 GC heap after
{Heap after GC invocations=10 (full 0):
 garbage-first heap   total 155648K, used 44240K [0x0000000702e00000, 0x0000000800000000)
  region size 2048K, 6 young (12288K), 6 survivors (12288K)
 Metaspace       used 46696K, committed 46912K, reserved 1114112K
  class space    used 5351K, committed 5440K, reserved 1048576K
}
Event: 1.842 GC heap before
{Heap before GC invocations=10 (full 0):
 garbage-first heap   total 155648K, used 107728K [0x0000000702e00000, 0x0000000800000000)
  region size 2048K, 37 young (75776K), 6 survivors (12288K)
 Metaspace       used 47552K, committed 47808K, reserved 1114112K
  class space    used 5399K, committed 5504K, reserved 1048576K
}
Event: 1.856 GC heap after
{Heap after GC invocations=11 (full 0):
 garbage-first heap   total 155648K, used 65536K [0x0000000702e00000, 0x0000000800000000)
  region size 2048K, 5 young (10240K), 5 survivors (10240K)
 Metaspace       used 47552K, committed 47808K, reserved 1114112K
  class space    used 5399K, committed 5504K, reserved 1048576K
}
Event: 2.155 GC heap before
{Heap before GC invocations=11 (full 0):
 garbage-first heap   total 155648K, used 116736K [0x0000000702e00000, 0x0000000800000000)
  region size 2048K, 30 young (61440K), 5 survivors (10240K)
 Metaspace       used 51840K, committed 52096K, reserved 1114112K
  class space    used 5910K, committed 6016K, reserved 1048576K
}
Event: 2.164 GC heap after
{Heap after GC invocations=12 (full 0):
 garbage-first heap   total 155648K, used 76800K [0x0000000702e00000, 0x0000000800000000)
  region size 2048K, 4 young (8192K), 4 survivors (8192K)
 Metaspace       used 51840K, committed 52096K, reserved 1114112K
  class space    used 5910K, committed 6016K, reserved 1048576K
}
Event: 2.573 GC heap before
{Heap before GC invocations=12 (full 0):
 garbage-first heap   total 155648K, used 123904K [0x0000000702e00000, 0x0000000800000000)
  region size 2048K, 27 young (55296K), 4 survivors (8192K)
 Metaspace       used 53917K, committed 54208K, reserved 1114112K
  class space    used 6041K, committed 6144K, reserved 1048576K
}
Event: 2.581 GC heap after
{Heap after GC invocations=13 (full 0):
 garbage-first heap   total 223232K, used 85820K [0x0000000702e00000, 0x0000000800000000)
  region size 2048K, 4 young (8192K), 4 survivors (8192K)
 Metaspace       used 53917K, committed 54208K, reserved 1114112K
  class space    used 6041K, committed 6144K, reserved 1048576K
}
Event: 3.224 GC heap before
{Heap before GC invocations=13 (full 0):
 garbage-first heap   total 223232K, used 171836K [0x0000000702e00000, 0x0000000800000000)
  region size 2048K, 46 young (94208K), 4 survivors (8192K)
 Metaspace       used 55527K, committed 55808K, reserved 1114112K
  class space    used 6151K, committed 6272K, reserved 1048576K
}
Event: 3.232 GC heap after
{Heap after GC invocations=14 (full 0):
 garbage-first heap   total 223232K, used 96618K [0x0000000702e00000, 0x0000000800000000)
  region size 2048K, 5 young (10240K), 5 survivors (10240K)
 Metaspace       used 55527K, committed 55808K, reserved 1114112K
  class space    used 6151K, committed 6272K, reserved 1048576K
}
Event: 3.587 GC heap before
{Heap before GC invocations=14 (full 0):
 garbage-first heap   total 223232K, used 160106K [0x0000000702e00000, 0x0000000800000000)
  region size 2048K, 37 young (75776K), 5 survivors (10240K)
 Metaspace       used 55975K, committed 56256K, reserved 1114112K
  class space    used 6162K, committed 6272K, reserved 1048576K
}
Event: 3.593 GC heap after
{Heap after GC invocations=15 (full 0):
 garbage-first heap   total 223232K, used 103682K [0x0000000702e00000, 0x0000000800000000)
  region size 2048K, 4 young (8192K), 4 survivors (8192K)
 Metaspace       used 55975K, committed 56256K, reserved 1114112K
  class space    used 6162K, committed 6272K, reserved 1048576K
}

