# JRE version: OpenJDK Runtime Environment (21.0.3) (build 21.0.3+-12282718-b509.11)
# Java VM: OpenJDK 64-Bit Server VM (21.0.3+-12282718-b509.11, mixed mode, tiered, compressed oops, compressed class ptrs, g1 gc, windows-amd64)
GC Precious Log:
 CardTable entry size: 512
 Card Set container configuration: InlinePtr #cards 4 size 8 Array Of Cards #cards 16 size 48 Howl #buckets 8 coarsen threshold 3686 Howl Bitmap #cards 512 size 80 coarsen threshold 460 Card regions per heap region 1 cards per card region 4096
 CPUs: 12 total, 12 available
 Memory: 16197M
 Large Page Support: Disabled
 NUMA Support: Disabled
 Compressed Oops: Enabled (Zero based)
 Heap Region Size: 2M
 Heap Min Capacity: 8M
 Heap Initial Capacity: 254M
 Heap Max Capacity: 4050M
 Pre-touch: Disabled
 Parallel Workers: 10
 Concurrent Workers: 3
 Concurrent Refinement Workers: 10
 Periodic GC: Disabled
Heap:
 garbage-first heap   total 245760K, used 125837K [0x0000000702e00000, 0x0000000800000000)
  region size 2048K, 4 young (8192K), 3 survivors (6144K)
 Metaspace       used 58886K, committed 59200K, reserved 1114112K
  class space    used 6527K, committed 6656K, reserved 1048576K
GC Heap History (20 events):
Event: 1.048 GC heap before
{Heap before GC invocations=7 (full 0):
 garbage-first heap   total 53248K, used 37455K [0x0000000702e00000, 0x0000000800000000)
  region size 2048K, 9 young (18432K), 2 survivors (4096K)
 Metaspace       used 33384K, committed 33664K, reserved 1114112K
  class space    used 4057K, committed 4224K, reserved 1048576K
}
Event: 1.051 GC heap after
{Heap after GC invocations=8 (full 0):
 garbage-first heap   total 157696K, used 26202K [0x0000000702e00000, 0x0000000800000000)
  region size 2048K, 2 young (4096K), 2 survivors (4096K)
 Metaspace       used 33384K, committed 33664K, reserved 1114112K
  class space    used 4057K, committed 4224K, reserved 1048576K
}
Event: 1.577 GC heap before
{Heap before GC invocations=9 (full 0):
 garbage-first heap   total 102400K, used 97882K [0x0000000702e00000, 0x0000000800000000)
  region size 2048K, 38 young (77824K), 2 survivors (4096K)
 Metaspace       used 40175K, committed 40448K, reserved 1114112K
  class space    used 4665K, committed 4800K, reserved 1048576K
}
Event: 1.599 GC heap after
{Heap after GC invocations=10 (full 0):
 garbage-first heap   total 122880K, used 42731K [0x0000000702e00000, 0x0000000800000000)
  region size 2048K, 6 young (12288K), 6 survivors (12288K)
 Metaspace       used 40175K, committed 40448K, reserved 1114112K
  class space    used 4665K, committed 4800K, reserved 1048576K
}
Event: 1.817 GC heap before
{Heap before GC invocations=10 (full 0):
 garbage-first heap   total 122880K, used 83691K [0x0000000702e00000, 0x0000000800000000)
  region size 2048K, 26 young (53248K), 6 survivors (12288K)
 Metaspace       used 41962K, committed 42240K, reserved 1114112K
  class space    used 4845K, committed 4992K, reserved 1048576K
}
Event: 1.836 GC heap after
{Heap after GC invocations=11 (full 0):
 garbage-first heap   total 122880K, used 54272K [0x0000000702e00000, 0x0000000800000000)
  region size 2048K, 4 young (8192K), 4 survivors (8192K)
 Metaspace       used 41962K, committed 42240K, reserved 1114112K
  class space    used 4845K, committed 4992K, reserved 1048576K
}
Event: 2.104 GC heap before
{Heap before GC invocations=11 (full 0):
 garbage-first heap   total 122880K, used 91136K [0x0000000702e00000, 0x0000000800000000)
  region size 2048K, 22 young (45056K), 4 survivors (8192K)
 Metaspace       used 46189K, committed 46464K, reserved 1114112K
  class space    used 5268K, committed 5376K, reserved 1048576K
}
Event: 2.114 GC heap after
{Heap after GC invocations=12 (full 0):
 garbage-first heap   total 122880K, used 61114K [0x0000000702e00000, 0x0000000800000000)
  region size 2048K, 3 young (6144K), 3 survivors (6144K)
 Metaspace       used 46189K, committed 46464K, reserved 1114112K
  class space    used 5268K, committed 5376K, reserved 1048576K
}
Event: 2.310 GC heap before
{Heap before GC invocations=12 (full 0):
 garbage-first heap   total 122880K, used 97978K [0x0000000702e00000, 0x0000000800000000)
  region size 2048K, 21 young (43008K), 3 survivors (6144K)
 Metaspace       used 47658K, committed 47936K, reserved 1114112K
  class space    used 5395K, committed 5504K, reserved 1048576K
}
Event: 2.322 GC heap after
{Heap after GC invocations=13 (full 0):
 garbage-first heap   total 182272K, used 71476K [0x0000000702e00000, 0x0000000800000000)
  region size 2048K, 3 young (6144K), 3 survivors (6144K)
 Metaspace       used 47658K, committed 47936K, reserved 1114112K
  class space    used 5395K, committed 5504K, reserved 1048576K
}
Event: 2.534 GC heap before
{Heap before GC invocations=13 (full 0):
 garbage-first heap   total 182272K, used 141108K [0x0000000702e00000, 0x0000000800000000)
  region size 2048K, 38 young (77824K), 3 survivors (6144K)
 Metaspace       used 48431K, committed 48704K, reserved 1114112K
  class space    used 5435K, committed 5568K, reserved 1048576K
}
Event: 2.542 GC heap after
{Heap after GC invocations=14 (full 0):
 garbage-first heap   total 182272K, used 94208K [0x0000000702e00000, 0x0000000800000000)
  region size 2048K, 5 young (10240K), 5 survivors (10240K)
 Metaspace       used 48431K, committed 48704K, reserved 1114112K
  class space    used 5435K, committed 5568K, reserved 1048576K
}
Event: 3.072 GC heap before
{Heap before GC invocations=14 (full 0):
 garbage-first heap   total 182272K, used 139264K [0x0000000702e00000, 0x0000000800000000)
  region size 2048K, 28 young (57344K), 5 survivors (10240K)
 Metaspace       used 56152K, committed 56448K, reserved 1114112K
  class space    used 6377K, committed 6528K, reserved 1048576K
}
Event: 3.079 GC heap after
{Heap after GC invocations=15 (full 0):
 garbage-first heap   total 182272K, used 102311K [0x0000000702e00000, 0x0000000800000000)
  region size 2048K, 4 young (8192K), 4 survivors (8192K)
 Metaspace       used 56152K, committed 56448K, reserved 1114112K
  class space    used 6377K, committed 6528K, reserved 1048576K
}
Event: 3.495 GC heap before
{Heap before GC invocations=16 (full 0):
 garbage-first heap   total 182272K, used 151463K [0x0000000702e00000, 0x0000000800000000)
  region size 2048K, 28 young (57344K), 4 survivors (8192K)
 Metaspace       used 57656K, committed 57920K, reserved 1114112K
  class space    used 6477K, committed 6592K, reserved 1048576K
}
Event: 3.502 GC heap after
{Heap after GC invocations=17 (full 0):
 garbage-first heap   total 182272K, used 110206K [0x0000000702e00000, 0x0000000800000000)
  region size 2048K, 4 young (8192K), 4 survivors (8192K)
 Metaspace       used 57656K, committed 57920K, reserved 1114112K
  class space    used 6477K, committed 6592K, reserved 1048576K
}
Event: 3.803 GC heap before
{Heap before GC invocations=17 (full 0):
 garbage-first heap   total 182272K, used 155262K [0x0000000702e00000, 0x0000000800000000)
  region size 2048K, 26 young (53248K), 4 survivors (8192K)
 Metaspace       used 58383K, committed 58688K, reserved 1114112K
  class space    used 6525K, committed 6656K, reserved 1048576K
}
Event: 3.812 GC heap after
{Heap after GC invocations=18 (full 0):
 garbage-first heap   total 182272K, used 118784K [0x0000000702e00000, 0x0000000800000000)
  region size 2048K, 4 young (8192K), 4 survivors (8192K)
 Metaspace       used 58383K, committed 58688K, reserved 1114112K
  class space    used 6525K, committed 6656K, reserved 1048576K
}
Event: 4.116 GC heap before
{Heap before GC invocations=18 (full 0):
 garbage-first heap   total 182272K, used 157696K [0x0000000702e00000, 0x0000000800000000)
  region size 2048K, 23 young (47104K), 4 survivors (8192K)
 Metaspace       used 58862K, committed 59200K, reserved 1114112K
  class space    used 6527K, committed 6656K, reserved 1048576K
}
Event: 4.122 GC heap after
{Heap after GC invocations=19 (full 0):
 garbage-first heap   total 245760K, used 125837K [0x0000000702e00000, 0x0000000800000000)
  region size 2048K, 3 young (6144K), 3 survivors (6144K)
 Metaspace       used 58862K, committed 59200K, reserved 1114112K
  class space    used 6527K, committed 6656K, reserved 1048576K
}

