# JRE version: OpenJDK Runtime Environment (21.0.3) (build 21.0.3+-12282718-b509.11)
# Java VM: OpenJDK 64-Bit Server VM (21.0.3+-12282718-b509.11, mixed mode, tiered, compressed oops, compressed class ptrs, g1 gc, windows-amd64)
GC Precious Log:
 CardTable entry size: 512
 Card Set container configuration: InlinePtr #cards 4 size 8 Array Of Cards #cards 16 size 48 Howl #buckets 8 coarsen threshold 3686 Howl Bitmap #cards 512 size 80 coarsen threshold 460 Card regions per heap region 1 cards per card region 4096
 CPUs: 12 total, 12 available
 Memory: 16197M
 Large Page Support: Disabled
 NUMA Support: Disabled
 Compressed Oops: Enabled (Zero based)
 Heap Region Size: 2M
 Heap Min Capacity: 8M
 Heap Initial Capacity: 254M
 Heap Max Capacity: 4050M
 Pre-touch: Disabled
 Parallel Workers: 10
 Concurrent Workers: 3
 Concurrent Refinement Workers: 10
 Periodic GC: Disabled
Heap:
 garbage-first heap   total 374784K, used 181502K [0x0000000702e00000, 0x0000000800000000)
  region size 2048K, 5 young (10240K), 3 survivors (6144K)
 Metaspace       used 96086K, committed 96512K, reserved 1179648K
  class space    used 9640K, committed 9856K, reserved 1048576K
GC Heap History (20 events):
Event: 5.292 GC heap before
{Heap before GC invocations=20 (full 0):
 garbage-first heap   total 212992K, used 181702K [0x0000000702e00000, 0x0000000800000000)
  region size 2048K, 41 young (83968K), 3 survivors (6144K)
 Metaspace       used 58154K, committed 58368K, reserved 1114112K
  class space    used 6364K, committed 6464K, reserved 1048576K
}
Event: 5.306 GC heap after
{Heap after GC invocations=21 (full 0):
 garbage-first heap   total 212992K, used 108958K [0x0000000702e00000, 0x0000000800000000)
  region size 2048K, 6 young (12288K), 6 survivors (12288K)
 Metaspace       used 58154K, committed 58368K, reserved 1114112K
  class space    used 6364K, committed 6464K, reserved 1048576K
}
Event: 6.592 GC heap before
{Heap before GC invocations=21 (full 0):
 garbage-first heap   total 212992K, used 184734K [0x0000000702e00000, 0x0000000800000000)
  region size 2048K, 43 young (88064K), 6 survivors (12288K)
 Metaspace       used 63984K, committed 64320K, reserved 1114112K
  class space    used 6947K, committed 7104K, reserved 1048576K
}
Event: 6.613 GC heap after
{Heap after GC invocations=22 (full 0):
 garbage-first heap   total 212992K, used 115313K [0x0000000702e00000, 0x0000000800000000)
  region size 2048K, 6 young (12288K), 6 survivors (12288K)
 Metaspace       used 63984K, committed 64320K, reserved 1114112K
  class space    used 6947K, committed 7104K, reserved 1048576K
}
Event: 7.213 GC heap before
{Heap before GC invocations=23 (full 0):
 garbage-first heap   total 212992K, used 186993K [0x0000000702e00000, 0x0000000800000000)
  region size 2048K, 41 young (83968K), 6 survivors (12288K)
 Metaspace       used 71154K, committed 71552K, reserved 1114112K
  class space    used 7588K, committed 7808K, reserved 1048576K
}
Event: 7.226 GC heap after
{Heap after GC invocations=24 (full 0):
 garbage-first heap   total 212992K, used 125914K [0x0000000702e00000, 0x0000000800000000)
  region size 2048K, 6 young (12288K), 6 survivors (12288K)
 Metaspace       used 71154K, committed 71552K, reserved 1114112K
  class space    used 7588K, committed 7808K, reserved 1048576K
}
Event: 7.681 GC heap before
{Heap before GC invocations=24 (full 0):
 garbage-first heap   total 212992K, used 187354K [0x0000000702e00000, 0x0000000800000000)
  region size 2048K, 36 young (73728K), 6 survivors (12288K)
 Metaspace       used 74847K, committed 75200K, reserved 1179648K
  class space    used 7883K, committed 8064K, reserved 1048576K
}
Event: 7.693 GC heap after
{Heap after GC invocations=25 (full 0):
 garbage-first heap   total 212992K, used 134074K [0x0000000702e00000, 0x0000000800000000)
  region size 2048K, 5 young (10240K), 5 survivors (10240K)
 Metaspace       used 74847K, committed 75200K, reserved 1179648K
  class space    used 7883K, committed 8064K, reserved 1048576K
}
Event: 8.104 GC heap before
{Heap before GC invocations=25 (full 0):
 garbage-first heap   total 212992K, used 189370K [0x0000000702e00000, 0x0000000800000000)
  region size 2048K, 32 young (65536K), 5 survivors (10240K)
 Metaspace       used 76922K, committed 77312K, reserved 1179648K
  class space    used 8069K, committed 8256K, reserved 1048576K
}
Event: 8.115 GC heap after
{Heap after GC invocations=26 (full 0):
 garbage-first heap   total 256000K, used 147456K [0x0000000702e00000, 0x0000000800000000)
  region size 2048K, 4 young (8192K), 4 survivors (8192K)
 Metaspace       used 76922K, committed 77312K, reserved 1179648K
  class space    used 8069K, committed 8256K, reserved 1048576K
}
Event: 8.710 GC heap before
{Heap before GC invocations=27 (full 0):
 garbage-first heap   total 256000K, used 223232K [0x0000000702e00000, 0x0000000800000000)
  region size 2048K, 41 young (83968K), 4 survivors (8192K)
 Metaspace       used 79896K, committed 80320K, reserved 1179648K
  class space    used 8378K, committed 8576K, reserved 1048576K
}
Event: 8.719 GC heap after
{Heap after GC invocations=28 (full 0):
 garbage-first heap   total 256000K, used 161042K [0x0000000702e00000, 0x0000000800000000)
  region size 2048K, 6 young (12288K), 6 survivors (12288K)
 Metaspace       used 79896K, committed 80320K, reserved 1179648K
  class space    used 8378K, committed 8576K, reserved 1048576K
}
Event: 9.514 GC heap before
{Heap before GC invocations=28 (full 0):
 garbage-first heap   total 256000K, used 226578K [0x0000000702e00000, 0x0000000800000000)
  region size 2048K, 38 young (77824K), 6 survivors (12288K)
 Metaspace       used 88529K, committed 88960K, reserved 1179648K
  class space    used 9108K, committed 9280K, reserved 1048576K
}
Event: 9.531 GC heap after
{Heap after GC invocations=29 (full 0):
 garbage-first heap   total 256000K, used 165423K [0x0000000702e00000, 0x0000000800000000)
  region size 2048K, 3 young (6144K), 3 survivors (6144K)
 Metaspace       used 88529K, committed 88960K, reserved 1179648K
  class space    used 9108K, committed 9280K, reserved 1048576K
}
Event: 10.298 GC heap before
{Heap before GC invocations=29 (full 0):
 garbage-first heap   total 256000K, used 228911K [0x0000000702e00000, 0x0000000800000000)
  region size 2048K, 34 young (69632K), 3 survivors (6144K)
 Metaspace       used 93389K, committed 93824K, reserved 1179648K
  class space    used 9485K, committed 9664K, reserved 1048576K
}
Event: 10.307 GC heap after
{Heap after GC invocations=30 (full 0):
 garbage-first heap   total 256000K, used 168541K [0x0000000702e00000, 0x0000000800000000)
  region size 2048K, 5 young (10240K), 5 survivors (10240K)
 Metaspace       used 93389K, committed 93824K, reserved 1179648K
  class space    used 9485K, committed 9664K, reserved 1048576K
}
Event: 10.734 GC heap before
{Heap before GC invocations=31 (full 0):
 garbage-first heap   total 286720K, used 227933K [0x0000000702e00000, 0x0000000800000000)
  region size 2048K, 35 young (71680K), 5 survivors (10240K)
 Metaspace       used 95098K, committed 95552K, reserved 1179648K
  class space    used 9589K, committed 9792K, reserved 1048576K
}
Event: 10.748 GC heap after
{Heap after GC invocations=32 (full 0):
 garbage-first heap   total 286720K, used 174499K [0x0000000702e00000, 0x0000000800000000)
  region size 2048K, 5 young (10240K), 5 survivors (10240K)
 Metaspace       used 95098K, committed 95552K, reserved 1179648K
  class space    used 9589K, committed 9792K, reserved 1048576K
}
Event: 10.987 GC heap before
{Heap before GC invocations=32 (full 0):
 garbage-first heap   total 286720K, used 254371K [0x0000000702e00000, 0x0000000800000000)
  region size 2048K, 44 young (90112K), 5 survivors (10240K)
 Metaspace       used 95505K, committed 95936K, reserved 1179648K
  class space    used 9599K, committed 9792K, reserved 1048576K
}
Event: 11.000 GC heap after
{Heap after GC invocations=33 (full 0):
 garbage-first heap   total 286720K, used 179394K [0x0000000702e00000, 0x0000000800000000)
  region size 2048K, 6 young (12288K), 6 survivors (12288K)
 Metaspace       used 95505K, committed 95936K, reserved 1179648K
  class space    used 9599K, committed 9792K, reserved 1048576K
}

