# JRE version: OpenJDK Runtime Environment (21.0.3) (build 21.0.3+-12282718-b509.11)
# Java VM: OpenJDK 64-Bit Server VM (21.0.3+-12282718-b509.11, mixed mode, tiered, compressed oops, compressed class ptrs, g1 gc, windows-amd64)
GC Precious Log:
 CardTable entry size: 512
 Card Set container configuration: InlinePtr #cards 4 size 8 Array Of Cards #cards 16 size 48 Howl #buckets 8 coarsen threshold 3686 Howl Bitmap #cards 512 size 80 coarsen threshold 460 Card regions per heap region 1 cards per card region 4096
 CPUs: 12 total, 12 available
 Memory: 16197M
 Large Page Support: Disabled
 NUMA Support: Disabled
 Compressed Oops: Enabled (Zero based)
 Heap Region Size: 2M
 Heap Min Capacity: 8M
 Heap Initial Capacity: 254M
 Heap Max Capacity: 4050M
 Pre-touch: Disabled
 Parallel Workers: 10
 Concurrent Workers: 3
 Concurrent Refinement Workers: 10
 Periodic GC: Disabled
Heap:
 garbage-first heap   total 102400K, used 84786K [0x0000000702e00000, 0x0000000800000000)
  region size 2048K, 30 young (61440K), 1 survivors (2048K)
 Metaspace       used 40078K, committed 40384K, reserved 1114112K
  class space    used 4669K, committed 4800K, reserved 1048576K
GC Heap History (14 events):
Event: 0.354 GC heap before
{Heap before GC invocations=0 (full 0):
 garbage-first heap   total 260096K, used 24576K [0x0000000702e00000, 0x0000000800000000)
  region size 2048K, 11 young (22528K), 0 survivors (0K)
 Metaspace       used 14024K, committed 14272K, reserved 1114112K
  class space    used 1369K, committed 1472K, reserved 1048576K
}
Event: 0.356 GC heap after
{Heap after GC invocations=1 (full 0):
 garbage-first heap   total 260096K, used 6997K [0x0000000702e00000, 0x0000000800000000)
  region size 2048K, 2 young (4096K), 2 survivors (4096K)
 Metaspace       used 14024K, committed 14272K, reserved 1114112K
  class space    used 1369K, committed 1472K, reserved 1048576K
}
Event: 0.580 GC heap before
{Heap before GC invocations=1 (full 0):
 garbage-first heap   total 260096K, used 29525K [0x0000000702e00000, 0x0000000800000000)
  region size 2048K, 14 young (28672K), 2 survivors (4096K)
 Metaspace       used 21296K, committed 21504K, reserved 1114112K
  class space    used 2209K, committed 2304K, reserved 1048576K
}
Event: 0.582 GC heap after
{Heap after GC invocations=2 (full 0):
 garbage-first heap   total 260096K, used 8320K [0x0000000702e00000, 0x0000000800000000)
  region size 2048K, 3 young (6144K), 3 survivors (6144K)
 Metaspace       used 21296K, committed 21504K, reserved 1114112K
  class space    used 2209K, committed 2304K, reserved 1048576K
}
Event: 0.716 GC heap before
{Heap before GC invocations=3 (full 0):
 garbage-first heap   total 40960K, used 39040K [0x0000000702e00000, 0x0000000800000000)
  region size 2048K, 18 young (36864K), 3 survivors (6144K)
 Metaspace       used 22257K, committed 22528K, reserved 1114112K
  class space    used 2357K, committed 2496K, reserved 1048576K
}
Event: 0.723 GC heap after
{Heap after GC invocations=4 (full 0):
 garbage-first heap   total 59392K, used 22528K [0x0000000702e00000, 0x0000000800000000)
  region size 2048K, 9 young (18432K), 9 survivors (18432K)
 Metaspace       used 22257K, committed 22528K, reserved 1114112K
  class space    used 2357K, committed 2496K, reserved 1048576K
}
Event: 0.860 GC heap before
{Heap before GC invocations=4 (full 0):
 garbage-first heap   total 59392K, used 36864K [0x0000000702e00000, 0x0000000800000000)
  region size 2048K, 16 young (32768K), 9 survivors (18432K)
 Metaspace       used 24804K, committed 25024K, reserved 1114112K
  class space    used 2643K, committed 2752K, reserved 1048576K
}
Event: 0.868 GC heap after
{Heap after GC invocations=5 (full 0):
 garbage-first heap   total 59392K, used 25092K [0x0000000702e00000, 0x0000000800000000)
  region size 2048K, 1 young (2048K), 1 survivors (2048K)
 Metaspace       used 24804K, committed 25024K, reserved 1114112K
  class space    used 2643K, committed 2752K, reserved 1048576K
}
Event: 1.032 GC heap before
{Heap before GC invocations=5 (full 0):
 garbage-first heap   total 59392K, used 43524K [0x0000000702e00000, 0x0000000800000000)
  region size 2048K, 10 young (20480K), 1 survivors (2048K)
 Metaspace       used 30581K, committed 30848K, reserved 1114112K
  class space    used 3765K, committed 3904K, reserved 1048576K
}
Event: 1.035 GC heap after
{Heap after GC invocations=6 (full 0):
 garbage-first heap   total 59392K, used 25496K [0x0000000702e00000, 0x0000000800000000)
  region size 2048K, 2 young (4096K), 2 survivors (4096K)
 Metaspace       used 30581K, committed 30848K, reserved 1114112K
  class space    used 3765K, committed 3904K, reserved 1048576K
}
Event: 1.156 GC heap before
{Heap before GC invocations=6 (full 0):
 garbage-first heap   total 59392K, used 41880K [0x0000000702e00000, 0x0000000800000000)
  region size 2048K, 11 young (22528K), 2 survivors (4096K)
 Metaspace       used 34389K, committed 34624K, reserved 1114112K
  class space    used 4152K, committed 4288K, reserved 1048576K
}
Event: 1.158 GC heap after
{Heap after GC invocations=7 (full 0):
 garbage-first heap   total 59392K, used 26858K [0x0000000702e00000, 0x0000000800000000)
  region size 2048K, 2 young (4096K), 2 survivors (4096K)
 Metaspace       used 34389K, committed 34624K, reserved 1114112K
  class space    used 4152K, committed 4288K, reserved 1048576K
}
Event: 1.204 GC heap before
{Heap before GC invocations=7 (full 0):
 garbage-first heap   total 59392K, used 28906K [0x0000000702e00000, 0x0000000800000000)
  region size 2048K, 5 young (10240K), 2 survivors (4096K)
 Metaspace       used 35875K, committed 36096K, reserved 1114112K
  class space    used 4314K, committed 4416K, reserved 1048576K
}
Event: 1.207 GC heap after
{Heap after GC invocations=8 (full 0):
 garbage-first heap   total 159744K, used 27442K [0x0000000702e00000, 0x0000000800000000)
  region size 2048K, 1 young (2048K), 1 survivors (2048K)
 Metaspace       used 35875K, committed 36096K, reserved 1114112K
  class space    used 4314K, committed 4416K, reserved 1048576K
}

