# JRE version: OpenJDK Runtime Environment (21.0.3) (build 21.0.3+-12282718-b509.11)
# Java VM: OpenJDK 64-Bit Server VM (21.0.3+-12282718-b509.11, mixed mode, tiered, compressed oops, compressed class ptrs, g1 gc, windows-amd64)
GC Precious Log:
 CardTable entry size: 512
 Card Set container configuration: InlinePtr #cards 4 size 8 Array Of Cards #cards 16 size 48 Howl #buckets 8 coarsen threshold 3686 Howl Bitmap #cards 512 size 80 coarsen threshold 460 Card regions per heap region 1 cards per card region 4096
 CPUs: 12 total, 12 available
 Memory: 16197M
 Large Page Support: Disabled
 NUMA Support: Disabled
 Compressed Oops: Enabled (Zero based)
 Heap Region Size: 2M
 Heap Min Capacity: 8M
 Heap Initial Capacity: 254M
 Heap Max Capacity: 4050M
 Pre-touch: Disabled
 Parallel Workers: 10
 Concurrent Workers: 3
 Concurrent Refinement Workers: 10
 Periodic GC: Disabled
Heap:
 garbage-first heap   total 200704K, used 130560K [0x0000000702e00000, 0x0000000800000000)
  region size 2048K, 6 young (12288K), 4 survivors (8192K)
 Metaspace       used 59251K, committed 59584K, reserved 1114112K
  class space    used 6561K, committed 6720K, reserved 1048576K
GC Heap History (20 events):
Event: 1.051 GC heap before
{Heap before GC invocations=6 (full 0):
 garbage-first heap   total 53248K, used 40000K [0x0000000702e00000, 0x0000000800000000)
  region size 2048K, 9 young (18432K), 1 survivors (2048K)
 Metaspace       used 32658K, committed 32896K, reserved 1114112K
  class space    used 3985K, committed 4096K, reserved 1048576K
}
Event: 1.053 GC heap after
{Heap after GC invocations=7 (full 0):
 garbage-first heap   total 53248K, used 27279K [0x0000000702e00000, 0x0000000800000000)
  region size 2048K, 2 young (4096K), 2 survivors (4096K)
 Metaspace       used 32658K, committed 32896K, reserved 1114112K
  class space    used 3985K, committed 4096K, reserved 1048576K
}
Event: 1.159 GC heap before
{Heap before GC invocations=8 (full 0):
 garbage-first heap   total 53248K, used 39567K [0x0000000702e00000, 0x0000000800000000)
  region size 2048K, 9 young (18432K), 2 survivors (4096K)
 Metaspace       used 36133K, committed 36416K, reserved 1114112K
  class space    used 4330K, committed 4480K, reserved 1048576K
}
Event: 1.162 GC heap after
{Heap after GC invocations=9 (full 0):
 garbage-first heap   total 157696K, used 27813K [0x0000000702e00000, 0x0000000800000000)
  region size 2048K, 2 young (4096K), 2 survivors (4096K)
 Metaspace       used 36133K, committed 36416K, reserved 1114112K
  class space    used 4330K, committed 4480K, reserved 1048576K
}
Event: 1.782 GC heap before
{Heap before GC invocations=9 (full 0):
 garbage-first heap   total 157696K, used 117925K [0x0000000702e00000, 0x0000000800000000)
  region size 2048K, 46 young (94208K), 2 survivors (4096K)
 Metaspace       used 40463K, committed 40704K, reserved 1114112K
  class space    used 4690K, committed 4800K, reserved 1048576K
}
Event: 1.800 GC heap after
{Heap after GC invocations=10 (full 0):
 garbage-first heap   total 157696K, used 51200K [0x0000000702e00000, 0x0000000800000000)
  region size 2048K, 6 young (12288K), 6 survivors (12288K)
 Metaspace       used 40463K, committed 40704K, reserved 1114112K
  class space    used 4690K, committed 4800K, reserved 1048576K
}
Event: 2.343 GC heap before
{Heap before GC invocations=10 (full 0):
 garbage-first heap   total 157696K, used 96256K [0x0000000702e00000, 0x0000000800000000)
  region size 2048K, 28 young (57344K), 6 survivors (12288K)
 Metaspace       used 45718K, committed 45952K, reserved 1114112K
  class space    used 5221K, committed 5312K, reserved 1048576K
}
Event: 2.361 GC heap after
{Heap after GC invocations=11 (full 0):
 garbage-first heap   total 157696K, used 60791K [0x0000000702e00000, 0x0000000800000000)
  region size 2048K, 4 young (8192K), 4 survivors (8192K)
 Metaspace       used 45718K, committed 45952K, reserved 1114112K
  class space    used 5221K, committed 5312K, reserved 1048576K
}
Event: 2.719 GC heap before
{Heap before GC invocations=11 (full 0):
 garbage-first heap   total 157696K, used 114039K [0x0000000702e00000, 0x0000000800000000)
  region size 2048K, 30 young (61440K), 4 survivors (8192K)
 Metaspace       used 47825K, committed 48064K, reserved 1114112K
  class space    used 5401K, committed 5504K, reserved 1048576K
}
Event: 2.732 GC heap after
{Heap after GC invocations=12 (full 0):
 garbage-first heap   total 157696K, used 74527K [0x0000000702e00000, 0x0000000800000000)
  region size 2048K, 4 young (8192K), 4 survivors (8192K)
 Metaspace       used 47825K, committed 48064K, reserved 1114112K
  class space    used 5401K, committed 5504K, reserved 1048576K
}
Event: 3.025 GC heap before
{Heap before GC invocations=12 (full 0):
 garbage-first heap   total 157696K, used 121631K [0x0000000702e00000, 0x0000000800000000)
  region size 2048K, 27 young (55296K), 4 survivors (8192K)
 Metaspace       used 48351K, committed 48640K, reserved 1114112K
  class space    used 5432K, committed 5568K, reserved 1048576K
}
Event: 3.035 GC heap after
{Heap after GC invocations=13 (full 0):
 garbage-first heap   total 200704K, used 91945K [0x0000000702e00000, 0x0000000800000000)
  region size 2048K, 4 young (8192K), 4 survivors (8192K)
 Metaspace       used 48351K, committed 48640K, reserved 1114112K
  class space    used 5432K, committed 5568K, reserved 1048576K
}
Event: 3.601 GC heap before
{Heap before GC invocations=13 (full 0):
 garbage-first heap   total 200704K, used 137001K [0x0000000702e00000, 0x0000000800000000)
  region size 2048K, 27 young (55296K), 4 survivors (8192K)
 Metaspace       used 55038K, committed 55296K, reserved 1114112K
  class space    used 6254K, committed 6400K, reserved 1048576K
}
Event: 3.607 GC heap after
{Heap after GC invocations=14 (full 0):
 garbage-first heap   total 200704K, used 99779K [0x0000000702e00000, 0x0000000800000000)
  region size 2048K, 4 young (8192K), 4 survivors (8192K)
 Metaspace       used 55038K, committed 55296K, reserved 1114112K
  class space    used 6254K, committed 6400K, reserved 1048576K
}
Event: 4.184 GC heap before
{Heap before GC invocations=15 (full 0):
 garbage-first heap   total 200704K, used 161219K [0x0000000702e00000, 0x0000000800000000)
  region size 2048K, 34 young (69632K), 4 survivors (8192K)
 Metaspace       used 57675K, committed 57984K, reserved 1114112K
  class space    used 6474K, committed 6592K, reserved 1048576K
}
Event: 4.192 GC heap after
{Heap after GC invocations=16 (full 0):
 garbage-first heap   total 200704K, used 110423K [0x0000000702e00000, 0x0000000800000000)
  region size 2048K, 5 young (10240K), 5 survivors (10240K)
 Metaspace       used 57675K, committed 57984K, reserved 1114112K
  class space    used 6474K, committed 6592K, reserved 1048576K
}
Event: 4.602 GC heap before
{Heap before GC invocations=16 (full 0):
 garbage-first heap   total 200704K, used 167767K [0x0000000702e00000, 0x0000000800000000)
  region size 2048K, 33 young (67584K), 5 survivors (10240K)
 Metaspace       used 58698K, committed 59008K, reserved 1114112K
  class space    used 6527K, committed 6656K, reserved 1048576K
}
Event: 4.614 GC heap after
{Heap after GC invocations=17 (full 0):
 garbage-first heap   total 200704K, used 120515K [0x0000000702e00000, 0x0000000800000000)
  region size 2048K, 5 young (10240K), 5 survivors (10240K)
 Metaspace       used 58698K, committed 59008K, reserved 1114112K
  class space    used 6527K, committed 6656K, reserved 1048576K
}
Event: 4.993 GC heap before
{Heap before GC invocations=17 (full 0):
 garbage-first heap   total 200704K, used 171715K [0x0000000702e00000, 0x0000000800000000)
  region size 2048K, 30 young (61440K), 5 survivors (10240K)
 Metaspace       used 59244K, committed 59584K, reserved 1114112K
  class space    used 6561K, committed 6720K, reserved 1048576K
}
Event: 5.000 GC heap after
{Heap after GC invocations=18 (full 0):
 garbage-first heap   total 200704K, used 128512K [0x0000000702e00000, 0x0000000800000000)
  region size 2048K, 4 young (8192K), 4 survivors (8192K)
 Metaspace       used 59244K, committed 59584K, reserved 1114112K
  class space    used 6561K, committed 6720K, reserved 1048576K
}

