# JRE version: OpenJDK Runtime Environment (21.0.3) (build 21.0.3+-12282718-b509.11)
# Java VM: OpenJDK 64-Bit Server VM (21.0.3+-12282718-b509.11, mixed mode, tiered, compressed oops, compressed class ptrs, g1 gc, windows-amd64)
GC Precious Log:
 CardTable entry size: 512
 Card Set container configuration: InlinePtr #cards 4 size 8 Array Of Cards #cards 16 size 48 Howl #buckets 8 coarsen threshold 3686 Howl Bitmap #cards 512 size 80 coarsen threshold 460 Card regions per heap region 1 cards per card region 4096
 CPUs: 12 total, 12 available
 Memory: 16197M
 Large Page Support: Disabled
 NUMA Support: Disabled
 Compressed Oops: Enabled (Zero based)
 Heap Region Size: 2M
 Heap Min Capacity: 8M
 Heap Initial Capacity: 254M
 Heap Max Capacity: 4050M
 Pre-touch: Disabled
 Parallel Workers: 10
 Concurrent Workers: 3
 Concurrent Refinement Workers: 10
 Periodic GC: Disabled
Heap:
 garbage-first heap   total 204800K, used 100905K [0x0000000702e00000, 0x0000000800000000)
  region size 2048K, 5 young (10240K), 2 survivors (4096K)
 Metaspace       used 55915K, committed 56192K, reserved 1114112K
  class space    used 6157K, committed 6272K, reserved 1048576K
GC Heap History (20 events):
Event: 0.758 GC heap before
{Heap before GC invocations=4 (full 0):
 garbage-first heap   total 49152K, used 34065K [0x0000000702e00000, 0x0000000800000000)
  region size 2048K, 13 young (26624K), 5 survivors (10240K)
 Metaspace       used 28751K, committed 28992K, reserved 1114112K
  class space    used 3470K, committed 3584K, reserved 1048576K
}
Event: 0.764 GC heap after
{Heap after GC invocations=5 (full 0):
 garbage-first heap   total 49152K, used 19685K [0x0000000702e00000, 0x0000000800000000)
  region size 2048K, 1 young (2048K), 1 survivors (2048K)
 Metaspace       used 28751K, committed 28992K, reserved 1114112K
  class space    used 3470K, committed 3584K, reserved 1048576K
}
Event: 0.893 GC heap before
{Heap before GC invocations=5 (full 0):
 garbage-first heap   total 49152K, used 36069K [0x0000000702e00000, 0x0000000800000000)
  region size 2048K, 10 young (20480K), 1 survivors (2048K)
 Metaspace       used 32925K, committed 33216K, reserved 1114112K
  class space    used 4022K, committed 4160K, reserved 1048576K
}
Event: 0.895 GC heap after
{Heap after GC invocations=6 (full 0):
 garbage-first heap   total 49152K, used 20493K [0x0000000702e00000, 0x0000000800000000)
  region size 2048K, 2 young (4096K), 2 survivors (4096K)
 Metaspace       used 32925K, committed 33216K, reserved 1114112K
  class space    used 4022K, committed 4160K, reserved 1048576K
}
Event: 0.971 GC heap before
{Heap before GC invocations=6 (full 0):
 garbage-first heap   total 49152K, used 30733K [0x0000000702e00000, 0x0000000800000000)
  region size 2048K, 8 young (16384K), 2 survivors (4096K)
 Metaspace       used 35740K, committed 35968K, reserved 1114112K
  class space    used 4319K, committed 4416K, reserved 1048576K
}
Event: 0.973 GC heap after
{Heap after GC invocations=7 (full 0):
 garbage-first heap   total 49152K, used 21372K [0x0000000702e00000, 0x0000000800000000)
  region size 2048K, 2 young (4096K), 2 survivors (4096K)
 Metaspace       used 35740K, committed 35968K, reserved 1114112K
  class space    used 4319K, committed 4416K, reserved 1048576K
}
Event: 1.122 GC heap before
{Heap before GC invocations=8 (full 0):
 garbage-first heap   total 49152K, used 37756K [0x0000000702e00000, 0x0000000800000000)
  region size 2048K, 10 young (20480K), 2 survivors (4096K)
 Metaspace       used 38809K, committed 39104K, reserved 1114112K
  class space    used 4594K, committed 4736K, reserved 1048576K
}
Event: 1.126 GC heap after
{Heap after GC invocations=9 (full 0):
 garbage-first heap   total 155648K, used 24026K [0x0000000702e00000, 0x0000000800000000)
  region size 2048K, 2 young (4096K), 2 survivors (4096K)
 Metaspace       used 38809K, committed 39104K, reserved 1114112K
  class space    used 4594K, committed 4736K, reserved 1048576K
}
Event: 1.665 GC heap before
{Heap before GC invocations=9 (full 0):
 garbage-first heap   total 155648K, used 110042K [0x0000000702e00000, 0x0000000800000000)
  region size 2048K, 45 young (92160K), 2 survivors (4096K)
 Metaspace       used 46896K, committed 47168K, reserved 1114112K
  class space    used 5364K, committed 5504K, reserved 1048576K
}
Event: 1.677 GC heap after
{Heap after GC invocations=10 (full 0):
 garbage-first heap   total 155648K, used 42855K [0x0000000702e00000, 0x0000000800000000)
  region size 2048K, 6 young (12288K), 6 survivors (12288K)
 Metaspace       used 46896K, committed 47168K, reserved 1114112K
  class space    used 5364K, committed 5504K, reserved 1048576K
}
Event: 1.931 GC heap before
{Heap before GC invocations=10 (full 0):
 garbage-first heap   total 155648K, used 108391K [0x0000000702e00000, 0x0000000800000000)
  region size 2048K, 39 young (79872K), 6 survivors (12288K)
 Metaspace       used 50810K, committed 51072K, reserved 1114112K
  class space    used 5794K, committed 5888K, reserved 1048576K
}
Event: 1.948 GC heap after
{Heap after GC invocations=11 (full 0):
 garbage-first heap   total 155648K, used 61440K [0x0000000702e00000, 0x0000000800000000)
  region size 2048K, 5 young (10240K), 5 survivors (10240K)
 Metaspace       used 50810K, committed 51072K, reserved 1114112K
  class space    used 5794K, committed 5888K, reserved 1048576K
}
Event: 2.345 GC heap before
{Heap before GC invocations=11 (full 0):
 garbage-first heap   total 155648K, used 114688K [0x0000000702e00000, 0x0000000800000000)
  region size 2048K, 31 young (63488K), 5 survivors (10240K)
 Metaspace       used 53281K, committed 53568K, reserved 1114112K
  class space    used 6028K, committed 6144K, reserved 1048576K
}
Event: 2.354 GC heap after
{Heap after GC invocations=12 (full 0):
 garbage-first heap   total 155648K, used 73728K [0x0000000702e00000, 0x0000000800000000)
  region size 2048K, 4 young (8192K), 4 survivors (8192K)
 Metaspace       used 53281K, committed 53568K, reserved 1114112K
  class space    used 6028K, committed 6144K, reserved 1048576K
}
Event: 2.722 GC heap before
{Heap before GC invocations=12 (full 0):
 garbage-first heap   total 155648K, used 122880K [0x0000000702e00000, 0x0000000800000000)
  region size 2048K, 28 young (57344K), 4 survivors (8192K)
 Metaspace       used 54385K, committed 54656K, reserved 1114112K
  class space    used 6073K, committed 6208K, reserved 1048576K
}
Event: 2.730 GC heap after
{Heap after GC invocations=13 (full 0):
 garbage-first heap   total 204800K, used 81353K [0x0000000702e00000, 0x0000000800000000)
  region size 2048K, 4 young (8192K), 4 survivors (8192K)
 Metaspace       used 54385K, committed 54656K, reserved 1114112K
  class space    used 6073K, committed 6208K, reserved 1048576K
}
Event: 3.342 GC heap before
{Heap before GC invocations=13 (full 0):
 garbage-first heap   total 204800K, used 159177K [0x0000000702e00000, 0x0000000800000000)
  region size 2048K, 42 young (86016K), 4 survivors (8192K)
 Metaspace       used 55502K, committed 55808K, reserved 1114112K
  class space    used 6127K, committed 6272K, reserved 1048576K
}
Event: 3.349 GC heap after
{Heap after GC invocations=14 (full 0):
 garbage-first heap   total 204800K, used 91529K [0x0000000702e00000, 0x0000000800000000)
  region size 2048K, 6 young (12288K), 6 survivors (12288K)
 Metaspace       used 55502K, committed 55808K, reserved 1114112K
  class space    used 6127K, committed 6272K, reserved 1048576K
}
Event: 3.525 GC heap before
{Heap before GC invocations=14 (full 0):
 garbage-first heap   total 204800K, used 114057K [0x0000000702e00000, 0x0000000800000000)
  region size 2048K, 18 young (36864K), 6 survivors (12288K)
 Metaspace       used 55897K, committed 56192K, reserved 1114112K
  class space    used 6157K, committed 6272K, reserved 1048576K
}
Event: 3.532 GC heap after
{Heap after GC invocations=15 (full 0):
 garbage-first heap   total 204800K, used 96809K [0x0000000702e00000, 0x0000000800000000)
  region size 2048K, 2 young (4096K), 2 survivors (4096K)
 Metaspace       used 55897K, committed 56192K, reserved 1114112K
  class space    used 6157K, committed 6272K, reserved 1048576K
}

