# JRE version: OpenJDK Runtime Environment (21.0.3) (build 21.0.3+-12282718-b509.11)
# Java VM: OpenJDK 64-Bit Server VM (21.0.3+-12282718-b509.11, mixed mode, tiered, compressed oops, compressed class ptrs, g1 gc, windows-amd64)
GC Precious Log:
 CardTable entry size: 512
 Card Set container configuration: InlinePtr #cards 4 size 8 Array Of Cards #cards 16 size 48 Howl #buckets 8 coarsen threshold 3686 Howl Bitmap #cards 512 size 80 coarsen threshold 460 Card regions per heap region 1 cards per card region 4096
 CPUs: 12 total, 12 available
 Memory: 16197M
 Large Page Support: Disabled
 NUMA Support: Disabled
 Compressed Oops: Enabled (Zero based)
 Heap Region Size: 2M
 Heap Min Capacity: 8M
 Heap Initial Capacity: 254M
 Heap Max Capacity: 4050M
 Pre-touch: Disabled
 Parallel Workers: 10
 Concurrent Workers: 3
 Concurrent Refinement Workers: 10
 Periodic GC: Disabled
Heap:
 garbage-first heap   total 292864K, used 263221K [0x0000000702e00000, 0x0000000800000000)
  region size 2048K, 60 young (122880K), 8 survivors (16384K)
 Metaspace       used 64194K, committed 64512K, reserved 1114112K
  class space    used 6952K, committed 7104K, reserved 1048576K
GC Heap History (20 events):
Event: 3.354 GC heap after
{Heap after GC invocations=17 (full 0):
 garbage-first heap   total 172032K, used 106959K [0x0000000702e00000, 0x0000000800000000)
  region size 2048K, 3 young (6144K), 3 survivors (6144K)
 Metaspace       used 56795K, committed 57152K, reserved 1114112K
  class space    used 6443K, committed 6592K, reserved 1048576K
}
Event: 3.720 GC heap before
{Heap before GC invocations=17 (full 0):
 garbage-first heap   total 172032K, used 145871K [0x0000000702e00000, 0x0000000800000000)
  region size 2048K, 22 young (45056K), 3 survivors (6144K)
 Metaspace       used 58111K, committed 58432K, reserved 1114112K
  class space    used 6523K, committed 6656K, reserved 1048576K
}
Event: 3.728 GC heap after
{Heap after GC invocations=18 (full 0):
 garbage-first heap   total 172032K, used 114055K [0x0000000702e00000, 0x0000000800000000)
  region size 2048K, 3 young (6144K), 3 survivors (6144K)
 Metaspace       used 58111K, committed 58432K, reserved 1114112K
  class space    used 6523K, committed 6656K, reserved 1048576K
}
Event: 3.973 GC heap before
{Heap before GC invocations=18 (full 0):
 garbage-first heap   total 172032K, used 148871K [0x0000000702e00000, 0x0000000800000000)
  region size 2048K, 20 young (40960K), 3 survivors (6144K)
 Metaspace       used 58570K, committed 58880K, reserved 1114112K
  class space    used 6530K, committed 6656K, reserved 1048576K
}
Event: 3.979 GC heap after
{Heap after GC invocations=19 (full 0):
 garbage-first heap   total 229376K, used 121660K [0x0000000702e00000, 0x0000000800000000)
  region size 2048K, 3 young (6144K), 3 survivors (6144K)
 Metaspace       used 58570K, committed 58880K, reserved 1114112K
  class space    used 6530K, committed 6656K, reserved 1048576K
}
Event: 4.525 GC heap before
{Heap before GC invocations=20 (full 0):
 garbage-first heap   total 229376K, used 189244K [0x0000000702e00000, 0x0000000800000000)
  region size 2048K, 36 young (73728K), 3 survivors (6144K)
 Metaspace       used 59233K, committed 59584K, reserved 1114112K
  class space    used 6564K, committed 6720K, reserved 1048576K
}
Event: 4.530 GC heap after
{Heap after GC invocations=21 (full 0):
 garbage-first heap   total 229376K, used 129156K [0x0000000702e00000, 0x0000000800000000)
  region size 2048K, 4 young (8192K), 4 survivors (8192K)
 Metaspace       used 59233K, committed 59584K, reserved 1114112K
  class space    used 6564K, committed 6720K, reserved 1048576K
}
Event: 4.945 GC heap before
{Heap before GC invocations=21 (full 0):
 garbage-first heap   total 229376K, used 194692K [0x0000000702e00000, 0x0000000800000000)
  region size 2048K, 36 young (73728K), 4 survivors (8192K)
 Metaspace       used 59635K, committed 59904K, reserved 1114112K
  class space    used 6590K, committed 6720K, reserved 1048576K
}
Event: 4.951 GC heap after
{Heap after GC invocations=22 (full 0):
 garbage-first heap   total 229376K, used 132995K [0x0000000702e00000, 0x0000000800000000)
  region size 2048K, 3 young (6144K), 3 survivors (6144K)
 Metaspace       used 59635K, committed 59904K, reserved 1114112K
  class space    used 6590K, committed 6720K, reserved 1048576K
}
Event: 5.404 GC heap before
{Heap before GC invocations=22 (full 0):
 garbage-first heap   total 229376K, used 200579K [0x0000000702e00000, 0x0000000800000000)
  region size 2048K, 36 young (73728K), 3 survivors (6144K)
 Metaspace       used 60183K, committed 60480K, reserved 1114112K
  class space    used 6624K, committed 6784K, reserved 1048576K
}
Event: 5.410 GC heap after
{Heap after GC invocations=23 (full 0):
 garbage-first heap   total 229376K, used 137657K [0x0000000702e00000, 0x0000000800000000)
  region size 2048K, 3 young (6144K), 3 survivors (6144K)
 Metaspace       used 60183K, committed 60480K, reserved 1114112K
  class space    used 6624K, committed 6784K, reserved 1048576K
}
Event: 5.948 GC heap before
{Heap before GC invocations=24 (full 0):
 garbage-first heap   total 243712K, used 203193K [0x0000000702e00000, 0x0000000800000000)
  region size 2048K, 35 young (71680K), 3 survivors (6144K)
 Metaspace       used 60415K, committed 60800K, reserved 1114112K
  class space    used 6629K, committed 6784K, reserved 1048576K
}
Event: 5.954 GC heap after
{Heap after GC invocations=25 (full 0):
 garbage-first heap   total 243712K, used 141666K [0x0000000702e00000, 0x0000000800000000)
  region size 2048K, 5 young (10240K), 5 survivors (10240K)
 Metaspace       used 60415K, committed 60800K, reserved 1114112K
  class space    used 6629K, committed 6784K, reserved 1048576K
}
Event: 6.632 GC heap before
{Heap before GC invocations=25 (full 0):
 garbage-first heap   total 243712K, used 217442K [0x0000000702e00000, 0x0000000800000000)
  region size 2048K, 42 young (86016K), 5 survivors (10240K)
 Metaspace       used 60664K, committed 60992K, reserved 1114112K
  class space    used 6640K, committed 6784K, reserved 1048576K
}
Event: 6.645 GC heap after
{Heap after GC invocations=26 (full 0):
 garbage-first heap   total 243712K, used 147401K [0x0000000702e00000, 0x0000000800000000)
  region size 2048K, 6 young (12288K), 6 survivors (12288K)
 Metaspace       used 60664K, committed 60992K, reserved 1114112K
  class space    used 6640K, committed 6784K, reserved 1048576K
}
Event: 6.985 GC heap before
{Heap before GC invocations=26 (full 0):
 garbage-first heap   total 243712K, used 214985K [0x0000000702e00000, 0x0000000800000000)
  region size 2048K, 39 young (79872K), 6 survivors (12288K)
 Metaspace       used 60859K, committed 61184K, reserved 1114112K
  class space    used 6646K, committed 6784K, reserved 1048576K
}
Event: 6.992 GC heap after
{Heap after GC invocations=27 (full 0):
 garbage-first heap   total 292864K, used 150588K [0x0000000702e00000, 0x0000000800000000)
  region size 2048K, 2 young (4096K), 2 survivors (4096K)
 Metaspace       used 60859K, committed 61184K, reserved 1114112K
  class space    used 6646K, committed 6784K, reserved 1048576K
}
Event: 7.575 GC heap before
{Heap before GC invocations=28 (full 0):
 garbage-first heap   total 292864K, used 263228K [0x0000000702e00000, 0x0000000800000000)
  region size 2048K, 57 young (116736K), 2 survivors (4096K)
 Metaspace       used 61065K, committed 61376K, reserved 1114112K
  class space    used 6658K, committed 6784K, reserved 1048576K
}
Event: 7.581 GC heap after
{Heap after GC invocations=29 (full 0):
 garbage-first heap   total 292864K, used 156725K [0x0000000702e00000, 0x0000000800000000)
  region size 2048K, 5 young (10240K), 5 survivors (10240K)
 Metaspace       used 61065K, committed 61376K, reserved 1114112K
  class space    used 6658K, committed 6784K, reserved 1048576K
}
Event: 8.276 GC heap before
{Heap before GC invocations=29 (full 0):
 garbage-first heap   total 292864K, used 263221K [0x0000000702e00000, 0x0000000800000000)
  region size 2048K, 57 young (116736K), 5 survivors (10240K)
 Metaspace       used 64194K, committed 64512K, reserved 1114112K
  class space    used 6952K, committed 7104K, reserved 1048576K
}

