# JRE version: OpenJDK Runtime Environment (21.0.3) (build 21.0.3+-12282718-b509.11)
# Java VM: OpenJDK 64-Bit Server VM (21.0.3+-12282718-b509.11, mixed mode, tiered, compressed oops, compressed class ptrs, g1 gc, windows-amd64)
GC Precious Log:
 CardTable entry size: 512
 Card Set container configuration: InlinePtr #cards 4 size 8 Array Of Cards #cards 16 size 48 Howl #buckets 8 coarsen threshold 3686 Howl Bitmap #cards 512 size 80 coarsen threshold 460 Card regions per heap region 1 cards per card region 4096
 CPUs: 12 total, 12 available
 Memory: 16197M
 Large Page Support: Disabled
 NUMA Support: Disabled
 Compressed Oops: Enabled (Zero based)
 Heap Region Size: 2M
 Heap Min Capacity: 8M
 Heap Initial Capacity: 254M
 Heap Max Capacity: 4050M
 Pre-touch: Disabled
 Parallel Workers: 10
 Concurrent Workers: 3
 Concurrent Refinement Workers: 10
 Periodic GC: Disabled
Heap:
 garbage-first heap   total 114688K, used 76879K [0x0000000702e00000, 0x0000000800000000)
  region size 2048K, 5 young (10240K), 2 survivors (4096K)
 Metaspace       used 50504K, committed 50816K, reserved 1114112K
  class space    used 5753K, committed 5888K, reserved 1048576K
GC Heap History (20 events):
Event: 0.704 GC heap after
{Heap after GC invocations=4 (full 0):
 garbage-first heap   total 51200K, used 18561K [0x0000000702e00000, 0x0000000800000000)
  region size 2048K, 5 young (10240K), 5 survivors (10240K)
 Metaspace       used 23020K, committed 23232K, reserved 1114112K
  class space    used 2462K, committed 2560K, reserved 1048576K
}
Event: 0.845 GC heap before
{Heap before GC invocations=4 (full 0):
 garbage-first heap   total 51200K, used 34945K [0x0000000702e00000, 0x0000000800000000)
  region size 2048K, 13 young (26624K), 5 survivors (10240K)
 Metaspace       used 27353K, committed 27584K, reserved 1114112K
  class space    used 2975K, committed 3072K, reserved 1048576K
}
Event: 0.851 GC heap after
{Heap after GC invocations=5 (full 0):
 garbage-first heap   total 51200K, used 20718K [0x0000000702e00000, 0x0000000800000000)
  region size 2048K, 1 young (2048K), 1 survivors (2048K)
 Metaspace       used 27353K, committed 27584K, reserved 1114112K
  class space    used 2975K, committed 3072K, reserved 1048576K
}
Event: 1.011 GC heap before
{Heap before GC invocations=5 (full 0):
 garbage-first heap   total 51200K, used 35054K [0x0000000702e00000, 0x0000000800000000)
  region size 2048K, 9 young (18432K), 1 survivors (2048K)
 Metaspace       used 31859K, committed 32128K, reserved 1114112K
  class space    used 3907K, committed 4032K, reserved 1048576K
}
Event: 1.013 GC heap after
{Heap after GC invocations=6 (full 0):
 garbage-first heap   total 51200K, used 22043K [0x0000000702e00000, 0x0000000800000000)
  region size 2048K, 2 young (4096K), 2 survivors (4096K)
 Metaspace       used 31859K, committed 32128K, reserved 1114112K
  class space    used 3907K, committed 4032K, reserved 1048576K
}
Event: 1.127 GC heap before
{Heap before GC invocations=6 (full 0):
 garbage-first heap   total 51200K, used 36379K [0x0000000702e00000, 0x0000000800000000)
  region size 2048K, 10 young (20480K), 2 survivors (4096K)
 Metaspace       used 35695K, committed 35968K, reserved 1114112K
  class space    used 4314K, committed 4416K, reserved 1048576K
}
Event: 1.130 GC heap after
{Heap after GC invocations=7 (full 0):
 garbage-first heap   total 51200K, used 23228K [0x0000000702e00000, 0x0000000800000000)
  region size 2048K, 2 young (4096K), 2 survivors (4096K)
 Metaspace       used 35695K, committed 35968K, reserved 1114112K
  class space    used 4314K, committed 4416K, reserved 1048576K
}
Event: 1.132 GC heap before
{Heap before GC invocations=7 (full 0):
 garbage-first heap   total 51200K, used 23228K [0x0000000702e00000, 0x0000000800000000)
  region size 2048K, 3 young (6144K), 2 survivors (4096K)
 Metaspace       used 35740K, committed 35968K, reserved 1114112K
  class space    used 4314K, committed 4416K, reserved 1048576K
}
Event: 1.134 GC heap after
{Heap after GC invocations=8 (full 0):
 garbage-first heap   total 155648K, used 23105K [0x0000000702e00000, 0x0000000800000000)
  region size 2048K, 1 young (2048K), 1 survivors (2048K)
 Metaspace       used 35740K, committed 35968K, reserved 1114112K
  class space    used 4314K, committed 4416K, reserved 1048576K
}
Event: 1.539 GC heap before
{Heap before GC invocations=9 (full 0):
 garbage-first heap   total 90112K, used 72257K [0x0000000702e00000, 0x0000000800000000)
  region size 2048K, 26 young (53248K), 1 survivors (2048K)
 Metaspace       used 39933K, committed 40256K, reserved 1114112K
  class space    used 4662K, committed 4800K, reserved 1048576K
}
Event: 1.548 GC heap after
{Heap after GC invocations=10 (full 0):
 garbage-first heap   total 90112K, used 35591K [0x0000000702e00000, 0x0000000800000000)
  region size 2048K, 4 young (8192K), 4 survivors (8192K)
 Metaspace       used 39933K, committed 40256K, reserved 1114112K
  class space    used 4662K, committed 4800K, reserved 1048576K
}
Event: 1.797 GC heap before
{Heap before GC invocations=10 (full 0):
 garbage-first heap   total 90112K, used 64263K [0x0000000702e00000, 0x0000000800000000)
  region size 2048K, 19 young (38912K), 4 survivors (8192K)
 Metaspace       used 44781K, committed 45056K, reserved 1114112K
  class space    used 5165K, committed 5312K, reserved 1048576K
}
Event: 1.810 GC heap after
{Heap after GC invocations=11 (full 0):
 garbage-first heap   total 90112K, used 39288K [0x0000000702e00000, 0x0000000800000000)
  region size 2048K, 2 young (4096K), 2 survivors (4096K)
 Metaspace       used 44781K, committed 45056K, reserved 1114112K
  class space    used 5165K, committed 5312K, reserved 1048576K
}
Event: 2.021 GC heap before
{Heap before GC invocations=11 (full 0):
 garbage-first heap   total 90112K, used 67960K [0x0000000702e00000, 0x0000000800000000)
  region size 2048K, 16 young (32768K), 2 survivors (4096K)
 Metaspace       used 46826K, committed 47168K, reserved 1114112K
  class space    used 5363K, committed 5504K, reserved 1048576K
}
Event: 2.029 GC heap after
{Heap after GC invocations=12 (full 0):
 garbage-first heap   total 90112K, used 46677K [0x0000000702e00000, 0x0000000800000000)
  region size 2048K, 2 young (4096K), 2 survivors (4096K)
 Metaspace       used 46826K, committed 47168K, reserved 1114112K
  class space    used 5363K, committed 5504K, reserved 1048576K
}
Event: 2.092 GC heap before
{Heap before GC invocations=12 (full 0):
 garbage-first heap   total 90112K, used 71253K [0x0000000702e00000, 0x0000000800000000)
  region size 2048K, 15 young (30720K), 2 survivors (4096K)
 Metaspace       used 47065K, committed 47360K, reserved 1114112K
  class space    used 5372K, committed 5504K, reserved 1048576K
}
Event: 2.101 GC heap after
{Heap after GC invocations=13 (full 0):
 garbage-first heap   total 114688K, used 56917K [0x0000000702e00000, 0x0000000800000000)
  region size 2048K, 2 young (4096K), 2 survivors (4096K)
 Metaspace       used 47065K, committed 47360K, reserved 1114112K
  class space    used 5372K, committed 5504K, reserved 1048576K
}
Event: 2.215 GC heap before
{Heap before GC invocations=14 (full 0):
 garbage-first heap   total 114688K, used 89685K [0x0000000702e00000, 0x0000000800000000)
  region size 2048K, 18 young (36864K), 2 survivors (4096K)
 Metaspace       used 47462K, committed 47680K, reserved 1114112K
  class space    used 5399K, committed 5504K, reserved 1048576K
}
Event: 2.223 GC heap after
{Heap after GC invocations=15 (full 0):
 garbage-first heap   total 114688K, used 67157K [0x0000000702e00000, 0x0000000800000000)
  region size 2048K, 3 young (6144K), 3 survivors (6144K)
 Metaspace       used 47462K, committed 47680K, reserved 1114112K
  class space    used 5399K, committed 5504K, reserved 1048576K
}
Event: 2.395 GC heap before
{Heap before GC invocations=15 (full 0):
 garbage-first heap   total 114688K, used 93781K [0x0000000702e00000, 0x0000000800000000)
  region size 2048K, 16 young (32768K), 3 survivors (6144K)
 Metaspace       used 49856K, committed 50112K, reserved 1114112K
  class space    used 5662K, committed 5760K, reserved 1048576K
}

