# JRE version: OpenJDK Runtime Environment (21.0.3) (build 21.0.3+-12282718-b509.11)
# Java VM: OpenJDK 64-Bit Server VM (21.0.3+-12282718-b509.11, mixed mode, tiered, compressed oops, compressed class ptrs, g1 gc, windows-amd64)
GC Precious Log:
 CardTable entry size: 512
 Card Set container configuration: InlinePtr #cards 4 size 8 Array Of Cards #cards 16 size 48 Howl #buckets 8 coarsen threshold 3686 Howl Bitmap #cards 512 size 80 coarsen threshold 460 Card regions per heap region 1 cards per card region 4096
 CPUs: 12 total, 12 available
 Memory: 16197M
 Large Page Support: Disabled
 NUMA Support: Disabled
 Compressed Oops: Enabled (Zero based)
 Heap Region Size: 2M
 Heap Min Capacity: 8M
 Heap Initial Capacity: 254M
 Heap Max Capacity: 4050M
 Pre-touch: Disabled
 Parallel Workers: 10
 Concurrent Workers: 3
 Concurrent Refinement Workers: 10
 Periodic GC: Disabled
Heap:
 garbage-first heap   total 161792K, used 116736K [0x0000000702e00000, 0x0000000800000000)
  region size 2048K, 24 young (49152K), 4 survivors (8192K)
 Metaspace       used 53151K, committed 53440K, reserved 1114112K
  class space    used 6023K, committed 6144K, reserved 1048576K
GC Heap History (20 events):
Event: 0.602 GC heap before
{Heap before GC invocations=3 (full 0):
 garbage-first heap   total 34816K, used 34790K [0x0000000702e00000, 0x0000000800000000)
  region size 2048K, 15 young (30720K), 2 survivors (4096K)
 Metaspace       used 23142K, committed 23424K, reserved 1114112K
  class space    used 2490K, committed 2624K, reserved 1048576K
}
Event: 0.607 GC heap after
{Heap after GC invocations=4 (full 0):
 garbage-first heap   total 51200K, used 19523K [0x0000000702e00000, 0x0000000800000000)
  region size 2048K, 8 young (16384K), 8 survivors (16384K)
 Metaspace       used 23142K, committed 23424K, reserved 1114112K
  class space    used 2490K, committed 2624K, reserved 1048576K
}
Event: 0.686 GC heap before
{Heap before GC invocations=4 (full 0):
 garbage-first heap   total 51200K, used 29763K [0x0000000702e00000, 0x0000000800000000)
  region size 2048K, 13 young (26624K), 8 survivors (16384K)
 Metaspace       used 25637K, committed 25856K, reserved 1114112K
  class space    used 2738K, committed 2816K, reserved 1048576K
}
Event: 0.691 GC heap after
{Heap after GC invocations=5 (full 0):
 garbage-first heap   total 51200K, used 21512K [0x0000000702e00000, 0x0000000800000000)
  region size 2048K, 1 young (2048K), 1 survivors (2048K)
 Metaspace       used 25637K, committed 25856K, reserved 1114112K
  class space    used 2738K, committed 2816K, reserved 1048576K
}
Event: 0.829 GC heap before
{Heap before GC invocations=5 (full 0):
 garbage-first heap   total 51200K, used 37896K [0x0000000702e00000, 0x0000000800000000)
  region size 2048K, 9 young (18432K), 1 survivors (2048K)
 Metaspace       used 30766K, committed 31104K, reserved 1114112K
  class space    used 3793K, committed 3968K, reserved 1048576K
}
Event: 0.830 GC heap after
{Heap after GC invocations=6 (full 0):
 garbage-first heap   total 51200K, used 21512K [0x0000000702e00000, 0x0000000800000000)
  region size 2048K, 1 young (2048K), 1 survivors (2048K)
 Metaspace       used 30766K, committed 31104K, reserved 1114112K
  class space    used 3793K, committed 3968K, reserved 1048576K
}
Event: 0.939 GC heap before
{Heap before GC invocations=6 (full 0):
 garbage-first heap   total 51200K, used 39944K [0x0000000702e00000, 0x0000000800000000)
  region size 2048K, 10 young (20480K), 1 survivors (2048K)
 Metaspace       used 34536K, committed 34816K, reserved 1114112K
  class space    used 4180K, committed 4288K, reserved 1048576K
}
Event: 0.941 GC heap after
{Heap after GC invocations=7 (full 0):
 garbage-first heap   total 51200K, used 22531K [0x0000000702e00000, 0x0000000800000000)
  region size 2048K, 2 young (4096K), 2 survivors (4096K)
 Metaspace       used 34536K, committed 34816K, reserved 1114112K
  class space    used 4180K, committed 4288K, reserved 1048576K
}
Event: 0.975 GC heap before
{Heap before GC invocations=7 (full 0):
 garbage-first heap   total 51200K, used 24579K [0x0000000702e00000, 0x0000000800000000)
  region size 2048K, 4 young (8192K), 2 survivors (4096K)
 Metaspace       used 35774K, committed 35968K, reserved 1114112K
  class space    used 4313K, committed 4416K, reserved 1048576K
}
Event: 0.978 GC heap after
{Heap after GC invocations=8 (full 0):
 garbage-first heap   total 155648K, used 23166K [0x0000000702e00000, 0x0000000800000000)
  region size 2048K, 1 young (2048K), 1 survivors (2048K)
 Metaspace       used 35774K, committed 35968K, reserved 1114112K
  class space    used 4313K, committed 4416K, reserved 1048576K
}
Event: 1.376 GC heap before
{Heap before GC invocations=9 (full 0):
 garbage-first heap   total 90112K, used 86654K [0x0000000702e00000, 0x0000000800000000)
  region size 2048K, 33 young (67584K), 1 survivors (2048K)
 Metaspace       used 41456K, committed 41728K, reserved 1114112K
  class space    used 4826K, committed 4928K, reserved 1048576K
}
Event: 1.390 GC heap after
{Heap after GC invocations=10 (full 0):
 garbage-first heap   total 108544K, used 37913K [0x0000000702e00000, 0x0000000800000000)
  region size 2048K, 6 young (12288K), 6 survivors (12288K)
 Metaspace       used 41456K, committed 41728K, reserved 1114112K
  class space    used 4826K, committed 4928K, reserved 1048576K
}
Event: 1.640 GC heap before
{Heap before GC invocations=10 (full 0):
 garbage-first heap   total 108544K, used 74777K [0x0000000702e00000, 0x0000000800000000)
  region size 2048K, 24 young (49152K), 6 survivors (12288K)
 Metaspace       used 46225K, committed 46528K, reserved 1114112K
  class space    used 5310K, committed 5440K, reserved 1048576K
}
Event: 1.655 GC heap after
{Heap after GC invocations=11 (full 0):
 garbage-first heap   total 108544K, used 46080K [0x0000000702e00000, 0x0000000800000000)
  region size 2048K, 3 young (6144K), 3 survivors (6144K)
 Metaspace       used 46225K, committed 46528K, reserved 1114112K
  class space    used 5310K, committed 5440K, reserved 1048576K
}
Event: 1.760 GC heap before
{Heap before GC invocations=11 (full 0):
 garbage-first heap   total 108544K, used 80896K [0x0000000702e00000, 0x0000000800000000)
  region size 2048K, 20 young (40960K), 3 survivors (6144K)
 Metaspace       used 46881K, committed 47168K, reserved 1114112K
  class space    used 5365K, committed 5504K, reserved 1048576K
}
Event: 1.770 GC heap after
{Heap after GC invocations=12 (full 0):
 garbage-first heap   total 108544K, used 57344K [0x0000000702e00000, 0x0000000800000000)
  region size 2048K, 3 young (6144K), 3 survivors (6144K)
 Metaspace       used 46881K, committed 47168K, reserved 1114112K
  class space    used 5365K, committed 5504K, reserved 1048576K
}
Event: 1.839 GC heap before
{Heap before GC invocations=12 (full 0):
 garbage-first heap   total 108544K, used 86016K [0x0000000702e00000, 0x0000000800000000)
  region size 2048K, 17 young (34816K), 3 survivors (6144K)
 Metaspace       used 47420K, committed 47680K, reserved 1114112K
  class space    used 5398K, committed 5504K, reserved 1048576K
}
Event: 1.846 GC heap after
{Heap after GC invocations=13 (full 0):
 garbage-first heap   total 161792K, used 66538K [0x0000000702e00000, 0x0000000800000000)
  region size 2048K, 3 young (6144K), 3 survivors (6144K)
 Metaspace       used 47420K, committed 47680K, reserved 1114112K
  class space    used 5398K, committed 5504K, reserved 1048576K
}
Event: 2.181 GC heap before
{Heap before GC invocations=14 (full 0):
 garbage-first heap   total 161792K, used 117738K [0x0000000702e00000, 0x0000000800000000)
  region size 2048K, 28 young (57344K), 3 survivors (6144K)
 Metaspace       used 51641K, committed 51904K, reserved 1114112K
  class space    used 5909K, committed 6016K, reserved 1048576K
}
Event: 2.189 GC heap after
{Heap after GC invocations=15 (full 0):
 garbage-first heap   total 161792K, used 77824K [0x0000000702e00000, 0x0000000800000000)
  region size 2048K, 4 young (8192K), 4 survivors (8192K)
 Metaspace       used 51641K, committed 51904K, reserved 1114112K
  class space    used 5909K, committed 6016K, reserved 1048576K
}

