# JRE version: OpenJDK Runtime Environment (21.0.3) (build 21.0.3+-12282718-b509.11)
# Java VM: OpenJDK 64-Bit Server VM (21.0.3+-12282718-b509.11, mixed mode, tiered, compressed oops, compressed class ptrs, g1 gc, windows-amd64)
GC Precious Log:
 CardTable entry size: 512
 Card Set container configuration: InlinePtr #cards 4 size 8 Array Of Cards #cards 16 size 48 Howl #buckets 8 coarsen threshold 3686 Howl Bitmap #cards 512 size 80 coarsen threshold 460 Card regions per heap region 1 cards per card region 4096
 CPUs: 12 total, 12 available
 Memory: 16197M
 Large Page Support: Disabled
 NUMA Support: Disabled
 Compressed Oops: Enabled (Zero based)
 Heap Region Size: 2M
 Heap Min Capacity: 8M
 Heap Initial Capacity: 254M
 Heap Max Capacity: 4050M
 Pre-touch: Disabled
 Parallel Workers: 10
 Concurrent Workers: 3
 Concurrent Refinement Workers: 10
 Periodic GC: Disabled
Heap:
 garbage-first heap   total 296960K, used 170297K [0x0000000702e00000, 0x0000000800000000)
  region size 2048K, 9 young (18432K), 3 survivors (6144K)
 Metaspace       used 61091K, committed 61376K, reserved 1114112K
  class space    used 6647K, committed 6784K, reserved 1048576K
GC Heap History (20 events):
Event: 2.435 GC heap before
{Heap before GC invocations=12 (full 0):
 garbage-first heap   total 157696K, used 116300K [0x0000000702e00000, 0x0000000800000000)
  region size 2048K, 29 young (59392K), 4 survivors (8192K)
 Metaspace       used 48164K, committed 48448K, reserved 1114112K
  class space    used 5429K, committed 5568K, reserved 1048576K
}
Event: 2.446 GC heap after
{Heap after GC invocations=13 (full 0):
 garbage-first heap   total 204800K, used 84992K [0x0000000702e00000, 0x0000000800000000)
  region size 2048K, 4 young (8192K), 4 survivors (8192K)
 Metaspace       used 48164K, committed 48448K, reserved 1114112K
  class space    used 5429K, committed 5568K, reserved 1048576K
}
Event: 2.906 GC heap before
{Heap before GC invocations=13 (full 0):
 garbage-first heap   total 204800K, used 142336K [0x0000000702e00000, 0x0000000800000000)
  region size 2048K, 34 young (69632K), 4 survivors (8192K)
 Metaspace       used 54823K, committed 55040K, reserved 1114112K
  class space    used 6219K, committed 6336K, reserved 1048576K
}
Event: 2.914 GC heap after
{Heap after GC invocations=14 (full 0):
 garbage-first heap   total 204800K, used 97028K [0x0000000702e00000, 0x0000000800000000)
  region size 2048K, 5 young (10240K), 5 survivors (10240K)
 Metaspace       used 54823K, committed 55040K, reserved 1114112K
  class space    used 6219K, committed 6336K, reserved 1048576K
}
Event: 3.521 GC heap before
{Heap before GC invocations=15 (full 0):
 garbage-first heap   total 204800K, used 160516K [0x0000000702e00000, 0x0000000800000000)
  region size 2048K, 36 young (73728K), 5 survivors (10240K)
 Metaspace       used 57690K, committed 57984K, reserved 1114112K
  class space    used 6480K, committed 6592K, reserved 1048576K
}
Event: 3.531 GC heap after
{Heap after GC invocations=16 (full 0):
 garbage-first heap   total 204800K, used 109024K [0x0000000702e00000, 0x0000000800000000)
  region size 2048K, 5 young (10240K), 5 survivors (10240K)
 Metaspace       used 57690K, committed 57984K, reserved 1114112K
  class space    used 6480K, committed 6592K, reserved 1048576K
}
Event: 3.962 GC heap before
{Heap before GC invocations=16 (full 0):
 garbage-first heap   total 204800K, used 168416K [0x0000000702e00000, 0x0000000800000000)
  region size 2048K, 34 young (69632K), 5 survivors (10240K)
 Metaspace       used 58653K, committed 59008K, reserved 1114112K
  class space    used 6527K, committed 6656K, reserved 1048576K
}
Event: 3.972 GC heap after
{Heap after GC invocations=17 (full 0):
 garbage-first heap   total 204800K, used 121835K [0x0000000702e00000, 0x0000000800000000)
  region size 2048K, 5 young (10240K), 5 survivors (10240K)
 Metaspace       used 58653K, committed 59008K, reserved 1114112K
  class space    used 6527K, committed 6656K, reserved 1048576K
}
Event: 4.342 GC heap before
{Heap before GC invocations=17 (full 0):
 garbage-first heap   total 204800K, used 173035K [0x0000000702e00000, 0x0000000800000000)
  region size 2048K, 30 young (61440K), 5 survivors (10240K)
 Metaspace       used 59216K, committed 59520K, reserved 1114112K
  class space    used 6560K, committed 6720K, reserved 1048576K
}
Event: 4.350 GC heap after
{Heap after GC invocations=18 (full 0):
 garbage-first heap   total 204800K, used 129602K [0x0000000702e00000, 0x0000000800000000)
  region size 2048K, 4 young (8192K), 4 survivors (8192K)
 Metaspace       used 59216K, committed 59520K, reserved 1114112K
  class space    used 6560K, committed 6720K, reserved 1048576K
}
Event: 4.733 GC heap before
{Heap before GC invocations=19 (full 0):
 garbage-first heap   total 229376K, used 178754K [0x0000000702e00000, 0x0000000800000000)
  region size 2048K, 28 young (57344K), 4 survivors (8192K)
 Metaspace       used 59547K, committed 59840K, reserved 1114112K
  class space    used 6575K, committed 6720K, reserved 1048576K
}
Event: 4.737 GC heap after
{Heap after GC invocations=20 (full 0):
 garbage-first heap   total 229376K, used 132720K [0x0000000702e00000, 0x0000000800000000)
  region size 2048K, 2 young (4096K), 2 survivors (4096K)
 Metaspace       used 59547K, committed 59840K, reserved 1114112K
  class space    used 6575K, committed 6720K, reserved 1048576K
}
Event: 5.133 GC heap before
{Heap before GC invocations=20 (full 0):
 garbage-first heap   total 229376K, used 198256K [0x0000000702e00000, 0x0000000800000000)
  region size 2048K, 34 young (69632K), 2 survivors (4096K)
 Metaspace       used 59867K, committed 60160K, reserved 1114112K
  class space    used 6595K, committed 6720K, reserved 1048576K
}
Event: 5.138 GC heap after
{Heap after GC invocations=21 (full 0):
 garbage-first heap   total 296960K, used 135908K [0x0000000702e00000, 0x0000000800000000)
  region size 2048K, 4 young (8192K), 4 survivors (8192K)
 Metaspace       used 59867K, committed 60160K, reserved 1114112K
  class space    used 6595K, committed 6720K, reserved 1048576K
}
Event: 5.859 GC heap before
{Heap before GC invocations=21 (full 0):
 garbage-first heap   total 296960K, used 250596K [0x0000000702e00000, 0x0000000800000000)
  region size 2048K, 60 young (122880K), 4 survivors (8192K)
 Metaspace       used 60488K, committed 60800K, reserved 1114112K
  class space    used 6629K, committed 6784K, reserved 1048576K
}
Event: 5.866 GC heap after
{Heap after GC invocations=22 (full 0):
 garbage-first heap   total 296960K, used 144859K [0x0000000702e00000, 0x0000000800000000)
  region size 2048K, 8 young (16384K), 8 survivors (16384K)
 Metaspace       used 60488K, committed 60800K, reserved 1114112K
  class space    used 6629K, committed 6784K, reserved 1048576K
}
Event: 6.440 GC heap before
{Heap before GC invocations=22 (full 0):
 garbage-first heap   total 296960K, used 251355K [0x0000000702e00000, 0x0000000800000000)
  region size 2048K, 60 young (122880K), 8 survivors (16384K)
 Metaspace       used 60860K, committed 61184K, reserved 1114112K
  class space    used 6640K, committed 6784K, reserved 1048576K
}
Event: 6.451 GC heap after
{Heap after GC invocations=23 (full 0):
 garbage-first heap   total 296960K, used 154503K [0x0000000702e00000, 0x0000000800000000)
  region size 2048K, 5 young (10240K), 5 survivors (10240K)
 Metaspace       used 60860K, committed 61184K, reserved 1114112K
  class space    used 6640K, committed 6784K, reserved 1048576K
}
Event: 6.897 GC heap before
{Heap before GC invocations=23 (full 0):
 garbage-first heap   total 296960K, used 258951K [0x0000000702e00000, 0x0000000800000000)
  region size 2048K, 56 young (114688K), 5 survivors (10240K)
 Metaspace       used 61038K, committed 61376K, reserved 1114112K
  class space    used 6643K, committed 6784K, reserved 1048576K
}
Event: 6.903 GC heap after
{Heap after GC invocations=24 (full 0):
 garbage-first heap   total 296960K, used 160057K [0x0000000702e00000, 0x0000000800000000)
  region size 2048K, 3 young (6144K), 3 survivors (6144K)
 Metaspace       used 61038K, committed 61376K, reserved 1114112K
  class space    used 6643K, committed 6784K, reserved 1048576K
}

