# JRE version: OpenJDK Runtime Environment (21.0.3) (build 21.0.3+-12282718-b509.11)
# Java VM: OpenJDK 64-Bit Server VM (21.0.3+-12282718-b509.11, mixed mode, tiered, compressed oops, compressed class ptrs, g1 gc, windows-amd64)
GC Precious Log:
 CardTable entry size: 512
 Card Set container configuration: InlinePtr #cards 5 size 8 Array Of Cards #cards 12 size 40 Howl #buckets 4 coarsen threshold 1843 Howl Bitmap #cards 512 size 80 coarsen threshold 460 Card regions per heap region 1 cards per card region 2048
 CPUs: 12 total, 12 available
 Memory: 16197M
 Large Page Support: Disabled
 NUMA Support: Disabled
 Compressed Oops: Enabled (32-bit)
 Heap Region Size: 1M
 Heap Min Capacity: 8M
 Heap Initial Capacity: 254M
 Heap Max Capacity: 2G
 Pre-touch: Disabled
 Parallel Workers: 10
 Concurrent Workers: 3
 Concurrent Refinement Workers: 10
 Periodic GC: Disabled
Heap:
 garbage-first heap   total 301056K, used 263107K [0x0000000080000000, 0x0000000100000000)
  region size 1024K, 77 young (78848K), 9 survivors (9216K)
 Metaspace       used 127501K, committed 129728K, reserved 1179648K
  class space    used 17468K, committed 18560K, reserved 1048576K
GC Heap History (20 events):
Event: 17.655 GC heap after
{Heap after GC invocations=61 (full 0):
 garbage-first heap   total 237568K, used 141169K [0x0000000080000000, 0x0000000100000000)
  region size 1024K, 5 young (5120K), 5 survivors (5120K)
 Metaspace       used 114854K, committed 117056K, reserved 1179648K
  class space    used 15923K, committed 17088K, reserved 1048576K
}
Event: 17.820 GC heap before
{Heap before GC invocations=61 (full 0):
 garbage-first heap   total 237568K, used 216945K [0x0000000080000000, 0x0000000100000000)
  region size 1024K, 80 young (81920K), 5 survivors (5120K)
 Metaspace       used 114883K, committed 117120K, reserved 1179648K
  class space    used 15925K, committed 17088K, reserved 1048576K
}
Event: 17.823 GC heap after
{Heap after GC invocations=62 (full 0):
 garbage-first heap   total 285696K, used 142792K [0x0000000080000000, 0x0000000100000000)
  region size 1024K, 6 young (6144K), 6 survivors (6144K)
 Metaspace       used 114883K, committed 117120K, reserved 1179648K
  class space    used 15925K, committed 17088K, reserved 1048576K
}
Event: 18.117 GC heap before
{Heap before GC invocations=63 (full 0):
 garbage-first heap   total 285696K, used 252360K [0x0000000080000000, 0x0000000100000000)
  region size 1024K, 114 young (116736K), 6 survivors (6144K)
 Metaspace       used 114905K, committed 117184K, reserved 1179648K
  class space    used 15925K, committed 17088K, reserved 1048576K
}
Event: 18.120 GC heap after
{Heap after GC invocations=64 (full 0):
 garbage-first heap   total 285696K, used 144615K [0x0000000080000000, 0x0000000100000000)
  region size 1024K, 8 young (8192K), 8 survivors (8192K)
 Metaspace       used 114905K, committed 117184K, reserved 1179648K
  class space    used 15925K, committed 17088K, reserved 1048576K
}
Event: 45.963 GC heap before
{Heap before GC invocations=64 (full 0):
 garbage-first heap   total 285696K, used 260327K [0x0000000080000000, 0x0000000100000000)
  region size 1024K, 122 young (124928K), 8 survivors (8192K)
 Metaspace       used 115693K, committed 117888K, reserved 1179648K
  class space    used 16027K, committed 17152K, reserved 1048576K
}
Event: 45.967 GC heap after
{Heap after GC invocations=65 (full 0):
 garbage-first heap   total 285696K, used 144806K [0x0000000080000000, 0x0000000100000000)
  region size 1024K, 9 young (9216K), 9 survivors (9216K)
 Metaspace       used 115693K, committed 117888K, reserved 1179648K
  class space    used 16027K, committed 17152K, reserved 1048576K
}
Event: 45.968 GC heap before
{Heap before GC invocations=65 (full 0):
 garbage-first heap   total 285696K, used 144806K [0x0000000080000000, 0x0000000100000000)
  region size 1024K, 10 young (10240K), 9 survivors (9216K)
 Metaspace       used 115693K, committed 117888K, reserved 1179648K
  class space    used 16027K, committed 17152K, reserved 1048576K
}
Event: 45.971 GC heap after
{Heap after GC invocations=66 (full 0):
 garbage-first heap   total 285696K, used 145356K [0x0000000080000000, 0x0000000100000000)
  region size 1024K, 8 young (8192K), 8 survivors (8192K)
 Metaspace       used 115693K, committed 117888K, reserved 1179648K
  class space    used 16027K, committed 17152K, reserved 1048576K
}
Event: 46.208 GC heap before
{Heap before GC invocations=67 (full 0):
 garbage-first heap   total 285696K, used 234444K [0x0000000080000000, 0x0000000100000000)
  region size 1024K, 91 young (93184K), 8 survivors (8192K)
 Metaspace       used 117954K, committed 120192K, reserved 1179648K
  class space    used 16206K, committed 17344K, reserved 1048576K
}
Event: 46.217 GC heap after
{Heap after GC invocations=68 (full 0):
 garbage-first heap   total 285696K, used 159663K [0x0000000080000000, 0x0000000100000000)
  region size 1024K, 12 young (12288K), 12 survivors (12288K)
 Metaspace       used 117954K, committed 120192K, reserved 1179648K
  class space    used 16206K, committed 17344K, reserved 1048576K
}
Event: 46.501 GC heap before
{Heap before GC invocations=68 (full 0):
 garbage-first heap   total 285696K, used 236463K [0x0000000080000000, 0x0000000100000000)
  region size 1024K, 88 young (90112K), 12 survivors (12288K)
 Metaspace       used 118068K, committed 120256K, reserved 1179648K
  class space    used 16210K, committed 17344K, reserved 1048576K
}
Event: 46.508 GC heap after
{Heap after GC invocations=69 (full 0):
 garbage-first heap   total 285696K, used 166094K [0x0000000080000000, 0x0000000100000000)
  region size 1024K, 7 young (7168K), 7 survivors (7168K)
 Metaspace       used 118068K, committed 120256K, reserved 1179648K
  class space    used 16210K, committed 17344K, reserved 1048576K
}
Event: 46.733 GC heap before
{Heap before GC invocations=69 (full 0):
 garbage-first heap   total 285696K, used 198862K [0x0000000080000000, 0x0000000100000000)
  region size 1024K, 41 young (41984K), 7 survivors (7168K)
 Metaspace       used 119588K, committed 121792K, reserved 1179648K
  class space    used 16420K, committed 17536K, reserved 1048576K
}
Event: 46.737 GC heap after
{Heap after GC invocations=70 (full 0):
 garbage-first heap   total 285696K, used 172099K [0x0000000080000000, 0x0000000100000000)
  region size 1024K, 9 young (9216K), 9 survivors (9216K)
 Metaspace       used 119588K, committed 121792K, reserved 1179648K
  class space    used 16420K, committed 17536K, reserved 1048576K
}
Event: 47.258 GC heap before
{Heap before GC invocations=71 (full 0):
 garbage-first heap   total 301056K, used 252995K [0x0000000080000000, 0x0000000100000000)
  region size 1024K, 83 young (84992K), 9 survivors (9216K)
 Metaspace       used 125022K, committed 127296K, reserved 1179648K
  class space    used 17110K, committed 18240K, reserved 1048576K
}
Event: 47.263 GC heap after
{Heap after GC invocations=72 (full 0):
 garbage-first heap   total 301056K, used 195086K [0x0000000080000000, 0x0000000100000000)
  region size 1024K, 11 young (11264K), 11 survivors (11264K)
 Metaspace       used 125022K, committed 127296K, reserved 1179648K
  class space    used 17110K, committed 18240K, reserved 1048576K
}
Event: 47.608 GC heap before
{Heap before GC invocations=72 (full 0):
 garbage-first heap   total 301056K, used 259598K [0x0000000080000000, 0x0000000100000000)
  region size 1024K, 75 young (76800K), 11 survivors (11264K)
 Metaspace       used 126653K, committed 128896K, reserved 1179648K
  class space    used 17328K, committed 18432K, reserved 1048576K
}
Event: 47.613 GC heap after
{Heap after GC invocations=73 (full 0):
 garbage-first heap   total 301056K, used 193480K [0x0000000080000000, 0x0000000100000000)
  region size 1024K, 9 young (9216K), 9 survivors (9216K)
 Metaspace       used 126653K, committed 128896K, reserved 1179648K
  class space    used 17328K, committed 18432K, reserved 1048576K
}
Event: 47.780 GC heap before
{Heap before GC invocations=73 (full 0):
 garbage-first heap   total 301056K, used 262088K [0x0000000080000000, 0x0000000100000000)
  region size 1024K, 77 young (78848K), 9 survivors (9216K)
 Metaspace       used 127501K, committed 129728K, reserved 1179648K
  class space    used 17468K, committed 18560K, reserved 1048576K
}

