# JRE version: OpenJDK Runtime Environment (21.0.3) (build 21.0.3+-12282718-b509.11)
# Java VM: OpenJDK 64-Bit Server VM (21.0.3+-12282718-b509.11, mixed mode, tiered, compressed oops, compressed class ptrs, g1 gc, windows-amd64)
GC Precious Log:
 CardTable entry size: 512
 Card Set container configuration: InlinePtr #cards 4 size 8 Array Of Cards #cards 16 size 48 Howl #buckets 8 coarsen threshold 3686 Howl Bitmap #cards 512 size 80 coarsen threshold 460 Card regions per heap region 1 cards per card region 4096
 CPUs: 12 total, 12 available
 Memory: 16197M
 Large Page Support: Disabled
 NUMA Support: Disabled
 Compressed Oops: Enabled (Zero based)
 Heap Region Size: 2M
 Heap Min Capacity: 8M
 Heap Initial Capacity: 254M
 Heap Max Capacity: 4050M
 Pre-touch: Disabled
 Parallel Workers: 10
 Concurrent Workers: 3
 Concurrent Refinement Workers: 10
 Periodic GC: Disabled
Heap:
 garbage-first heap   total 225280K, used 161377K [0x0000000702e00000, 0x0000000800000000)
  region size 2048K, 8 young (16384K), 4 survivors (8192K)
 Metaspace       used 78369K, committed 78784K, reserved 1179648K
  class space    used 8176K, committed 8384K, reserved 1048576K
GC Heap History (20 events):
Event: 3.814 GC heap before
{Heap before GC invocations=20 (full 0):
 garbage-first heap   total 141312K, used 121994K [0x0000000702e00000, 0x0000000800000000)
  region size 2048K, 20 young (40960K), 3 survivors (6144K)
 Metaspace       used 55226K, committed 55552K, reserved 1114112K
  class space    used 6115K, committed 6272K, reserved 1048576K
}
Event: 3.820 GC heap after
{Heap after GC invocations=21 (full 0):
 garbage-first heap   total 174080K, used 91995K [0x0000000702e00000, 0x0000000800000000)
  region size 2048K, 3 young (6144K), 3 survivors (6144K)
 Metaspace       used 55226K, committed 55552K, reserved 1114112K
  class space    used 6115K, committed 6272K, reserved 1048576K
}
Event: 4.295 GC heap before
{Heap before GC invocations=22 (full 0):
 garbage-first heap   total 174080K, used 145243K [0x0000000702e00000, 0x0000000800000000)
  region size 2048K, 29 young (59392K), 3 survivors (6144K)
 Metaspace       used 55857K, committed 56128K, reserved 1114112K
  class space    used 6155K, committed 6272K, reserved 1048576K
}
Event: 4.301 GC heap after
{Heap after GC invocations=23 (full 0):
 garbage-first heap   total 174080K, used 97579K [0x0000000702e00000, 0x0000000800000000)
  region size 2048K, 4 young (8192K), 4 survivors (8192K)
 Metaspace       used 55857K, committed 56128K, reserved 1114112K
  class space    used 6155K, committed 6272K, reserved 1048576K
}
Event: 4.633 GC heap before
{Heap before GC invocations=23 (full 0):
 garbage-first heap   total 174080K, used 148779K [0x0000000702e00000, 0x0000000800000000)
  region size 2048K, 29 young (59392K), 4 survivors (8192K)
 Metaspace       used 56069K, committed 56320K, reserved 1114112K
  class space    used 6161K, committed 6272K, reserved 1048576K
}
Event: 4.641 GC heap after
{Heap after GC invocations=24 (full 0):
 garbage-first heap   total 174080K, used 100568K [0x0000000702e00000, 0x0000000800000000)
  region size 2048K, 2 young (4096K), 2 survivors (4096K)
 Metaspace       used 56069K, committed 56320K, reserved 1114112K
  class space    used 6161K, committed 6272K, reserved 1048576K
}
Event: 4.925 GC heap before
{Heap before GC invocations=24 (full 0):
 garbage-first heap   total 174080K, used 149720K [0x0000000702e00000, 0x0000000800000000)
  region size 2048K, 26 young (53248K), 2 survivors (4096K)
 Metaspace       used 56315K, committed 56576K, reserved 1114112K
  class space    used 6163K, committed 6272K, reserved 1048576K
}
Event: 4.929 GC heap after
{Heap after GC invocations=25 (full 0):
 garbage-first heap   total 174080K, used 103475K [0x0000000702e00000, 0x0000000800000000)
  region size 2048K, 4 young (8192K), 4 survivors (8192K)
 Metaspace       used 56315K, committed 56576K, reserved 1114112K
  class space    used 6163K, committed 6272K, reserved 1048576K
}
Event: 5.355 GC heap before
{Heap before GC invocations=26 (full 0):
 garbage-first heap   total 184320K, used 152627K [0x0000000702e00000, 0x0000000800000000)
  region size 2048K, 28 young (57344K), 4 survivors (8192K)
 Metaspace       used 59585K, committed 59904K, reserved 1114112K
  class space    used 6482K, committed 6592K, reserved 1048576K
}
Event: 5.361 GC heap after
{Heap after GC invocations=27 (full 0):
 garbage-first heap   total 184320K, used 107969K [0x0000000702e00000, 0x0000000800000000)
  region size 2048K, 4 young (8192K), 4 survivors (8192K)
 Metaspace       used 59585K, committed 59904K, reserved 1114112K
  class space    used 6482K, committed 6592K, reserved 1048576K
}
Event: 6.028 GC heap before
{Heap before GC invocations=27 (full 0):
 garbage-first heap   total 184320K, used 163265K [0x0000000702e00000, 0x0000000800000000)
  region size 2048K, 31 young (63488K), 4 survivors (8192K)
 Metaspace       used 63919K, committed 64320K, reserved 1114112K
  class space    used 6936K, committed 7104K, reserved 1048576K
}
Event: 6.040 GC heap after
{Heap after GC invocations=28 (full 0):
 garbage-first heap   total 184320K, used 112289K [0x0000000702e00000, 0x0000000800000000)
  region size 2048K, 3 young (6144K), 3 survivors (6144K)
 Metaspace       used 63919K, committed 64320K, reserved 1114112K
  class space    used 6936K, committed 7104K, reserved 1048576K
}
Event: 6.387 GC heap before
{Heap before GC invocations=28 (full 0):
 garbage-first heap   total 184320K, used 163489K [0x0000000702e00000, 0x0000000800000000)
  region size 2048K, 28 young (57344K), 3 survivors (6144K)
 Metaspace       used 65512K, committed 65856K, reserved 1114112K
  class space    used 7065K, committed 7232K, reserved 1048576K
}
Event: 6.396 GC heap after
{Heap after GC invocations=29 (full 0):
 garbage-first heap   total 221184K, used 120426K [0x0000000702e00000, 0x0000000800000000)
  region size 2048K, 4 young (8192K), 4 survivors (8192K)
 Metaspace       used 65512K, committed 65856K, reserved 1114112K
  class space    used 7065K, committed 7232K, reserved 1048576K
}
Event: 7.124 GC heap before
{Heap before GC invocations=30 (full 0):
 garbage-first heap   total 221184K, used 192106K [0x0000000702e00000, 0x0000000800000000)
  region size 2048K, 40 young (81920K), 4 survivors (8192K)
 Metaspace       used 73600K, committed 73984K, reserved 1179648K
  class space    used 7737K, committed 7936K, reserved 1048576K
}
Event: 7.134 GC heap after
{Heap after GC invocations=31 (full 0):
 garbage-first heap   total 221184K, used 130855K [0x0000000702e00000, 0x0000000800000000)
  region size 2048K, 5 young (10240K), 5 survivors (10240K)
 Metaspace       used 73600K, committed 73984K, reserved 1179648K
  class space    used 7737K, committed 7936K, reserved 1048576K
}
Event: 7.679 GC heap before
{Heap before GC invocations=31 (full 0):
 garbage-first heap   total 221184K, used 198439K [0x0000000702e00000, 0x0000000800000000)
  region size 2048K, 38 young (77824K), 5 survivors (10240K)
 Metaspace       used 76883K, committed 77248K, reserved 1179648K
  class space    used 8061K, committed 8256K, reserved 1048576K
}
Event: 7.694 GC heap after
{Heap after GC invocations=32 (full 0):
 garbage-first heap   total 225280K, used 143360K [0x0000000702e00000, 0x0000000800000000)
  region size 2048K, 5 young (10240K), 5 survivors (10240K)
 Metaspace       used 76883K, committed 77248K, reserved 1179648K
  class space    used 8061K, committed 8256K, reserved 1048576K
}
Event: 8.100 GC heap before
{Heap before GC invocations=32 (full 0):
 garbage-first heap   total 225280K, used 198656K [0x0000000702e00000, 0x0000000800000000)
  region size 2048K, 32 young (65536K), 5 survivors (10240K)
 Metaspace       used 78279K, committed 78720K, reserved 1179648K
  class space    used 8173K, committed 8384K, reserved 1048576K
}
Event: 8.111 GC heap after
{Heap after GC invocations=33 (full 0):
 garbage-first heap   total 225280K, used 155233K [0x0000000702e00000, 0x0000000800000000)
  region size 2048K, 4 young (8192K), 4 survivors (8192K)
 Metaspace       used 78279K, committed 78720K, reserved 1179648K
  class space    used 8173K, committed 8384K, reserved 1048576K
}

