# JRE version: OpenJDK Runtime Environment (21.0.3) (build 21.0.3+-12282718-b509.11)
# Java VM: OpenJDK 64-Bit Server VM (21.0.3+-12282718-b509.11, mixed mode, tiered, compressed oops, compressed class ptrs, g1 gc, windows-amd64)
GC Precious Log:
 CardTable entry size: 512
 Card Set container configuration: InlinePtr #cards 4 size 8 Array Of Cards #cards 16 size 48 Howl #buckets 8 coarsen threshold 3686 Howl Bitmap #cards 512 size 80 coarsen threshold 460 Card regions per heap region 1 cards per card region 4096
 CPUs: 12 total, 12 available
 Memory: 16197M
 Large Page Support: Disabled
 NUMA Support: Disabled
 Compressed Oops: Enabled (Zero based)
 Heap Region Size: 2M
 Heap Min Capacity: 8M
 Heap Initial Capacity: 254M
 Heap Max Capacity: 4050M
 Pre-touch: Disabled
 Parallel Workers: 10
 Concurrent Workers: 3
 Concurrent Refinement Workers: 10
 Periodic GC: Disabled
Heap:
 garbage-first heap   total 157696K, used 123451K [0x0000000702e00000, 0x0000000800000000)
  region size 2048K, 23 young (47104K), 4 survivors (8192K)
 Metaspace       used 52103K, committed 52416K, reserved 1114112K
  class space    used 5945K, committed 6080K, reserved 1048576K
GC Heap History (20 events):
Event: 0.859 GC heap before
{Heap before GC invocations=4 (full 0):
 garbage-first heap   total 53248K, used 30720K [0x0000000702e00000, 0x0000000800000000)
  region size 2048K, 13 young (26624K), 9 survivors (18432K)
 Metaspace       used 22715K, committed 22912K, reserved 1114112K
  class space    used 2401K, committed 2496K, reserved 1048576K
}
Event: 0.868 GC heap after
{Heap after GC invocations=5 (full 0):
 garbage-first heap   total 53248K, used 23606K [0x0000000702e00000, 0x0000000800000000)
  region size 2048K, 2 young (4096K), 2 survivors (4096K)
 Metaspace       used 22715K, committed 22912K, reserved 1114112K
  class space    used 2401K, committed 2496K, reserved 1048576K
}
Event: 1.083 GC heap before
{Heap before GC invocations=5 (full 0):
 garbage-first heap   total 53248K, used 37942K [0x0000000702e00000, 0x0000000800000000)
  region size 2048K, 9 young (18432K), 2 survivors (4096K)
 Metaspace       used 25681K, committed 25856K, reserved 1114112K
  class space    used 2735K, committed 2816K, reserved 1048576K
}
Event: 1.086 GC heap after
{Heap after GC invocations=6 (full 0):
 garbage-first heap   total 53248K, used 24107K [0x0000000702e00000, 0x0000000800000000)
  region size 2048K, 2 young (4096K), 2 survivors (4096K)
 Metaspace       used 25681K, committed 25856K, reserved 1114112K
  class space    used 2735K, committed 2816K, reserved 1048576K
}
Event: 1.319 GC heap before
{Heap before GC invocations=6 (full 0):
 garbage-first heap   total 53248K, used 38443K [0x0000000702e00000, 0x0000000800000000)
  region size 2048K, 9 young (18432K), 2 survivors (4096K)
 Metaspace       used 30356K, committed 30656K, reserved 1114112K
  class space    used 3737K, committed 3904K, reserved 1048576K
}
Event: 1.322 GC heap after
{Heap after GC invocations=7 (full 0):
 garbage-first heap   total 53248K, used 24818K [0x0000000702e00000, 0x0000000800000000)
  region size 2048K, 2 young (4096K), 2 survivors (4096K)
 Metaspace       used 30356K, committed 30656K, reserved 1114112K
  class space    used 3737K, committed 3904K, reserved 1048576K
}
Event: 1.487 GC heap before
{Heap before GC invocations=7 (full 0):
 garbage-first heap   total 53248K, used 41202K [0x0000000702e00000, 0x0000000800000000)
  region size 2048K, 10 young (20480K), 2 survivors (4096K)
 Metaspace       used 33805K, committed 34048K, reserved 1114112K
  class space    used 4093K, committed 4224K, reserved 1048576K
}
Event: 1.491 GC heap after
{Heap after GC invocations=8 (full 0):
 garbage-first heap   total 157696K, used 25852K [0x0000000702e00000, 0x0000000800000000)
  region size 2048K, 2 young (4096K), 2 survivors (4096K)
 Metaspace       used 33805K, committed 34048K, reserved 1114112K
  class space    used 4093K, committed 4224K, reserved 1048576K
}
Event: 1.573 GC heap before
{Heap before GC invocations=8 (full 0):
 garbage-first heap   total 157696K, used 31996K [0x0000000702e00000, 0x0000000800000000)
  region size 2048K, 6 young (12288K), 2 survivors (4096K)
 Metaspace       used 35882K, committed 36096K, reserved 1114112K
  class space    used 4314K, committed 4416K, reserved 1048576K
}
Event: 1.578 GC heap after
{Heap after GC invocations=9 (full 0):
 garbage-first heap   total 157696K, used 26302K [0x0000000702e00000, 0x0000000800000000)
  region size 2048K, 2 young (4096K), 2 survivors (4096K)
 Metaspace       used 35882K, committed 36096K, reserved 1114112K
  class space    used 4314K, committed 4416K, reserved 1048576K
}
Event: 2.444 GC heap before
{Heap before GC invocations=10 (full 0):
 garbage-first heap   total 96256K, used 95934K [0x0000000702e00000, 0x0000000800000000)
  region size 2048K, 36 young (73728K), 2 survivors (4096K)
 Metaspace       used 40276K, committed 40512K, reserved 1114112K
  class space    used 4683K, committed 4800K, reserved 1048576K
}
Event: 2.470 GC heap after
{Heap after GC invocations=11 (full 0):
 garbage-first heap   total 118784K, used 43691K [0x0000000702e00000, 0x0000000800000000)
  region size 2048K, 6 young (12288K), 6 survivors (12288K)
 Metaspace       used 40276K, committed 40512K, reserved 1114112K
  class space    used 4683K, committed 4800K, reserved 1048576K
}
Event: 2.814 GC heap before
{Heap before GC invocations=11 (full 0):
 garbage-first heap   total 118784K, used 82603K [0x0000000702e00000, 0x0000000800000000)
  region size 2048K, 25 young (51200K), 6 survivors (12288K)
 Metaspace       used 42718K, committed 43008K, reserved 1114112K
  class space    used 4908K, committed 5056K, reserved 1048576K
}
Event: 2.834 GC heap after
{Heap after GC invocations=12 (full 0):
 garbage-first heap   total 118784K, used 54272K [0x0000000702e00000, 0x0000000800000000)
  region size 2048K, 4 young (8192K), 4 survivors (8192K)
 Metaspace       used 42718K, committed 43008K, reserved 1114112K
  class space    used 4908K, committed 5056K, reserved 1048576K
}
Event: 3.119 GC heap before
{Heap before GC invocations=12 (full 0):
 garbage-first heap   total 118784K, used 89088K [0x0000000702e00000, 0x0000000800000000)
  region size 2048K, 21 young (43008K), 4 survivors (8192K)
 Metaspace       used 46557K, committed 46848K, reserved 1114112K
  class space    used 5307K, committed 5440K, reserved 1048576K
}
Event: 3.129 GC heap after
{Heap after GC invocations=13 (full 0):
 garbage-first heap   total 118784K, used 60416K [0x0000000702e00000, 0x0000000800000000)
  region size 2048K, 3 young (6144K), 3 survivors (6144K)
 Metaspace       used 46557K, committed 46848K, reserved 1114112K
  class space    used 5307K, committed 5440K, reserved 1048576K
}
Event: 3.309 GC heap before
{Heap before GC invocations=13 (full 0):
 garbage-first heap   total 118784K, used 95232K [0x0000000702e00000, 0x0000000800000000)
  region size 2048K, 20 young (40960K), 3 survivors (6144K)
 Metaspace       used 47694K, committed 47936K, reserved 1114112K
  class space    used 5402K, committed 5504K, reserved 1048576K
}
Event: 3.319 GC heap after
{Heap after GC invocations=14 (full 0):
 garbage-first heap   total 157696K, used 69427K [0x0000000702e00000, 0x0000000800000000)
  region size 2048K, 3 young (6144K), 3 survivors (6144K)
 Metaspace       used 47694K, committed 47936K, reserved 1114112K
  class space    used 5402K, committed 5504K, reserved 1048576K
}
Event: 3.463 GC heap before
{Heap before GC invocations=15 (full 0):
 garbage-first heap   total 157696K, used 118579K [0x0000000702e00000, 0x0000000800000000)
  region size 2048K, 28 young (57344K), 3 survivors (6144K)
 Metaspace       used 48135K, committed 48384K, reserved 1114112K
  class space    used 5435K, committed 5568K, reserved 1048576K
}
Event: 3.473 GC heap after
{Heap after GC invocations=16 (full 0):
 garbage-first heap   total 157696K, used 86587K [0x0000000702e00000, 0x0000000800000000)
  region size 2048K, 4 young (8192K), 4 survivors (8192K)
 Metaspace       used 48135K, committed 48384K, reserved 1114112K
  class space    used 5435K, committed 5568K, reserved 1048576K
}

