# JRE version: OpenJDK Runtime Environment (21.0.3) (build 21.0.3+-12282718-b509.11)
# Java VM: OpenJDK 64-Bit Server VM (21.0.3+-12282718-b509.11, mixed mode, tiered, compressed oops, compressed class ptrs, g1 gc, windows-amd64)
GC Precious Log:
 CardTable entry size: 512
 Card Set container configuration: InlinePtr #cards 4 size 8 Array Of Cards #cards 16 size 48 Howl #buckets 8 coarsen threshold 3686 Howl Bitmap #cards 512 size 80 coarsen threshold 460 Card regions per heap region 1 cards per card region 4096
 CPUs: 12 total, 12 available
 Memory: 16197M
 Large Page Support: Disabled
 NUMA Support: Disabled
 Compressed Oops: Enabled (Zero based)
 Heap Region Size: 2M
 Heap Min Capacity: 8M
 Heap Initial Capacity: 254M
 Heap Max Capacity: 4050M
 Pre-touch: Disabled
 Parallel Workers: 10
 Concurrent Workers: 3
 Concurrent Refinement Workers: 10
 Periodic GC: Disabled
Heap:
 garbage-first heap   total 264192K, used 179366K [0x0000000702e00000, 0x0000000800000000)
  region size 2048K, 19 young (38912K), 5 survivors (10240K)
 Metaspace       used 85133K, committed 85632K, reserved 1179648K
  class space    used 8907K, committed 9152K, reserved 1048576K
GC Heap History (20 events):
Event: 2.343 GC heap before
{Heap before GC invocations=11 (full 0):
 garbage-first heap   total 155648K, used 113664K [0x0000000702e00000, 0x0000000800000000)
  region size 2048K, 30 young (61440K), 5 survivors (10240K)
 Metaspace       used 53212K, committed 53504K, reserved 1114112K
  class space    used 6029K, committed 6144K, reserved 1048576K
}
Event: 2.352 GC heap after
{Heap after GC invocations=12 (full 0):
 garbage-first heap   total 155648K, used 72704K [0x0000000702e00000, 0x0000000800000000)
  region size 2048K, 4 young (8192K), 4 survivors (8192K)
 Metaspace       used 53212K, committed 53504K, reserved 1114112K
  class space    used 6029K, committed 6144K, reserved 1048576K
}
Event: 2.861 GC heap before
{Heap before GC invocations=12 (full 0):
 garbage-first heap   total 155648K, used 121856K [0x0000000702e00000, 0x0000000800000000)
  region size 2048K, 28 young (57344K), 4 survivors (8192K)
 Metaspace       used 54662K, committed 54976K, reserved 1114112K
  class space    used 6095K, committed 6208K, reserved 1048576K
}
Event: 2.869 GC heap after
{Heap after GC invocations=13 (full 0):
 garbage-first heap   total 198656K, used 79872K [0x0000000702e00000, 0x0000000800000000)
  region size 2048K, 3 young (6144K), 3 survivors (6144K)
 Metaspace       used 54662K, committed 54976K, reserved 1114112K
  class space    used 6095K, committed 6208K, reserved 1048576K
}
Event: 3.372 GC heap before
{Heap before GC invocations=13 (full 0):
 garbage-first heap   total 198656K, used 153600K [0x0000000702e00000, 0x0000000800000000)
  region size 2048K, 40 young (81920K), 3 survivors (6144K)
 Metaspace       used 55650K, committed 56000K, reserved 1114112K
  class space    used 6148K, committed 6272K, reserved 1048576K
}
Event: 3.379 GC heap after
{Heap after GC invocations=14 (full 0):
 garbage-first heap   total 198656K, used 91926K [0x0000000702e00000, 0x0000000800000000)
  region size 2048K, 5 young (10240K), 5 survivors (10240K)
 Metaspace       used 55650K, committed 56000K, reserved 1114112K
  class space    used 6148K, committed 6272K, reserved 1048576K
}
Event: 3.510 GC heap before
{Heap before GC invocations=14 (full 0):
 garbage-first heap   total 198656K, used 112406K [0x0000000702e00000, 0x0000000800000000)
  region size 2048K, 16 young (32768K), 5 survivors (10240K)
 Metaspace       used 55812K, committed 56128K, reserved 1114112K
  class space    used 6153K, committed 6272K, reserved 1048576K
}
Event: 3.515 GC heap after
{Heap after GC invocations=15 (full 0):
 garbage-first heap   total 198656K, used 95735K [0x0000000702e00000, 0x0000000800000000)
  region size 2048K, 2 young (4096K), 2 survivors (4096K)
 Metaspace       used 55812K, committed 56128K, reserved 1114112K
  class space    used 6153K, committed 6272K, reserved 1048576K
}
Event: 3.961 GC heap before
{Heap before GC invocations=16 (full 0):
 garbage-first heap   total 198656K, used 163319K [0x0000000702e00000, 0x0000000800000000)
  region size 2048K, 35 young (71680K), 2 survivors (4096K)
 Metaspace       used 56028K, committed 56320K, reserved 1114112K
  class space    used 6162K, committed 6272K, reserved 1048576K
}
Event: 3.965 GC heap after
{Heap after GC invocations=17 (full 0):
 garbage-first heap   total 198656K, used 99548K [0x0000000702e00000, 0x0000000800000000)
  region size 2048K, 4 young (8192K), 4 survivors (8192K)
 Metaspace       used 56028K, committed 56320K, reserved 1114112K
  class space    used 6162K, committed 6272K, reserved 1048576K
}
Event: 4.409 GC heap before
{Heap before GC invocations=17 (full 0):
 garbage-first heap   total 198656K, used 167132K [0x0000000702e00000, 0x0000000800000000)
  region size 2048K, 37 young (75776K), 4 survivors (8192K)
 Metaspace       used 59237K, committed 59520K, reserved 1114112K
  class space    used 6470K, committed 6592K, reserved 1048576K
}
Event: 4.415 GC heap after
{Heap after GC invocations=18 (full 0):
 garbage-first heap   total 198656K, used 103924K [0x0000000702e00000, 0x0000000800000000)
  region size 2048K, 5 young (10240K), 5 survivors (10240K)
 Metaspace       used 59237K, committed 59520K, reserved 1114112K
  class space    used 6470K, committed 6592K, reserved 1048576K
}
Event: 4.984 GC heap before
{Heap before GC invocations=18 (full 0):
 garbage-first heap   total 198656K, used 171508K [0x0000000702e00000, 0x0000000800000000)
  region size 2048K, 38 young (77824K), 5 survivors (10240K)
 Metaspace       used 63783K, committed 64192K, reserved 1114112K
  class space    used 6946K, committed 7168K, reserved 1048576K
}
Event: 4.993 GC heap after
{Heap after GC invocations=19 (full 0):
 garbage-first heap   total 239616K, used 113096K [0x0000000702e00000, 0x0000000800000000)
  region size 2048K, 5 young (10240K), 5 survivors (10240K)
 Metaspace       used 63783K, committed 64192K, reserved 1114112K
  class space    used 6946K, committed 7168K, reserved 1048576K
}
Event: 5.661 GC heap before
{Heap before GC invocations=20 (full 0):
 garbage-first heap   total 239616K, used 203208K [0x0000000702e00000, 0x0000000800000000)
  region size 2048K, 49 young (100352K), 5 survivors (10240K)
 Metaspace       used 71458K, committed 71808K, reserved 1114112K
  class space    used 7608K, committed 7808K, reserved 1048576K
}
Event: 5.671 GC heap after
{Heap after GC invocations=21 (full 0):
 garbage-first heap   total 239616K, used 128242K [0x0000000702e00000, 0x0000000800000000)
  region size 2048K, 7 young (14336K), 7 survivors (14336K)
 Metaspace       used 71458K, committed 71808K, reserved 1114112K
  class space    used 7608K, committed 7808K, reserved 1048576K
}
Event: 6.283 GC heap before
{Heap before GC invocations=21 (full 0):
 garbage-first heap   total 239616K, used 206066K [0x0000000702e00000, 0x0000000800000000)
  region size 2048K, 45 young (92160K), 7 survivors (14336K)
 Metaspace       used 76641K, committed 77056K, reserved 1179648K
  class space    used 8058K, committed 8256K, reserved 1048576K
}
Event: 6.299 GC heap after
{Heap after GC invocations=22 (full 0):
 garbage-first heap   total 239616K, used 141302K [0x0000000702e00000, 0x0000000800000000)
  region size 2048K, 6 young (12288K), 6 survivors (12288K)
 Metaspace       used 76641K, committed 77056K, reserved 1179648K
  class space    used 8058K, committed 8256K, reserved 1048576K
}
Event: 6.736 GC heap before
{Heap before GC invocations=22 (full 0):
 garbage-first heap   total 239616K, used 208886K [0x0000000702e00000, 0x0000000800000000)
  region size 2048K, 39 young (79872K), 6 survivors (12288K)
 Metaspace       used 79946K, committed 80448K, reserved 1179648K
  class space    used 8402K, committed 8640K, reserved 1048576K
}
Event: 6.747 GC heap after
{Heap after GC invocations=23 (full 0):
 garbage-first heap   total 239616K, used 152742K [0x0000000702e00000, 0x0000000800000000)
  region size 2048K, 5 young (10240K), 5 survivors (10240K)
 Metaspace       used 79946K, committed 80448K, reserved 1179648K
  class space    used 8402K, committed 8640K, reserved 1048576K
}

