# JRE version: OpenJDK Runtime Environment (21.0.3) (build 21.0.3+-12282718-b509.11)
# Java VM: OpenJDK 64-Bit Server VM (21.0.3+-12282718-b509.11, mixed mode, tiered, compressed oops, compressed class ptrs, g1 gc, windows-amd64)
GC Precious Log:
 CardTable entry size: 512
 Card Set container configuration: InlinePtr #cards 4 size 8 Array Of Cards #cards 16 size 48 Howl #buckets 8 coarsen threshold 3686 Howl Bitmap #cards 512 size 80 coarsen threshold 460 Card regions per heap region 1 cards per card region 4096
 CPUs: 12 total, 12 available
 Memory: 16197M
 Large Page Support: Disabled
 NUMA Support: Disabled
 Compressed Oops: Enabled (Zero based)
 Heap Region Size: 2M
 Heap Min Capacity: 8M
 Heap Initial Capacity: 254M
 Heap Max Capacity: 4050M
 Pre-touch: Disabled
 Parallel Workers: 10
 Concurrent Workers: 3
 Concurrent Refinement Workers: 10
 Periodic GC: Disabled
Heap:
 garbage-first heap   total 360448K, used 239195K [0x0000000702e00000, 0x0000000800000000)
  region size 2048K, 9 young (18432K), 4 survivors (8192K)
 Metaspace       used 83260K, committed 83648K, reserved 1179648K
  class space    used 8549K, committed 8704K, reserved 1048576K
GC Heap History (20 events):
Event: 5.282 GC heap before
{Heap before GC invocations=21 (full 0):
 garbage-first heap   total 198656K, used 172033K [0x0000000702e00000, 0x0000000800000000)
  region size 2048K, 28 young (57344K), 3 survivors (6144K)
 Metaspace       used 59264K, committed 59584K, reserved 1114112K
  class space    used 6557K, committed 6720K, reserved 1048576K
}
Event: 5.289 GC heap after
{Heap after GC invocations=22 (full 0):
 garbage-first heap   total 278528K, used 123941K [0x0000000702e00000, 0x0000000800000000)
  region size 2048K, 4 young (8192K), 4 survivors (8192K)
 Metaspace       used 59264K, committed 59584K, reserved 1114112K
  class space    used 6557K, committed 6720K, reserved 1048576K
}
Event: 6.059 GC heap before
{Heap before GC invocations=22 (full 0):
 garbage-first heap   total 278528K, used 224293K [0x0000000702e00000, 0x0000000800000000)
  region size 2048K, 53 young (108544K), 4 survivors (8192K)
 Metaspace       used 59780K, committed 60096K, reserved 1114112K
  class space    used 6580K, committed 6720K, reserved 1048576K
}
Event: 6.066 GC heap after
{Heap after GC invocations=23 (full 0):
 garbage-first heap   total 278528K, used 130669K [0x0000000702e00000, 0x0000000800000000)
  region size 2048K, 6 young (12288K), 6 survivors (12288K)
 Metaspace       used 59780K, committed 60096K, reserved 1114112K
  class space    used 6580K, committed 6720K, reserved 1048576K
}
Event: 6.670 GC heap before
{Heap before GC invocations=23 (full 0):
 garbage-first heap   total 278528K, used 237165K [0x0000000702e00000, 0x0000000800000000)
  region size 2048K, 58 young (118784K), 6 survivors (12288K)
 Metaspace       used 60164K, committed 60480K, reserved 1114112K
  class space    used 6600K, committed 6720K, reserved 1048576K
}
Event: 6.679 GC heap after
{Heap after GC invocations=24 (full 0):
 garbage-first heap   total 278528K, used 140428K [0x0000000702e00000, 0x0000000800000000)
  region size 2048K, 8 young (16384K), 8 survivors (16384K)
 Metaspace       used 60164K, committed 60480K, reserved 1114112K
  class space    used 6600K, committed 6720K, reserved 1048576K
}
Event: 7.259 GC heap before
{Heap before GC invocations=24 (full 0):
 garbage-first heap   total 278528K, used 242828K [0x0000000702e00000, 0x0000000800000000)
  region size 2048K, 58 young (118784K), 8 survivors (16384K)
 Metaspace       used 60383K, committed 60672K, reserved 1114112K
  class space    used 6606K, committed 6720K, reserved 1048576K
}
Event: 7.267 GC heap after
{Heap after GC invocations=25 (full 0):
 garbage-first heap   total 278528K, used 145050K [0x0000000702e00000, 0x0000000800000000)
  region size 2048K, 3 young (6144K), 3 survivors (6144K)
 Metaspace       used 60383K, committed 60672K, reserved 1114112K
  class space    used 6606K, committed 6720K, reserved 1048576K
}
Event: 7.853 GC heap before
{Heap before GC invocations=26 (full 0):
 garbage-first heap   total 278528K, used 249498K [0x0000000702e00000, 0x0000000800000000)
  region size 2048K, 54 young (110592K), 3 survivors (6144K)
 Metaspace       used 60637K, committed 60992K, reserved 1114112K
  class space    used 6622K, committed 6784K, reserved 1048576K
}
Event: 7.860 GC heap after
{Heap after GC invocations=27 (full 0):
 garbage-first heap   total 278528K, used 151552K [0x0000000702e00000, 0x0000000800000000)
  region size 2048K, 6 young (12288K), 6 survivors (12288K)
 Metaspace       used 60637K, committed 60992K, reserved 1114112K
  class space    used 6622K, committed 6784K, reserved 1048576K
}
Event: 8.846 GC heap before
{Heap before GC invocations=27 (full 0):
 garbage-first heap   total 278528K, used 249856K [0x0000000702e00000, 0x0000000800000000)
  region size 2048K, 54 young (110592K), 6 survivors (12288K)
 Metaspace       used 64795K, committed 65152K, reserved 1114112K
  class space    used 6946K, committed 7104K, reserved 1048576K
}
Event: 8.858 GC heap after
{Heap after GC invocations=28 (full 0):
 garbage-first heap   total 278528K, used 156737K [0x0000000702e00000, 0x0000000800000000)
  region size 2048K, 7 young (14336K), 7 survivors (14336K)
 Metaspace       used 64795K, committed 65152K, reserved 1114112K
  class space    used 6946K, committed 7104K, reserved 1048576K
}
Event: 9.489 GC heap before
{Heap before GC invocations=28 (full 0):
 garbage-first heap   total 278528K, used 246849K [0x0000000702e00000, 0x0000000800000000)
  region size 2048K, 51 young (104448K), 7 survivors (14336K)
 Metaspace       used 70580K, committed 70912K, reserved 1114112K
  class space    used 7396K, committed 7552K, reserved 1048576K
}
Event: 9.502 GC heap after
{Heap after GC invocations=29 (full 0):
 garbage-first heap   total 335872K, used 165888K [0x0000000702e00000, 0x0000000800000000)
  region size 2048K, 7 young (14336K), 7 survivors (14336K)
 Metaspace       used 70580K, committed 70912K, reserved 1114112K
  class space    used 7396K, committed 7552K, reserved 1048576K
}
Event: 10.856 GC heap before
{Heap before GC invocations=30 (full 0):
 garbage-first heap   total 335872K, used 303104K [0x0000000702e00000, 0x0000000800000000)
  region size 2048K, 74 young (151552K), 7 survivors (14336K)
 Metaspace       used 78043K, committed 78336K, reserved 1179648K
  class space    used 8066K, committed 8192K, reserved 1048576K
}
Event: 10.876 GC heap after
{Heap after GC invocations=31 (full 0):
 garbage-first heap   total 337920K, used 186188K [0x0000000702e00000, 0x0000000800000000)
  region size 2048K, 10 young (20480K), 10 survivors (20480K)
 Metaspace       used 78043K, committed 78336K, reserved 1179648K
  class space    used 8066K, committed 8192K, reserved 1048576K
}
Event: 11.599 GC heap before
{Heap before GC invocations=31 (full 0):
 garbage-first heap   total 337920K, used 298828K [0x0000000702e00000, 0x0000000800000000)
  region size 2048K, 65 young (133120K), 10 survivors (20480K)
 Metaspace       used 79153K, committed 79552K, reserved 1179648K
  class space    used 8146K, committed 8320K, reserved 1048576K
}
Event: 11.639 GC heap after
{Heap after GC invocations=32 (full 0):
 garbage-first heap   total 360448K, used 219803K [0x0000000702e00000, 0x0000000800000000)
  region size 2048K, 9 young (18432K), 9 survivors (18432K)
 Metaspace       used 79153K, committed 79552K, reserved 1179648K
  class space    used 8146K, committed 8320K, reserved 1048576K
}
Event: 12.290 GC heap before
{Heap before GC invocations=32 (full 0):
 garbage-first heap   total 360448K, used 311963K [0x0000000702e00000, 0x0000000800000000)
  region size 2048K, 54 young (110592K), 9 survivors (18432K)
 Metaspace       used 83080K, committed 83520K, reserved 1179648K
  class space    used 8535K, committed 8704K, reserved 1048576K
}
Event: 12.303 GC heap after
{Heap after GC invocations=33 (full 0):
 garbage-first heap   total 360448K, used 231003K [0x0000000702e00000, 0x0000000800000000)
  region size 2048K, 4 young (8192K), 4 survivors (8192K)
 Metaspace       used 83080K, committed 83520K, reserved 1179648K
  class space    used 8535K, committed 8704K, reserved 1048576K
}

