# JRE version: OpenJDK Runtime Environment (21.0.3) (build 21.0.3+-12282718-b509.11)
# Java VM: OpenJDK 64-Bit Server VM (21.0.3+-12282718-b509.11, mixed mode, tiered, compressed oops, compressed class ptrs, g1 gc, windows-amd64)
GC Precious Log:
 CardTable entry size: 512
 Card Set container configuration: InlinePtr #cards 4 size 8 Array Of Cards #cards 16 size 48 Howl #buckets 8 coarsen threshold 3686 Howl Bitmap #cards 512 size 80 coarsen threshold 460 Card regions per heap region 1 cards per card region 4096
 CPUs: 12 total, 12 available
 Memory: 16197M
 Large Page Support: Disabled
 NUMA Support: Disabled
 Compressed Oops: Enabled (Zero based)
 Heap Region Size: 2M
 Heap Min Capacity: 8M
 Heap Initial Capacity: 254M
 Heap Max Capacity: 4050M
 Pre-touch: Disabled
 Parallel Workers: 10
 Concurrent Workers: 3
 Concurrent Refinement Workers: 10
 Periodic GC: Disabled
Heap:
 garbage-first heap   total 155648K, used 120358K [0x0000000702e00000, 0x0000000800000000)
  region size 2048K, 32 young (65536K), 4 survivors (8192K)
 Metaspace       used 47988K, committed 48320K, reserved 1114112K
  class space    used 5414K, committed 5568K, reserved 1048576K
GC Heap History (20 events):
Event: 0.351 GC heap after
{Heap after GC invocations=1 (full 0):
 garbage-first heap   total 260096K, used 6997K [0x0000000702e00000, 0x0000000800000000)
  region size 2048K, 2 young (4096K), 2 survivors (4096K)
 Metaspace       used 14015K, committed 14144K, reserved 1114112K
  class space    used 1369K, committed 1472K, reserved 1048576K
}
Event: 0.554 GC heap before
{Heap before GC invocations=1 (full 0):
 garbage-first heap   total 260096K, used 27477K [0x0000000702e00000, 0x0000000800000000)
  region size 2048K, 13 young (26624K), 2 survivors (4096K)
 Metaspace       used 21243K, committed 21504K, reserved 1114112K
  class space    used 2203K, committed 2368K, reserved 1048576K
}
Event: 0.556 GC heap after
{Heap after GC invocations=2 (full 0):
 garbage-first heap   total 260096K, used 8072K [0x0000000702e00000, 0x0000000800000000)
  region size 2048K, 2 young (4096K), 2 survivors (4096K)
 Metaspace       used 21243K, committed 21504K, reserved 1114112K
  class space    used 2203K, committed 2368K, reserved 1048576K
}
Event: 0.668 GC heap before
{Heap before GC invocations=3 (full 0):
 garbage-first heap   total 34816K, used 34696K [0x0000000702e00000, 0x0000000800000000)
  region size 2048K, 15 young (30720K), 2 survivors (4096K)
 Metaspace       used 22151K, committed 22400K, reserved 1114112K
  class space    used 2340K, committed 2432K, reserved 1048576K
}
Event: 0.675 GC heap after
{Heap after GC invocations=4 (full 0):
 garbage-first heap   total 51200K, used 20431K [0x0000000702e00000, 0x0000000800000000)
  region size 2048K, 5 young (10240K), 5 survivors (10240K)
 Metaspace       used 22151K, committed 22400K, reserved 1114112K
  class space    used 2340K, committed 2432K, reserved 1048576K
}
Event: 0.832 GC heap before
{Heap before GC invocations=4 (full 0):
 garbage-first heap   total 51200K, used 36815K [0x0000000702e00000, 0x0000000800000000)
  region size 2048K, 13 young (26624K), 5 survivors (10240K)
 Metaspace       used 25138K, committed 25344K, reserved 1114112K
  class space    used 2686K, committed 2752K, reserved 1048576K
}
Event: 0.837 GC heap after
{Heap after GC invocations=5 (full 0):
 garbage-first heap   total 51200K, used 23690K [0x0000000702e00000, 0x0000000800000000)
  region size 2048K, 1 young (2048K), 1 survivors (2048K)
 Metaspace       used 25138K, committed 25344K, reserved 1114112K
  class space    used 2686K, committed 2752K, reserved 1048576K
}
Event: 0.980 GC heap before
{Heap before GC invocations=5 (full 0):
 garbage-first heap   total 51200K, used 38026K [0x0000000702e00000, 0x0000000800000000)
  region size 2048K, 8 young (16384K), 1 survivors (2048K)
 Metaspace       used 29888K, committed 30208K, reserved 1114112K
  class space    used 3696K, committed 3840K, reserved 1048576K
}
Event: 0.982 GC heap after
{Heap after GC invocations=6 (full 0):
 garbage-first heap   total 51200K, used 24263K [0x0000000702e00000, 0x0000000800000000)
  region size 2048K, 1 young (2048K), 1 survivors (2048K)
 Metaspace       used 29888K, committed 30208K, reserved 1114112K
  class space    used 3696K, committed 3840K, reserved 1048576K
}
Event: 1.090 GC heap before
{Heap before GC invocations=6 (full 0):
 garbage-first heap   total 51200K, used 36551K [0x0000000702e00000, 0x0000000800000000)
  region size 2048K, 8 young (16384K), 1 survivors (2048K)
 Metaspace       used 33003K, committed 33280K, reserved 1114112K
  class space    used 4019K, committed 4160K, reserved 1048576K
}
Event: 1.092 GC heap after
{Heap after GC invocations=7 (full 0):
 garbage-first heap   total 51200K, used 25710K [0x0000000702e00000, 0x0000000800000000)
  region size 2048K, 1 young (2048K), 1 survivors (2048K)
 Metaspace       used 33003K, committed 33280K, reserved 1114112K
  class space    used 4019K, committed 4160K, reserved 1048576K
}
Event: 1.225 GC heap before
{Heap before GC invocations=8 (full 0):
 garbage-first heap   total 51200K, used 42094K [0x0000000702e00000, 0x0000000800000000)
  region size 2048K, 9 young (18432K), 1 survivors (2048K)
 Metaspace       used 37271K, committed 37504K, reserved 1114112K
  class space    used 4441K, committed 4544K, reserved 1048576K
}
Event: 1.229 GC heap after
{Heap after GC invocations=9 (full 0):
 garbage-first heap   total 155648K, used 26257K [0x0000000702e00000, 0x0000000800000000)
  region size 2048K, 2 young (4096K), 2 survivors (4096K)
 Metaspace       used 37271K, committed 37504K, reserved 1114112K
  class space    used 4441K, committed 4544K, reserved 1048576K
}
Event: 1.847 GC heap before
{Heap before GC invocations=9 (full 0):
 garbage-first heap   total 155648K, used 112273K [0x0000000702e00000, 0x0000000800000000)
  region size 2048K, 45 young (92160K), 2 survivors (4096K)
 Metaspace       used 41963K, committed 42240K, reserved 1114112K
  class space    used 4851K, committed 4992K, reserved 1048576K
}
Event: 1.865 GC heap after
{Heap after GC invocations=10 (full 0):
 garbage-first heap   total 155648K, used 48399K [0x0000000702e00000, 0x0000000800000000)
  region size 2048K, 6 young (12288K), 6 survivors (12288K)
 Metaspace       used 41963K, committed 42240K, reserved 1114112K
  class space    used 4851K, committed 4992K, reserved 1048576K
}
Event: 1.885 GC heap before
{Heap before GC invocations=10 (full 0):
 garbage-first heap   total 155648K, used 50447K [0x0000000702e00000, 0x0000000800000000)
  region size 2048K, 7 young (14336K), 6 survivors (12288K)
 Metaspace       used 42435K, committed 42688K, reserved 1114112K
  class space    used 4889K, committed 4992K, reserved 1048576K
}
Event: 1.896 GC heap after
{Heap after GC invocations=11 (full 0):
 garbage-first heap   total 155648K, used 51799K [0x0000000702e00000, 0x0000000800000000)
  region size 2048K, 1 young (2048K), 1 survivors (2048K)
 Metaspace       used 42435K, committed 42688K, reserved 1114112K
  class space    used 4889K, committed 4992K, reserved 1048576K
}
Event: 2.400 GC heap before
{Heap before GC invocations=11 (full 0):
 garbage-first heap   total 155648K, used 111191K [0x0000000702e00000, 0x0000000800000000)
  region size 2048K, 31 young (63488K), 1 survivors (2048K)
 Metaspace       used 47337K, committed 47552K, reserved 1114112K
  class space    used 5378K, committed 5504K, reserved 1048576K
}
Event: 2.408 GC heap after
{Heap after GC invocations=12 (full 0):
 garbage-first heap   total 155648K, used 63014K [0x0000000702e00000, 0x0000000800000000)
  region size 2048K, 4 young (8192K), 4 survivors (8192K)
 Metaspace       used 47337K, committed 47552K, reserved 1114112K
  class space    used 5378K, committed 5504K, reserved 1048576K
}
Event: 2.562 GC heap before
{Heap before GC invocations=12 (full 0):
 garbage-first heap   total 155648K, used 120358K [0x0000000702e00000, 0x0000000800000000)
  region size 2048K, 32 young (65536K), 4 survivors (8192K)
 Metaspace       used 47988K, committed 48320K, reserved 1114112K
  class space    used 5414K, committed 5568K, reserved 1048576K
}

