# JRE version: OpenJDK Runtime Environment (21.0.3) (build 21.0.3+-12282718-b509.11)
# Java VM: OpenJDK 64-Bit Server VM (21.0.3+-12282718-b509.11, mixed mode, tiered, compressed oops, compressed class ptrs, g1 gc, windows-amd64)
GC Precious Log:
 CardTable entry size: 512
 Card Set container configuration: InlinePtr #cards 4 size 8 Array Of Cards #cards 16 size 48 Howl #buckets 8 coarsen threshold 3686 Howl Bitmap #cards 512 size 80 coarsen threshold 460 Card regions per heap region 1 cards per card region 4096
 CPUs: 12 total, 12 available
 Memory: 16197M
 Large Page Support: Disabled
 NUMA Support: Disabled
 Compressed Oops: Enabled (Zero based)
 Heap Region Size: 2M
 Heap Min Capacity: 8M
 Heap Initial Capacity: 254M
 Heap Max Capacity: 4050M
 Pre-touch: Disabled
 Parallel Workers: 10
 Concurrent Workers: 3
 Concurrent Refinement Workers: 10
 Periodic GC: Disabled
Heap:
 garbage-first heap   total 106496K, used 74752K [0x0000000702e00000, 0x0000000800000000)
  region size 2048K, 9 young (18432K), 3 survivors (6144K)
 Metaspace       used 47628K, committed 47872K, reserved 1114112K
  class space    used 5405K, committed 5504K, reserved 1048576K
GC Heap History (20 events):
Event: 0.602 GC heap before
{Heap before GC invocations=1 (full 0):
 garbage-first heap   total 260096K, used 29525K [0x0000000702e00000, 0x0000000800000000)
  region size 2048K, 14 young (28672K), 2 survivors (4096K)
 Metaspace       used 21241K, committed 21504K, reserved 1114112K
  class space    used 2206K, committed 2368K, reserved 1048576K
}
Event: 0.605 GC heap after
{Heap after GC invocations=2 (full 0):
 garbage-first heap   total 260096K, used 8092K [0x0000000702e00000, 0x0000000800000000)
  region size 2048K, 2 young (4096K), 2 survivors (4096K)
 Metaspace       used 21241K, committed 21504K, reserved 1114112K
  class space    used 2206K, committed 2368K, reserved 1048576K
}
Event: 0.859 GC heap before
{Heap before GC invocations=3 (full 0):
 garbage-first heap   total 34816K, used 34716K [0x0000000702e00000, 0x0000000800000000)
  region size 2048K, 15 young (30720K), 2 survivors (4096K)
 Metaspace       used 23157K, committed 23424K, reserved 1114112K
  class space    used 2491K, committed 2624K, reserved 1048576K
}
Event: 0.866 GC heap after
{Heap after GC invocations=4 (full 0):
 garbage-first heap   total 51200K, used 18965K [0x0000000702e00000, 0x0000000800000000)
  region size 2048K, 8 young (16384K), 8 survivors (16384K)
 Metaspace       used 23157K, committed 23424K, reserved 1114112K
  class space    used 2491K, committed 2624K, reserved 1048576K
}
Event: 0.966 GC heap before
{Heap before GC invocations=4 (full 0):
 garbage-first heap   total 51200K, used 29205K [0x0000000702e00000, 0x0000000800000000)
  region size 2048K, 13 young (26624K), 8 survivors (16384K)
 Metaspace       used 25647K, committed 25856K, reserved 1114112K
  class space    used 2738K, committed 2816K, reserved 1048576K
}
Event: 0.972 GC heap after
{Heap after GC invocations=5 (full 0):
 garbage-first heap   total 51200K, used 20480K [0x0000000702e00000, 0x0000000800000000)
  region size 2048K, 1 young (2048K), 1 survivors (2048K)
 Metaspace       used 25647K, committed 25856K, reserved 1114112K
  class space    used 2738K, committed 2816K, reserved 1048576K
}
Event: 1.157 GC heap before
{Heap before GC invocations=5 (full 0):
 garbage-first heap   total 51200K, used 38912K [0x0000000702e00000, 0x0000000800000000)
  region size 2048K, 10 young (20480K), 1 survivors (2048K)
 Metaspace       used 31018K, committed 31296K, reserved 1114112K
  class space    used 3812K, committed 3968K, reserved 1048576K
}
Event: 1.159 GC heap after
{Heap after GC invocations=6 (full 0):
 garbage-first heap   total 51200K, used 21114K [0x0000000702e00000, 0x0000000800000000)
  region size 2048K, 2 young (4096K), 2 survivors (4096K)
 Metaspace       used 31018K, committed 31296K, reserved 1114112K
  class space    used 3812K, committed 3968K, reserved 1048576K
}
Event: 1.300 GC heap before
{Heap before GC invocations=6 (full 0):
 garbage-first heap   total 51200K, used 39546K [0x0000000702e00000, 0x0000000800000000)
  region size 2048K, 11 young (22528K), 2 survivors (4096K)
 Metaspace       used 35356K, committed 35584K, reserved 1114112K
  class space    used 4269K, committed 4416K, reserved 1048576K
}
Event: 1.303 GC heap after
{Heap after GC invocations=7 (full 0):
 garbage-first heap   total 51200K, used 21974K [0x0000000702e00000, 0x0000000800000000)
  region size 2048K, 2 young (4096K), 2 survivors (4096K)
 Metaspace       used 35356K, committed 35584K, reserved 1114112K
  class space    used 4269K, committed 4416K, reserved 1048576K
}
Event: 1.319 GC heap before
{Heap before GC invocations=7 (full 0):
 garbage-first heap   total 51200K, used 21974K [0x0000000702e00000, 0x0000000800000000)
  region size 2048K, 3 young (6144K), 2 survivors (4096K)
 Metaspace       used 35731K, committed 35968K, reserved 1114112K
  class space    used 4313K, committed 4416K, reserved 1048576K
}
Event: 1.321 GC heap after
{Heap after GC invocations=8 (full 0):
 garbage-first heap   total 155648K, used 22383K [0x0000000702e00000, 0x0000000800000000)
  region size 2048K, 1 young (2048K), 1 survivors (2048K)
 Metaspace       used 35731K, committed 35968K, reserved 1114112K
  class space    used 4313K, committed 4416K, reserved 1048576K
}
Event: 1.901 GC heap before
{Heap before GC invocations=9 (full 0):
 garbage-first heap   total 90112K, used 85871K [0x0000000702e00000, 0x0000000800000000)
  region size 2048K, 33 young (67584K), 1 survivors (2048K)
 Metaspace       used 42568K, committed 42816K, reserved 1114112K
  class space    used 4947K, committed 5056K, reserved 1048576K
}
Event: 1.918 GC heap after
{Heap after GC invocations=10 (full 0):
 garbage-first heap   total 106496K, used 35949K [0x0000000702e00000, 0x0000000800000000)
  region size 2048K, 6 young (12288K), 6 survivors (12288K)
 Metaspace       used 42568K, committed 42816K, reserved 1114112K
  class space    used 4947K, committed 5056K, reserved 1048576K
}
Event: 2.256 GC heap before
{Heap before GC invocations=10 (full 0):
 garbage-first heap   total 106496K, used 72813K [0x0000000702e00000, 0x0000000800000000)
  region size 2048K, 24 young (49152K), 6 survivors (12288K)
 Metaspace       used 46558K, committed 46784K, reserved 1114112K
  class space    used 5348K, committed 5440K, reserved 1048576K
}
Event: 2.271 GC heap after
{Heap after GC invocations=11 (full 0):
 garbage-first heap   total 106496K, used 43833K [0x0000000702e00000, 0x0000000800000000)
  region size 2048K, 3 young (6144K), 3 survivors (6144K)
 Metaspace       used 46558K, committed 46784K, reserved 1114112K
  class space    used 5348K, committed 5440K, reserved 1048576K
}
Event: 2.412 GC heap before
{Heap before GC invocations=11 (full 0):
 garbage-first heap   total 106496K, used 78649K [0x0000000702e00000, 0x0000000800000000)
  region size 2048K, 20 young (40960K), 3 survivors (6144K)
 Metaspace       used 47235K, committed 47488K, reserved 1114112K
  class space    used 5391K, committed 5504K, reserved 1048576K
}
Event: 2.423 GC heap after
{Heap after GC invocations=12 (full 0):
 garbage-first heap   total 106496K, used 55296K [0x0000000702e00000, 0x0000000800000000)
  region size 2048K, 3 young (6144K), 3 survivors (6144K)
 Metaspace       used 47235K, committed 47488K, reserved 1114112K
  class space    used 5391K, committed 5504K, reserved 1048576K
}
Event: 2.589 GC heap before
{Heap before GC invocations=12 (full 0):
 garbage-first heap   total 106496K, used 83968K [0x0000000702e00000, 0x0000000800000000)
  region size 2048K, 17 young (34816K), 3 survivors (6144K)
 Metaspace       used 47488K, committed 47744K, reserved 1114112K
  class space    used 5399K, committed 5504K, reserved 1048576K
}
Event: 2.596 GC heap after
{Heap after GC invocations=13 (full 0):
 garbage-first heap   total 106496K, used 64512K [0x0000000702e00000, 0x0000000800000000)
  region size 2048K, 3 young (6144K), 3 survivors (6144K)
 Metaspace       used 47488K, committed 47744K, reserved 1114112K
  class space    used 5399K, committed 5504K, reserved 1048576K
}

