# JRE version: OpenJDK Runtime Environment (21.0.3) (build 21.0.3+-12282718-b509.11)
# Java VM: OpenJDK 64-Bit Server VM (21.0.3+-12282718-b509.11, mixed mode, tiered, compressed oops, compressed class ptrs, g1 gc, windows-amd64)
GC Precious Log:
 CardTable entry size: 512
 Card Set container configuration: InlinePtr #cards 4 size 8 Array Of Cards #cards 16 size 48 Howl #buckets 8 coarsen threshold 3686 Howl Bitmap #cards 512 size 80 coarsen threshold 460 Card regions per heap region 1 cards per card region 4096
 CPUs: 12 total, 12 available
 Memory: 16197M
 Large Page Support: Disabled
 NUMA Support: Disabled
 Compressed Oops: Enabled (Zero based)
 Heap Region Size: 2M
 Heap Min Capacity: 8M
 Heap Initial Capacity: 254M
 Heap Max Capacity: 4050M
 Pre-touch: Disabled
 Parallel Workers: 10
 Concurrent Workers: 3
 Concurrent Refinement Workers: 10
 Periodic GC: Disabled
Heap:
 garbage-first heap   total 270336K, used 243278K [0x0000000702e00000, 0x0000000800000000)
  region size 2048K, 48 young (98304K), 6 survivors (12288K)
 Metaspace       used 62914K, committed 63232K, reserved 1114112K
  class space    used 6835K, committed 6976K, reserved 1048576K
GC Heap History (20 events):
Event: 4.278 GC heap after
{Heap after GC invocations=16 (full 0):
 garbage-first heap   total 206848K, used 102135K [0x0000000702e00000, 0x0000000800000000)
  region size 2048K, 5 young (10240K), 5 survivors (10240K)
 Metaspace       used 56464K, committed 56704K, reserved 1114112K
  class space    used 6417K, committed 6528K, reserved 1048576K
}
Event: 4.934 GC heap before
{Heap before GC invocations=16 (full 0):
 garbage-first heap   total 206848K, used 163575K [0x0000000702e00000, 0x0000000800000000)
  region size 2048K, 35 young (71680K), 5 survivors (10240K)
 Metaspace       used 58532K, committed 58880K, reserved 1114112K
  class space    used 6527K, committed 6656K, reserved 1048576K
}
Event: 4.946 GC heap after
{Heap after GC invocations=17 (full 0):
 garbage-first heap   total 206848K, used 112640K [0x0000000702e00000, 0x0000000800000000)
  region size 2048K, 5 young (10240K), 5 survivors (10240K)
 Metaspace       used 58532K, committed 58880K, reserved 1114112K
  class space    used 6527K, committed 6656K, reserved 1048576K
}
Event: 5.626 GC heap before
{Heap before GC invocations=17 (full 0):
 garbage-first heap   total 206848K, used 172032K [0x0000000702e00000, 0x0000000800000000)
  region size 2048K, 34 young (69632K), 5 survivors (10240K)
 Metaspace       used 59045K, committed 59328K, reserved 1114112K
  class space    used 6531K, committed 6656K, reserved 1048576K
}
Event: 5.638 GC heap after
{Heap after GC invocations=18 (full 0):
 garbage-first heap   total 206848K, used 124455K [0x0000000702e00000, 0x0000000800000000)
  region size 2048K, 5 young (10240K), 5 survivors (10240K)
 Metaspace       used 59045K, committed 59328K, reserved 1114112K
  class space    used 6531K, committed 6656K, reserved 1048576K
}
Event: 6.073 GC heap before
{Heap before GC invocations=19 (full 0):
 garbage-first heap   total 215040K, used 175655K [0x0000000702e00000, 0x0000000800000000)
  region size 2048K, 30 young (61440K), 5 survivors (10240K)
 Metaspace       used 59512K, committed 59840K, reserved 1114112K
  class space    used 6574K, committed 6720K, reserved 1048576K
}
Event: 6.078 GC heap after
{Heap after GC invocations=20 (full 0):
 garbage-first heap   total 215040K, used 128490K [0x0000000702e00000, 0x0000000800000000)
  region size 2048K, 2 young (4096K), 2 survivors (4096K)
 Metaspace       used 59512K, committed 59840K, reserved 1114112K
  class space    used 6574K, committed 6720K, reserved 1048576K
}
Event: 6.447 GC heap before
{Heap before GC invocations=20 (full 0):
 garbage-first heap   total 215040K, used 185834K [0x0000000702e00000, 0x0000000800000000)
  region size 2048K, 30 young (61440K), 2 survivors (4096K)
 Metaspace       used 59800K, committed 60096K, reserved 1114112K
  class space    used 6589K, committed 6720K, reserved 1048576K
}
Event: 6.453 GC heap after
{Heap after GC invocations=21 (full 0):
 garbage-first heap   total 215040K, used 131830K [0x0000000702e00000, 0x0000000800000000)
  region size 2048K, 4 young (8192K), 4 survivors (8192K)
 Metaspace       used 59800K, committed 60096K, reserved 1114112K
  class space    used 6589K, committed 6720K, reserved 1048576K
}
Event: 6.873 GC heap before
{Heap before GC invocations=21 (full 0):
 garbage-first heap   total 215040K, used 189174K [0x0000000702e00000, 0x0000000800000000)
  region size 2048K, 32 young (65536K), 4 survivors (8192K)
 Metaspace       used 60229K, committed 60544K, reserved 1114112K
  class space    used 6619K, committed 6720K, reserved 1048576K
}
Event: 6.878 GC heap after
{Heap after GC invocations=22 (full 0):
 garbage-first heap   total 258048K, used 136147K [0x0000000702e00000, 0x0000000800000000)
  region size 2048K, 2 young (4096K), 2 survivors (4096K)
 Metaspace       used 60229K, committed 60544K, reserved 1114112K
  class space    used 6619K, committed 6720K, reserved 1048576K
}
Event: 7.427 GC heap before
{Heap before GC invocations=23 (full 0):
 garbage-first heap   total 258048K, used 222163K [0x0000000702e00000, 0x0000000800000000)
  region size 2048K, 44 young (90112K), 2 survivors (4096K)
 Metaspace       used 60521K, committed 60864K, reserved 1114112K
  class space    used 6629K, committed 6784K, reserved 1048576K
}
Event: 7.432 GC heap after
{Heap after GC invocations=24 (full 0):
 garbage-first heap   total 258048K, used 140979K [0x0000000702e00000, 0x0000000800000000)
  region size 2048K, 5 young (10240K), 5 survivors (10240K)
 Metaspace       used 60521K, committed 60864K, reserved 1114112K
  class space    used 6629K, committed 6784K, reserved 1048576K
}
Event: 7.918 GC heap before
{Heap before GC invocations=24 (full 0):
 garbage-first heap   total 258048K, used 226995K [0x0000000702e00000, 0x0000000800000000)
  region size 2048K, 47 young (96256K), 5 survivors (10240K)
 Metaspace       used 60808K, committed 61120K, reserved 1114112K
  class space    used 6643K, committed 6784K, reserved 1048576K
}
Event: 7.926 GC heap after
{Heap after GC invocations=25 (full 0):
 garbage-first heap   total 258048K, used 146723K [0x0000000702e00000, 0x0000000800000000)
  region size 2048K, 6 young (12288K), 6 survivors (12288K)
 Metaspace       used 60808K, committed 61120K, reserved 1114112K
  class space    used 6643K, committed 6784K, reserved 1048576K
}
Event: 8.361 GC heap before
{Heap before GC invocations=25 (full 0):
 garbage-first heap   total 258048K, used 230691K [0x0000000702e00000, 0x0000000800000000)
  region size 2048K, 47 young (96256K), 6 survivors (12288K)
 Metaspace       used 61032K, committed 61312K, reserved 1114112K
  class space    used 6653K, committed 6784K, reserved 1048576K
}
Event: 8.369 GC heap after
{Heap after GC invocations=26 (full 0):
 garbage-first heap   total 258048K, used 152033K [0x0000000702e00000, 0x0000000800000000)
  region size 2048K, 3 young (6144K), 3 survivors (6144K)
 Metaspace       used 61032K, committed 61312K, reserved 1114112K
  class space    used 6653K, committed 6784K, reserved 1048576K
}
Event: 8.851 GC heap before
{Heap before GC invocations=27 (full 0):
 garbage-first heap   total 270336K, used 233953K [0x0000000702e00000, 0x0000000800000000)
  region size 2048K, 43 young (88064K), 3 survivors (6144K)
 Metaspace       used 61145K, committed 61440K, reserved 1114112K
  class space    used 6658K, committed 6784K, reserved 1048576K
}
Event: 8.856 GC heap after
{Heap after GC invocations=28 (full 0):
 garbage-first heap   total 270336K, used 157262K [0x0000000702e00000, 0x0000000800000000)
  region size 2048K, 5 young (10240K), 5 survivors (10240K)
 Metaspace       used 61145K, committed 61440K, reserved 1114112K
  class space    used 6658K, committed 6784K, reserved 1048576K
}
Event: 9.415 GC heap before
{Heap before GC invocations=28 (full 0):
 garbage-first heap   total 270336K, used 243278K [0x0000000702e00000, 0x0000000800000000)
  region size 2048K, 47 young (96256K), 5 survivors (10240K)
 Metaspace       used 62914K, committed 63232K, reserved 1114112K
  class space    used 6835K, committed 6976K, reserved 1048576K
}

