# JRE version: OpenJDK Runtime Environment (21.0.3) (build 21.0.3+-12282718-b509.11)
# Java VM: OpenJDK 64-Bit Server VM (21.0.3+-12282718-b509.11, mixed mode, tiered, compressed oops, compressed class ptrs, g1 gc, windows-amd64)
GC Precious Log:
 CardTable entry size: 512
 Card Set container configuration: InlinePtr #cards 4 size 8 Array Of Cards #cards 16 size 48 Howl #buckets 8 coarsen threshold 3686 Howl Bitmap #cards 512 size 80 coarsen threshold 460 Card regions per heap region 1 cards per card region 4096
 CPUs: 12 total, 12 available
 Memory: 16197M
 Large Page Support: Disabled
 NUMA Support: Disabled
 Compressed Oops: Enabled (Zero based)
 Heap Region Size: 2M
 Heap Min Capacity: 8M
 Heap Initial Capacity: 254M
 Heap Max Capacity: 4050M
 Pre-touch: Disabled
 Parallel Workers: 10
 Concurrent Workers: 3
 Concurrent Refinement Workers: 10
 Periodic GC: Disabled
Heap:
 garbage-first heap   total 157696K, used 90876K [0x0000000702e00000, 0x0000000800000000)
  region size 2048K, 35 young (71680K), 2 survivors (4096K)
 Metaspace       used 40231K, committed 40512K, reserved 1114112K
  class space    used 4681K, committed 4800K, reserved 1048576K
GC Heap History (14 events):
Event: 0.346 GC heap before
{Heap before GC invocations=0 (full 0):
 garbage-first heap   total 260096K, used 24576K [0x0000000702e00000, 0x0000000800000000)
  region size 2048K, 11 young (22528K), 0 survivors (0K)
 Metaspace       used 14014K, committed 14144K, reserved 1114112K
  class space    used 1369K, committed 1472K, reserved 1048576K
}
Event: 0.348 GC heap after
{Heap after GC invocations=1 (full 0):
 garbage-first heap   total 260096K, used 6997K [0x0000000702e00000, 0x0000000800000000)
  region size 2048K, 2 young (4096K), 2 survivors (4096K)
 Metaspace       used 14014K, committed 14144K, reserved 1114112K
  class space    used 1369K, committed 1472K, reserved 1048576K
}
Event: 0.559 GC heap before
{Heap before GC invocations=1 (full 0):
 garbage-first heap   total 260096K, used 27477K [0x0000000702e00000, 0x0000000800000000)
  region size 2048K, 13 young (26624K), 2 survivors (4096K)
 Metaspace       used 21245K, committed 21504K, reserved 1114112K
  class space    used 2203K, committed 2368K, reserved 1048576K
}
Event: 0.561 GC heap after
{Heap after GC invocations=2 (full 0):
 garbage-first heap   total 260096K, used 8192K [0x0000000702e00000, 0x0000000800000000)
  region size 2048K, 2 young (4096K), 2 survivors (4096K)
 Metaspace       used 21245K, committed 21504K, reserved 1114112K
  class space    used 2203K, committed 2368K, reserved 1048576K
}
Event: 0.676 GC heap before
{Heap before GC invocations=3 (full 0):
 garbage-first heap   total 34816K, used 34816K [0x0000000702e00000, 0x0000000800000000)
  region size 2048K, 15 young (30720K), 2 survivors (4096K)
 Metaspace       used 22147K, committed 22400K, reserved 1114112K
  class space    used 2337K, committed 2432K, reserved 1048576K
}
Event: 0.683 GC heap after
{Heap after GC invocations=4 (full 0):
 garbage-first heap   total 53248K, used 20996K [0x0000000702e00000, 0x0000000800000000)
  region size 2048K, 5 young (10240K), 5 survivors (10240K)
 Metaspace       used 22147K, committed 22400K, reserved 1114112K
  class space    used 2337K, committed 2432K, reserved 1048576K
}
Event: 0.834 GC heap before
{Heap before GC invocations=4 (full 0):
 garbage-first heap   total 53248K, used 37380K [0x0000000702e00000, 0x0000000800000000)
  region size 2048K, 13 young (26624K), 5 survivors (10240K)
 Metaspace       used 24652K, committed 24832K, reserved 1114112K
  class space    used 2624K, committed 2688K, reserved 1048576K
}
Event: 0.841 GC heap after
{Heap after GC invocations=5 (full 0):
 garbage-first heap   total 53248K, used 24509K [0x0000000702e00000, 0x0000000800000000)
  region size 2048K, 2 young (4096K), 2 survivors (4096K)
 Metaspace       used 24652K, committed 24832K, reserved 1114112K
  class space    used 2624K, committed 2688K, reserved 1048576K
}
Event: 0.988 GC heap before
{Heap before GC invocations=5 (full 0):
 garbage-first heap   total 53248K, used 38845K [0x0000000702e00000, 0x0000000800000000)
  region size 2048K, 9 young (18432K), 2 survivors (4096K)
 Metaspace       used 29200K, committed 29440K, reserved 1114112K
  class space    used 3614K, committed 3712K, reserved 1048576K
}
Event: 0.991 GC heap after
{Heap after GC invocations=6 (full 0):
 garbage-first heap   total 53248K, used 25588K [0x0000000702e00000, 0x0000000800000000)
  region size 2048K, 1 young (2048K), 1 survivors (2048K)
 Metaspace       used 29200K, committed 29440K, reserved 1114112K
  class space    used 3614K, committed 3712K, reserved 1048576K
}
Event: 1.134 GC heap before
{Heap before GC invocations=6 (full 0):
 garbage-first heap   total 53248K, used 39924K [0x0000000702e00000, 0x0000000800000000)
  region size 2048K, 9 young (18432K), 1 survivors (2048K)
 Metaspace       used 32742K, committed 33024K, reserved 1114112K
  class space    used 3993K, committed 4160K, reserved 1048576K
}
Event: 1.137 GC heap after
{Heap after GC invocations=7 (full 0):
 garbage-first heap   total 53248K, used 26823K [0x0000000702e00000, 0x0000000800000000)
  region size 2048K, 2 young (4096K), 2 survivors (4096K)
 Metaspace       used 32742K, committed 33024K, reserved 1114112K
  class space    used 3993K, committed 4160K, reserved 1048576K
}
Event: 1.257 GC heap before
{Heap before GC invocations=8 (full 0):
 garbage-first heap   total 53248K, used 39111K [0x0000000702e00000, 0x0000000800000000)
  region size 2048K, 9 young (18432K), 2 survivors (4096K)
 Metaspace       used 36286K, committed 36608K, reserved 1114112K
  class space    used 4334K, committed 4480K, reserved 1048576K
}
Event: 1.260 GC heap after
{Heap after GC invocations=9 (full 0):
 garbage-first heap   total 157696K, used 27388K [0x0000000702e00000, 0x0000000800000000)
  region size 2048K, 2 young (4096K), 2 survivors (4096K)
 Metaspace       used 36286K, committed 36608K, reserved 1114112K
  class space    used 4334K, committed 4480K, reserved 1048576K
}

